<?xml version="1.0" encoding="UTF-8"?>
<coverage generated="1772538236711" clover="3.2.0">
  <project timestamp="1772538236711" name="All files">
    <metrics statements="256" coveredstatements="179" conditionals="160" coveredconditionals="101" methods="37" coveredmethods="28" elements="453" coveredelements="308" complexity="0" loc="256" ncloc="256" packages="2" files="7" classes="7"/>
    <package name="services">
      <metrics statements="218" coveredstatements="179" conditionals="138" coveredconditionals="101" methods="31" coveredmethods="28"/>
      <file name="authService.ts" path="/Users/ninanitzsche/aipm/gartenplaner-app/src/services/authService.ts">
        <metrics statements="18" coveredstatements="0" conditionals="10" coveredconditionals="0" methods="3" coveredmethods="0"/>
        <line num="13" count="0" type="stmt"/>
        <line num="15" count="0" type="cond" truecount="0" falsecount="2"/>
        <line num="16" count="0" type="stmt"/>
        <line num="20" count="0" type="stmt"/>
        <line num="25" count="0" type="cond" truecount="0" falsecount="2"/>
        <line num="26" count="0" type="stmt"/>
        <line num="30" count="0" type="stmt"/>
        <line num="34" count="0" type="cond" truecount="0" falsecount="2"/>
        <line num="35" count="0" type="stmt"/>
        <line num="44" count="0" type="stmt"/>
        <line num="48" count="0" type="cond" truecount="0" falsecount="2"/>
        <line num="50" count="0" type="cond" truecount="0" falsecount="2"/>
        <line num="51" count="0" type="stmt"/>
        <line num="53" count="0" type="stmt"/>
        <line num="62" count="0" type="stmt"/>
        <line num="64" count="0" type="stmt"/>
        <line num="65" count="0" type="stmt"/>
        <line num="67" count="0" type="stmt"/>
      </file>
      <file name="photoService.ts" path="/Users/ninanitzsche/aipm/gartenplaner-app/src/services/photoService.ts">
        <metrics statements="31" coveredstatements="31" conditionals="22" coveredconditionals="18" methods="5" coveredmethods="5"/>
        <line num="13" count="12" type="stmt"/>
        <line num="14" count="12" type="stmt"/>
        <line num="20" count="12" type="cond" truecount="2" falsecount="0"/>
        <line num="21" count="11" type="cond" truecount="2" falsecount="0"/>
        <line num="23" count="1" type="stmt"/>
        <line num="31" count="2" type="stmt"/>
        <line num="32" count="2" type="stmt"/>
        <line num="38" count="2" type="cond" truecount="2" falsecount="0"/>
        <line num="39" count="1" type="stmt"/>
        <line num="41" count="1" type="stmt"/>
        <line num="57" count="3" type="stmt"/>
        <line num="59" count="3" type="stmt"/>
        <line num="60" count="3" type="cond" truecount="4" falsecount="0"/>
        <line num="63" count="2" type="stmt"/>
        <line num="64" count="2" type="stmt"/>
        <line num="66" count="2" type="stmt"/>
        <line num="72" count="2" type="cond" truecount="2" falsecount="0"/>
        <line num="73" count="1" type="cond" truecount="1" falsecount="1"/>
        <line num="76" count="1" type="stmt"/>
        <line num="85" count="1" type="cond" truecount="1" falsecount="1"/>
        <line num="87" count="1" type="stmt"/>
        <line num="89" count="2" type="stmt"/>
        <line num="97" count="3" type="stmt"/>
        <line num="99" count="3" type="stmt"/>
        <line num="104" count="2" type="cond" truecount="2" falsecount="0"/>
        <line num="107" count="1" type="cond" truecount="1" falsecount="1"/>
        <line num="108" count="1" type="stmt"/>
        <line num="112" count="1" type="cond" truecount="1" falsecount="1"/>
        <line num="115" count="2" type="stmt"/>
        <line num="124" count="2" type="stmt"/>
        <line num="128" count="1" type="stmt"/>
      </file>
      <file name="plantService.ts" path="/Users/ninanitzsche/aipm/gartenplaner-app/src/services/plantService.ts">
        <metrics statements="61" coveredstatements="51" conditionals="44" coveredconditionals="37" methods="10" coveredmethods="10"/>
        <line num="23" count="18" type="stmt"/>
        <line num="28" count="18" type="cond" truecount="2" falsecount="0"/>
        <line num="29" count="3" type="stmt"/>
        <line num="33" count="18" type="cond" truecount="4" falsecount="0"/>
        <line num="34" count="3" type="stmt"/>
        <line num="35" count="15" type="cond" truecount="2" falsecount="0"/>
        <line num="37" count="2" type="stmt"/>
        <line num="41" count="18" type="cond" truecount="4" falsecount="0"/>
        <line num="42" count="3" type="stmt"/>
        <line num="43" count="15" type="cond" truecount="2" falsecount="0"/>
        <line num="45" count="2" type="stmt"/>
        <line num="49" count="18" type="cond" truecount="2" falsecount="0"/>
        <line num="50" count="2" type="stmt"/>
        <line num="54" count="18" type="cond" truecount="2" falsecount="0"/>
        <line num="55" count="3" type="stmt"/>
        <line num="58" count="18" type="stmt"/>
        <line num="60" count="18" type="stmt"/>
        <line num="62" count="17" type="cond" truecount="1" falsecount="1"/>
        <line num="63" count="0" type="stmt"/>
        <line num="64" count="0" type="stmt"/>
        <line num="67" count="17" type="cond" truecount="2" falsecount="0"/>
        <line num="74" count="4" type="stmt"/>
        <line num="80" count="4" type="cond" truecount="2" falsecount="0"/>
        <line num="81" count="1" type="stmt"/>
        <line num="82" count="1" type="stmt"/>
        <line num="85" count="3" type="stmt"/>
        <line num="92" count="6" type="stmt"/>
        <line num="94" count="6" type="cond" truecount="2" falsecount="0"/>
        <line num="95" count="1" type="stmt"/>
        <line num="98" count="5" type="stmt"/>
        <line num="109" count="5" type="cond" truecount="2" falsecount="0"/>
        <line num="110" count="1" type="stmt"/>
        <line num="111" count="1" type="stmt"/>
        <line num="114" count="4" type="stmt"/>
        <line num="121" count="4" type="stmt"/>
        <line num="128" count="4" type="cond" truecount="2" falsecount="0"/>
        <line num="129" count="1" type="stmt"/>
        <line num="130" count="1" type="stmt"/>
        <line num="133" count="3" type="stmt"/>
        <line num="140" count="6" type="stmt"/>
        <line num="145" count="5" type="cond" truecount="1" falsecount="1"/>
        <line num="146" count="0" type="stmt"/>
        <line num="147" count="0" type="stmt"/>
        <line num="155" count="5" type="stmt"/>
        <line num="161" count="4" type="cond" truecount="1" falsecount="1"/>
        <line num="162" count="0" type="stmt"/>
        <line num="163" count="0" type="stmt"/>
        <line num="166" count="4" type="cond" truecount="1" falsecount="1"/>
        <line num="173" count="5" type="stmt"/>
        <line num="179" count="4" type="cond" truecount="1" falsecount="1"/>
        <line num="180" count="0" type="stmt"/>
        <line num="181" count="0" type="stmt"/>
        <line num="184" count="4" type="cond" truecount="1" falsecount="1"/>
        <line num="191" count="7" type="stmt"/>
        <line num="196" count="6" type="cond" truecount="1" falsecount="1"/>
        <line num="197" count="0" type="stmt"/>
        <line num="198" count="0" type="stmt"/>
        <line num="201" count="6" type="stmt"/>
        <line num="202" count="14" type="stmt"/>
        <line num="203" count="14" type="cond" truecount="2" falsecount="0"/>
        <line num="206" count="6" type="stmt"/>
      </file>
      <file name="seedDataService.ts" path="/Users/ninanitzsche/aipm/gartenplaner-app/src/services/seedDataService.ts">
        <metrics statements="53" coveredstatements="51" conditionals="26" coveredconditionals="20" methods="6" coveredmethods="6"/>
        <line num="15" count="1" type="stmt"/>
        <line num="27" count="7" type="stmt"/>
        <line num="28" count="7" type="stmt"/>
        <line num="29" count="6" type="stmt"/>
        <line num="31" count="1" type="stmt"/>
        <line num="32" count="1" type="stmt"/>
        <line num="40" count="18" type="stmt"/>
        <line num="41" count="18" type="stmt"/>
        <line num="43" count="1" type="stmt"/>
        <line num="44" count="1" type="stmt"/>
        <line num="59" count="16" type="stmt"/>
        <line num="60" count="16" type="stmt"/>
        <line num="62" count="16" type="cond" truecount="2" falsecount="0"/>
        <line num="63" count="4" type="stmt"/>
        <line num="66" count="12" type="stmt"/>
        <line num="67" count="12" type="stmt"/>
        <line num="68" count="12" type="stmt"/>
        <line num="71" count="12" type="stmt"/>
        <line num="72" count="36" type="stmt"/>
        <line num="74" count="36" type="cond" truecount="2" falsecount="0"/>
        <line num="75" count="3" type="stmt"/>
        <line num="83" count="36" type="stmt"/>
        <line num="97" count="36" type="cond" truecount="1" falsecount="1"/>
        <line num="98" count="0" type="stmt"/>
        <line num="101" count="36" type="stmt"/>
        <line num="106" count="12" type="stmt"/>
        <line num="108" count="12" type="cond" truecount="2" falsecount="0"/>
        <line num="109" count="1" type="stmt"/>
        <line num="116" count="12" type="cond" truecount="1" falsecount="1"/>
        <line num="120" count="12" type="stmt"/>
        <line num="122" count="12" type="stmt"/>
        <line num="127" count="4" type="stmt"/>
        <line num="128" count="4" type="stmt"/>
        <line num="141" count="6" type="stmt"/>
        <line num="142" count="6" type="stmt"/>
        <line num="144" count="6" type="cond" truecount="2" falsecount="0"/>
        <line num="145" count="1" type="stmt"/>
        <line num="148" count="5" type="stmt"/>
        <line num="149" count="15" type="stmt"/>
        <line num="156" count="5" type="stmt"/>
        <line num="164" count="4" type="cond" truecount="1" falsecount="1"/>
        <line num="165" count="0" type="stmt"/>
        <line num="169" count="4" type="stmt"/>
        <line num="171" count="4" type="cond" truecount="1" falsecount="1"/>
        <line num="172" count="4" type="stmt"/>
        <line num="174" count="4" type="stmt"/>
        <line num="179" count="2" type="stmt"/>
        <line num="180" count="2" type="stmt"/>
        <line num="192" count="3" type="stmt"/>
        <line num="193" count="3" type="stmt"/>
        <line num="194" count="2" type="stmt"/>
        <line num="196" count="1" type="stmt"/>
        <line num="197" count="1" type="stmt"/>
      </file>
      <file name="shoppingService.ts" path="/Users/ninanitzsche/aipm/gartenplaner-app/src/services/shoppingService.ts">
        <metrics statements="50" coveredstatements="46" conditionals="28" coveredconditionals="26" methods="7" coveredmethods="7"/>
        <line num="19" count="25" type="stmt"/>
        <line num="24" count="25" type="cond" truecount="2" falsecount="0"/>
        <line num="25" count="3" type="stmt"/>
        <line num="28" count="25" type="cond" truecount="2" falsecount="0"/>
        <line num="29" count="3" type="stmt"/>
        <line num="32" count="25" type="cond" truecount="2" falsecount="0"/>
        <line num="33" count="3" type="stmt"/>
        <line num="36" count="25" type="cond" truecount="2" falsecount="0"/>
        <line num="37" count="5" type="stmt"/>
        <line num="40" count="25" type="stmt"/>
        <line num="42" count="25" type="stmt"/>
        <line num="44" count="24" type="cond" truecount="1" falsecount="1"/>
        <line num="45" count="0" type="stmt"/>
        <line num="46" count="0" type="stmt"/>
        <line num="49" count="24" type="cond" truecount="2" falsecount="0"/>
        <line num="56" count="4" type="stmt"/>
        <line num="62" count="4" type="cond" truecount="2" falsecount="0"/>
        <line num="63" count="1" type="stmt"/>
        <line num="64" count="1" type="stmt"/>
        <line num="67" count="3" type="stmt"/>
        <line num="74" count="7" type="stmt"/>
        <line num="76" count="7" type="cond" truecount="2" falsecount="0"/>
        <line num="77" count="1" type="stmt"/>
        <line num="80" count="6" type="stmt"/>
        <line num="91" count="6" type="cond" truecount="2" falsecount="0"/>
        <line num="92" count="1" type="stmt"/>
        <line num="93" count="1" type="stmt"/>
        <line num="96" count="5" type="stmt"/>
        <line num="103" count="5" type="stmt"/>
        <line num="110" count="5" type="cond" truecount="2" falsecount="0"/>
        <line num="111" count="1" type="stmt"/>
        <line num="112" count="1" type="stmt"/>
        <line num="115" count="4" type="stmt"/>
        <line num="122" count="4" type="stmt"/>
        <line num="127" count="3" type="cond" truecount="1" falsecount="1"/>
        <line num="128" count="0" type="stmt"/>
        <line num="129" count="0" type="stmt"/>
        <line num="137" count="6" type="stmt"/>
        <line num="142" count="6" type="cond" truecount="2" falsecount="0"/>
        <line num="143" count="3" type="stmt"/>
        <line num="146" count="6" type="stmt"/>
        <line num="153" count="6" type="cond" truecount="2" falsecount="0"/>
        <line num="154" count="1" type="stmt"/>
        <line num="155" count="1" type="stmt"/>
        <line num="158" count="5" type="stmt"/>
        <line num="165" count="5" type="stmt"/>
        <line num="176" count="5" type="cond" truecount="2" falsecount="0"/>
        <line num="177" count="1" type="stmt"/>
        <line num="178" count="1" type="stmt"/>
        <line num="181" count="4" type="stmt"/>
      </file>
      <file name="supabase.ts" path="/Users/ninanitzsche/aipm/gartenplaner-app/src/services/supabase.ts">
        <metrics statements="5" coveredstatements="0" conditionals="8" coveredconditionals="0" methods="0" coveredmethods="0"/>
        <line num="5" count="0" type="cond" truecount="0" falsecount="2"/>
        <line num="6" count="0" type="cond" truecount="0" falsecount="2"/>
        <line num="8" count="0" type="cond" truecount="0" falsecount="4"/>
        <line num="9" count="0" type="stmt"/>
        <line num="12" count="0" type="stmt"/>
      </file>
    </package>
    <package name="utils">
      <metrics statements="38" coveredstatements="0" conditionals="22" coveredconditionals="0" methods="6" coveredmethods="0"/>
      <file name="seedData.ts" path="/Users/ninanitzsche/aipm/gartenplaner-app/src/utils/seedData.ts">
        <metrics statements="38" coveredstatements="0" conditionals="22" coveredconditionals="0" methods="6" coveredmethods="0"/>
        <line num="35" count="0" type="stmt"/>
        <line num="115" count="0" type="stmt"/>
        <line num="574" count="0" type="stmt"/>
        <line num="576" count="0" type="cond" truecount="0" falsecount="2"/>
        <line num="577" count="0" type="stmt"/>
        <line num="580" count="0" type="stmt"/>
        <line num="582" count="0" type="stmt"/>
        <line num="589" count="0" type="stmt"/>
        <line num="596" count="0" type="stmt"/>
        <line num="600" count="0" type="stmt"/>
        <line num="611" count="0" type="cond" truecount="0" falsecount="2"/>
        <line num="612" count="0" type="stmt"/>
        <line num="613" count="0" type="stmt"/>
        <line num="616" count="0" type="cond" truecount="0" falsecount="2"/>
        <line num="617" count="0" type="stmt"/>
        <line num="618" count="0" type="stmt"/>
        <line num="620" count="0" type="stmt"/>
        <line num="627" count="0" type="stmt"/>
        <line num="628" count="0" type="stmt"/>
        <line num="639" count="0" type="stmt"/>
        <line num="641" count="0" type="cond" truecount="0" falsecount="2"/>
        <line num="642" count="0" type="stmt"/>
        <line num="645" count="0" type="stmt"/>
        <line num="646" count="0" type="cond" truecount="0" falsecount="2"/>
        <line num="647" count="0" type="cond" truecount="0" falsecount="2"/>
        <line num="650" count="0" type="stmt"/>
        <line num="651" count="0" type="stmt"/>
        <line num="653" count="0" type="stmt"/>
        <line num="654" count="0" type="stmt"/>
        <line num="656" count="0" type="cond" truecount="0" falsecount="2"/>
        <line num="657" count="0" type="stmt"/>
        <line num="660" count="0" type="stmt"/>
        <line num="661" count="0" type="stmt"/>
        <line num="668" count="0" type="cond" truecount="0" falsecount="2"/>
        <line num="669" count="0" type="stmt"/>
        <line num="671" count="0" type="stmt"/>
        <line num="674" count="0" type="stmt"/>
        <line num="678" count="0" type="stmt"/>
      </file>
    </package>
  </project>
</coverage>
