{"/Users/ninanitzsche/aipm/gartenplaner-app/src/services/aiIntegrationService.ts": {"path":"/Users/ninanitzsche/aipm/gartenplaner-app/src/services/aiIntegrationService.ts","statementMap":{"0":{"start":{"line":21,"column":20},"end":{"line":21,"column":48}},"1":{"start":{"line":23,"column":17},"end":{"line":23,"column":80}},"2":{"start":{"line":24,"column":2},"end":{"line":26,"column":3}},"3":{"start":{"line":25,"column":4},"end":{"line":25,"column":23}},"4":{"start":{"line":28,"column":25},"end":{"line":28,"column":54}},"5":{"start":{"line":29,"column":2},"end":{"line":29,"column":56}},"6":{"start":{"line":31,"column":2},"end":{"line":31,"column":24}},"7":{"start":{"line":37,"column":20},"end":{"line":37,"column":48}},"8":{"start":{"line":39,"column":17},"end":{"line":39,"column":73}},"9":{"start":{"line":40,"column":2},"end":{"line":42,"column":3}},"10":{"start":{"line":41,"column":4},"end":{"line":41,"column":23}},"11":{"start":{"line":44,"column":20},"end":{"line":44,"column":46}},"12":{"start":{"line":45,"column":2},"end":{"line":45,"column":48}},"13":{"start":{"line":47,"column":2},"end":{"line":47,"column":19}},"14":{"start":{"line":54,"column":24},"end":{"line":54,"column":52}},"15":{"start":{"line":55,"column":19},"end":{"line":55,"column":48}},"16":{"start":{"line":57,"column":17},"end":{"line":57,"column":64}},"17":{"start":{"line":58,"column":2},"end":{"line":60,"column":3}},"18":{"start":{"line":59,"column":4},"end":{"line":59,"column":23}},"19":{"start":{"line":62,"column":22},"end":{"line":62,"column":71}},"20":{"start":{"line":63,"column":2},"end":{"line":63,"column":62}},"21":{"start":{"line":65,"column":2},"end":{"line":65,"column":21}},"22":{"start":{"line":69,"column":2},"end":{"line":69,"column":44}},"23":{"start":{"line":76,"column":24},"end":{"line":76,"column":52}},"24":{"start":{"line":77,"column":2},"end":{"line":77,"column":71}},"25":{"start":{"line":85,"column":2},"end":{"line":85,"column":86}},"26":{"start":{"line":89,"column":2},"end":{"line":89,"column":57}},"27":{"start":{"line":90,"column":2},"end":{"line":90,"column":12}},"28":{"start":{"line":94,"column":2},"end":{"line":98,"column":4}},"29":{"start":{"line":102,"column":2},"end":{"line":109,"column":4}},"30":{"start":{"line":113,"column":13},"end":{"line":113,"column":14}},"31":{"start":{"line":114,"column":2},"end":{"line":118,"column":3}},"32":{"start":{"line":114,"column":15},"end":{"line":114,"column":16}},"33":{"start":{"line":115,"column":17},"end":{"line":115,"column":34}},"34":{"start":{"line":116,"column":4},"end":{"line":116,"column":39}},"35":{"start":{"line":117,"column":4},"end":{"line":117,"column":23}},"36":{"start":{"line":119,"column":2},"end":{"line":119,"column":37}},"37":{"start":{"line":123,"column":16},"end":{"line":123,"column":37}},"38":{"start":{"line":124,"column":2},"end":{"line":124,"column":48}},"39":{"start":{"line":124,"column":32},"end":{"line":124,"column":48}},"40":{"start":{"line":125,"column":2},"end":{"line":125,"column":48}},"41":{"start":{"line":125,"column":32},"end":{"line":125,"column":48}},"42":{"start":{"line":126,"column":2},"end":{"line":126,"column":49}},"43":{"start":{"line":126,"column":33},"end":{"line":126,"column":49}},"44":{"start":{"line":127,"column":2},"end":{"line":127,"column":18}}},"fnMap":{"0":{"name":"aiIdentificationWithCache","decl":{"start":{"line":18,"column":22},"end":{"line":18,"column":47}},"loc":{"start":{"line":20,"column":38},"end":{"line":32,"column":1}},"line":20},"1":{"name":"pestDetectionWithCache","decl":{"start":{"line":34,"column":22},"end":{"line":34,"column":44}},"loc":{"start":{"line":36,"column":32},"end":{"line":48,"column":1}},"line":36},"2":{"name":"getSuggestionsWithCache","decl":{"start":{"line":50,"column":22},"end":{"line":50,"column":45}},"loc":{"start":{"line":53,"column":18},"end":{"line":66,"column":1}},"line":53},"3":{"name":"invalidatePlantAICache","decl":{"start":{"line":68,"column":22},"end":{"line":68,"column":44}},"loc":{"start":{"line":68,"column":77},"end":{"line":70,"column":1}},"line":68},"4":{"name":"invalidateSuggestionCache","decl":{"start":{"line":72,"column":22},"end":{"line":72,"column":47}},"loc":{"start":{"line":75,"column":17},"end":{"line":78,"column":1}},"line":75},"5":{"name":"linkPhotoToAIAnalysis","decl":{"start":{"line":80,"column":22},"end":{"line":80,"column":43}},"loc":{"start":{"line":84,"column":17},"end":{"line":86,"column":1}},"line":84},"6":{"name":"getAIAnalysisForPhoto","decl":{"start":{"line":88,"column":22},"end":{"line":88,"column":43}},"loc":{"start":{"line":88,"column":77},"end":{"line":91,"column":1}},"line":88},"7":{"name":"detectPest","decl":{"start":{"line":93,"column":15},"end":{"line":93,"column":25}},"loc":{"start":{"line":93,"column":74},"end":{"line":99,"column":1}},"line":93},"8":{"name":"generateSuggestions","decl":{"start":{"line":101,"column":15},"end":{"line":101,"column":34}},"loc":{"start":{"line":101,"column":84},"end":{"line":110,"column":1}},"line":101},"9":{"name":"generateSimpleHash","decl":{"start":{"line":112,"column":9},"end":{"line":112,"column":27}},"loc":{"start":{"line":112,"column":49},"end":{"line":120,"column":1}},"line":112},"10":{"name":"getCurrentSeason","decl":{"start":{"line":122,"column":9},"end":{"line":122,"column":25}},"loc":{"start":{"line":122,"column":36},"end":{"line":128,"column":1}},"line":122}},"branchMap":{"0":{"loc":{"start":{"line":24,"column":2},"end":{"line":26,"column":3}},"type":"if","locations":[{"start":{"line":24,"column":2},"end":{"line":26,"column":3}},{"start":{},"end":{}}],"line":24},"1":{"loc":{"start":{"line":24,"column":6},"end":{"line":24,"column":33}},"type":"binary-expr","locations":[{"start":{"line":24,"column":6},"end":{"line":24,"column":18}},{"start":{"line":24,"column":22},"end":{"line":24,"column":33}}],"line":24},"2":{"loc":{"start":{"line":40,"column":2},"end":{"line":42,"column":3}},"type":"if","locations":[{"start":{"line":40,"column":2},"end":{"line":42,"column":3}},{"start":{},"end":{}}],"line":40},"3":{"loc":{"start":{"line":40,"column":6},"end":{"line":40,"column":33}},"type":"binary-expr","locations":[{"start":{"line":40,"column":6},"end":{"line":40,"column":18}},{"start":{"line":40,"column":22},"end":{"line":40,"column":33}}],"line":40},"4":{"loc":{"start":{"line":54,"column":24},"end":{"line":54,"column":52}},"type":"binary-expr","locations":[{"start":{"line":54,"column":24},"end":{"line":54,"column":30}},{"start":{"line":54,"column":34},"end":{"line":54,"column":52}}],"line":54},"5":{"loc":{"start":{"line":58,"column":2},"end":{"line":60,"column":3}},"type":"if","locations":[{"start":{"line":58,"column":2},"end":{"line":60,"column":3}},{"start":{},"end":{}}],"line":58},"6":{"loc":{"start":{"line":58,"column":6},"end":{"line":58,"column":33}},"type":"binary-expr","locations":[{"start":{"line":58,"column":6},"end":{"line":58,"column":18}},{"start":{"line":58,"column":22},"end":{"line":58,"column":33}}],"line":58},"7":{"loc":{"start":{"line":76,"column":24},"end":{"line":76,"column":52}},"type":"binary-expr","locations":[{"start":{"line":76,"column":24},"end":{"line":76,"column":30}},{"start":{"line":76,"column":34},"end":{"line":76,"column":52}}],"line":76},"8":{"loc":{"start":{"line":124,"column":2},"end":{"line":124,"column":48}},"type":"if","locations":[{"start":{"line":124,"column":2},"end":{"line":124,"column":48}},{"start":{},"end":{}}],"line":124},"9":{"loc":{"start":{"line":124,"column":6},"end":{"line":124,"column":30}},"type":"binary-expr","locations":[{"start":{"line":124,"column":6},"end":{"line":124,"column":16}},{"start":{"line":124,"column":20},"end":{"line":124,"column":30}}],"line":124},"10":{"loc":{"start":{"line":125,"column":2},"end":{"line":125,"column":48}},"type":"if","locations":[{"start":{"line":125,"column":2},"end":{"line":125,"column":48}},{"start":{},"end":{}}],"line":125},"11":{"loc":{"start":{"line":125,"column":6},"end":{"line":125,"column":30}},"type":"binary-expr","locations":[{"start":{"line":125,"column":6},"end":{"line":125,"column":16}},{"start":{"line":125,"column":20},"end":{"line":125,"column":30}}],"line":125},"12":{"loc":{"start":{"line":126,"column":2},"end":{"line":126,"column":49}},"type":"if","locations":[{"start":{"line":126,"column":2},"end":{"line":126,"column":49}},{"start":{},"end":{}}],"line":126},"13":{"loc":{"start":{"line":126,"column":6},"end":{"line":126,"column":31}},"type":"binary-expr","locations":[{"start":{"line":126,"column":6},"end":{"line":126,"column":16}},{"start":{"line":126,"column":20},"end":{"line":126,"column":31}}],"line":126}},"s":{"0":0,"1":0,"2":0,"3":0,"4":0,"5":0,"6":0,"7":0,"8":0,"9":0,"10":0,"11":0,"12":0,"13":0,"14":0,"15":0,"16":0,"17":0,"18":0,"19":0,"20":0,"21":0,"22":0,"23":0,"24":0,"25":0,"26":0,"27":0,"28":0,"29":0,"30":0,"31":0,"32":0,"33":0,"34":0,"35":0,"36":0,"37":0,"38":0,"39":0,"40":0,"41":0,"42":0,"43":0,"44":0},"f":{"0":0,"1":0,"2":0,"3":0,"4":0,"5":0,"6":0,"7":0,"8":0,"9":0,"10":0},"b":{"0":[0,0],"1":[0,0],"2":[0,0],"3":[0,0],"4":[0,0],"5":[0,0],"6":[0,0],"7":[0,0],"8":[0,0],"9":[0,0],"10":[0,0],"11":[0,0],"12":[0,0],"13":[0,0]}}
,"/Users/ninanitzsche/aipm/gartenplaner-app/src/services/aiMetadataService.ts": {"path":"/Users/ninanitzsche/aipm/gartenplaner-app/src/services/aiMetadataService.ts","statementMap":{"0":{"start":{"line":14,"column":2},"end":{"line":37,"column":3}},"1":{"start":{"line":15,"column":49},"end":{"line":15,"column":78}},"2":{"start":{"line":16,"column":4},"end":{"line":16,"column":70}},"3":{"start":{"line":16,"column":28},"end":{"line":16,"column":70}},"4":{"start":{"line":18,"column":28},"end":{"line":28,"column":15}},"5":{"start":{"line":30,"column":4},"end":{"line":30,"column":27}},"6":{"start":{"line":30,"column":15},"end":{"line":30,"column":27}},"7":{"start":{"line":31,"column":4},"end":{"line":31,"column":75}},"8":{"start":{"line":31,"column":15},"end":{"line":31,"column":75}},"9":{"start":{"line":33,"column":4},"end":{"line":33,"column":19}},"10":{"start":{"line":35,"column":4},"end":{"line":35,"column":60}},"11":{"start":{"line":36,"column":4},"end":{"line":36,"column":72}},"12":{"start":{"line":44,"column":2},"end":{"line":56,"column":3}},"13":{"start":{"line":45,"column":22},"end":{"line":50,"column":8}},"14":{"start":{"line":52,"column":4},"end":{"line":52,"column":27}},"15":{"start":{"line":52,"column":15},"end":{"line":52,"column":27}},"16":{"start":{"line":54,"column":4},"end":{"line":54,"column":67}},"17":{"start":{"line":55,"column":4},"end":{"line":55,"column":70}},"18":{"start":{"line":64,"column":2},"end":{"line":77,"column":3}},"19":{"start":{"line":65,"column":22},"end":{"line":71,"column":8}},"20":{"start":{"line":73,"column":4},"end":{"line":73,"column":27}},"21":{"start":{"line":73,"column":15},"end":{"line":73,"column":27}},"22":{"start":{"line":75,"column":4},"end":{"line":75,"column":61}},"23":{"start":{"line":76,"column":4},"end":{"line":76,"column":73}},"24":{"start":{"line":83,"column":2},"end":{"line":95,"column":3}},"25":{"start":{"line":84,"column":28},"end":{"line":88,"column":48}},"26":{"start":{"line":90,"column":4},"end":{"line":90,"column":27}},"27":{"start":{"line":90,"column":15},"end":{"line":90,"column":27}},"28":{"start":{"line":91,"column":4},"end":{"line":91,"column":22}},"29":{"start":{"line":93,"column":4},"end":{"line":93,"column":62}},"30":{"start":{"line":94,"column":4},"end":{"line":94,"column":14}},"31":{"start":{"line":101,"column":2},"end":{"line":129,"column":3}},"32":{"start":{"line":102,"column":28},"end":{"line":106,"column":47}},"33":{"start":{"line":108,"column":4},"end":{"line":108,"column":27}},"34":{"start":{"line":108,"column":15},"end":{"line":108,"column":27}},"35":{"start":{"line":110,"column":4},"end":{"line":112,"column":5}},"36":{"start":{"line":111,"column":6},"end":{"line":111,"column":16}},"37":{"start":{"line":114,"column":4},"end":{"line":125,"column":7}},"38":{"start":{"line":115,"column":20},"end":{"line":115,"column":43}},"39":{"start":{"line":116,"column":6},"end":{"line":124,"column":8}},"40":{"start":{"line":127,"column":4},"end":{"line":127,"column":69}},"41":{"start":{"line":128,"column":4},"end":{"line":128,"column":14}},"42":{"start":{"line":133,"column":2},"end":{"line":133,"column":68}},"43":{"start":{"line":139,"column":2},"end":{"line":155,"column":3}},"44":{"start":{"line":140,"column":28},"end":{"line":146,"column":15}},"45":{"start":{"line":148,"column":4},"end":{"line":148,"column":27}},"46":{"start":{"line":148,"column":15},"end":{"line":148,"column":27}},"47":{"start":{"line":149,"column":4},"end":{"line":149,"column":27}},"48":{"start":{"line":149,"column":15},"end":{"line":149,"column":27}},"49":{"start":{"line":151,"column":4},"end":{"line":151,"column":35}},"50":{"start":{"line":153,"column":4},"end":{"line":153,"column":59}},"51":{"start":{"line":154,"column":4},"end":{"line":154,"column":16}}},"fnMap":{"0":{"name":"saveAIIdentification","decl":{"start":{"line":8,"column":22},"end":{"line":8,"column":42}},"loc":{"start":{"line":13,"column":19},"end":{"line":38,"column":1}},"line":13},"1":{"name":"linkIdentificationToPlant","decl":{"start":{"line":40,"column":22},"end":{"line":40,"column":47}},"loc":{"start":{"line":43,"column":17},"end":{"line":57,"column":1}},"line":43},"2":{"name":"linkPhotoToAnalysis","decl":{"start":{"line":59,"column":22},"end":{"line":59,"column":41}},"loc":{"start":{"line":63,"column":17},"end":{"line":78,"column":1}},"line":63},"3":{"name":"getAnalysesForPhoto","decl":{"start":{"line":80,"column":22},"end":{"line":80,"column":41}},"loc":{"start":{"line":82,"column":30},"end":{"line":96,"column":1}},"line":82},"4":{"name":"getIdentificationsForPlant","decl":{"start":{"line":98,"column":22},"end":{"line":98,"column":48}},"loc":{"start":{"line":100,"column":31},"end":{"line":130,"column":1}},"line":100},"5":{"name":"(anonymous_5)","decl":{"start":{"line":114,"column":20},"end":{"line":114,"column":21}},"loc":{"start":{"line":114,"column":53},"end":{"line":125,"column":5}},"line":114},"6":{"name":"syncLocalCacheToCloud","decl":{"start":{"line":132,"column":22},"end":{"line":132,"column":43}},"loc":{"start":{"line":132,"column":61},"end":{"line":134,"column":1}},"line":132},"7":{"name":"fetchCloudAnalysisForPhoto","decl":{"start":{"line":136,"column":22},"end":{"line":136,"column":48}},"loc":{"start":{"line":138,"column":36},"end":{"line":156,"column":1}},"line":138}},"branchMap":{"0":{"loc":{"start":{"line":16,"column":4},"end":{"line":16,"column":70}},"type":"if","locations":[{"start":{"line":16,"column":4},"end":{"line":16,"column":70}},{"start":{},"end":{}}],"line":16},"1":{"loc":{"start":{"line":16,"column":8},"end":{"line":16,"column":26}},"type":"binary-expr","locations":[{"start":{"line":16,"column":8},"end":{"line":16,"column":13}},{"start":{"line":16,"column":17},"end":{"line":16,"column":26}}],"line":16},"2":{"loc":{"start":{"line":30,"column":4},"end":{"line":30,"column":27}},"type":"if","locations":[{"start":{"line":30,"column":4},"end":{"line":30,"column":27}},{"start":{},"end":{}}],"line":30},"3":{"loc":{"start":{"line":31,"column":4},"end":{"line":31,"column":75}},"type":"if","locations":[{"start":{"line":31,"column":4},"end":{"line":31,"column":75}},{"start":{},"end":{}}],"line":31},"4":{"loc":{"start":{"line":52,"column":4},"end":{"line":52,"column":27}},"type":"if","locations":[{"start":{"line":52,"column":4},"end":{"line":52,"column":27}},{"start":{},"end":{}}],"line":52},"5":{"loc":{"start":{"line":73,"column":4},"end":{"line":73,"column":27}},"type":"if","locations":[{"start":{"line":73,"column":4},"end":{"line":73,"column":27}},{"start":{},"end":{}}],"line":73},"6":{"loc":{"start":{"line":90,"column":4},"end":{"line":90,"column":27}},"type":"if","locations":[{"start":{"line":90,"column":4},"end":{"line":90,"column":27}},{"start":{},"end":{}}],"line":90},"7":{"loc":{"start":{"line":91,"column":11},"end":{"line":91,"column":21}},"type":"binary-expr","locations":[{"start":{"line":91,"column":11},"end":{"line":91,"column":15}},{"start":{"line":91,"column":19},"end":{"line":91,"column":21}}],"line":91},"8":{"loc":{"start":{"line":108,"column":4},"end":{"line":108,"column":27}},"type":"if","locations":[{"start":{"line":108,"column":4},"end":{"line":108,"column":27}},{"start":{},"end":{}}],"line":108},"9":{"loc":{"start":{"line":110,"column":4},"end":{"line":112,"column":5}},"type":"if","locations":[{"start":{"line":110,"column":4},"end":{"line":112,"column":5}},{"start":{},"end":{}}],"line":110},"10":{"loc":{"start":{"line":110,"column":8},"end":{"line":110,"column":34}},"type":"binary-expr","locations":[{"start":{"line":110,"column":8},"end":{"line":110,"column":13}},{"start":{"line":110,"column":17},"end":{"line":110,"column":34}}],"line":110},"11":{"loc":{"start":{"line":148,"column":4},"end":{"line":148,"column":27}},"type":"if","locations":[{"start":{"line":148,"column":4},"end":{"line":148,"column":27}},{"start":{},"end":{}}],"line":148},"12":{"loc":{"start":{"line":149,"column":4},"end":{"line":149,"column":27}},"type":"if","locations":[{"start":{"line":149,"column":4},"end":{"line":149,"column":27}},{"start":{},"end":{}}],"line":149}},"s":{"0":0,"1":0,"2":0,"3":0,"4":0,"5":0,"6":0,"7":0,"8":0,"9":0,"10":0,"11":0,"12":0,"13":0,"14":0,"15":0,"16":0,"17":0,"18":0,"19":0,"20":0,"21":0,"22":0,"23":0,"24":0,"25":0,"26":0,"27":0,"28":0,"29":0,"30":0,"31":0,"32":0,"33":0,"34":0,"35":0,"36":0,"37":0,"38":0,"39":0,"40":0,"41":0,"42":0,"43":0,"44":0,"45":0,"46":0,"47":0,"48":0,"49":0,"50":0,"51":0},"f":{"0":0,"1":0,"2":0,"3":0,"4":0,"5":0,"6":0,"7":0},"b":{"0":[0,0],"1":[0,0],"2":[0,0],"3":[0,0],"4":[0,0],"5":[0,0],"6":[0,0],"7":[0,0],"8":[0,0],"9":[0,0],"10":[0,0],"11":[0,0],"12":[0,0]}}
,"/Users/ninanitzsche/aipm/gartenplaner-app/src/services/aiService.ts": {"path":"/Users/ninanitzsche/aipm/gartenplaner-app/src/services/aiService.ts","statementMap":{"0":{"start":{"line":16,"column":25},"end":{"line":16,"column":71}},"1":{"start":{"line":17,"column":21},"end":{"line":17,"column":70}},"2":{"start":{"line":32,"column":46},"end":{"line":32,"column":53}},"3":{"start":{"line":34,"column":2},"end":{"line":36,"column":3}},"4":{"start":{"line":35,"column":4},"end":{"line":35,"column":97}},"5":{"start":{"line":38,"column":2},"end":{"line":84,"column":3}},"6":{"start":{"line":41,"column":4},"end":{"line":50,"column":5}},"7":{"start":{"line":42,"column":23},"end":{"line":42,"column":44}},"8":{"start":{"line":43,"column":6},"end":{"line":43,"column":40}},"9":{"start":{"line":44,"column":11},"end":{"line":50,"column":5}},"10":{"start":{"line":45,"column":23},"end":{"line":45,"column":44}},"11":{"start":{"line":46,"column":6},"end":{"line":46,"column":40}},"12":{"start":{"line":48,"column":23},"end":{"line":48,"column":44}},"13":{"start":{"line":49,"column":6},"end":{"line":49,"column":40}},"14":{"start":{"line":53,"column":21},"end":{"line":53,"column":35}},"15":{"start":{"line":54,"column":4},"end":{"line":54,"column":54}},"16":{"start":{"line":55,"column":4},"end":{"line":55,"column":37}},"17":{"start":{"line":58,"column":21},"end":{"line":61,"column":6}},"18":{"start":{"line":63,"column":4},"end":{"line":69,"column":5}},"19":{"start":{"line":64,"column":24},"end":{"line":64,"column":63}},"20":{"start":{"line":64,"column":59},"end":{"line":64,"column":61}},"21":{"start":{"line":65,"column":6},"end":{"line":68,"column":8}},"22":{"start":{"line":71,"column":35},"end":{"line":71,"column":56}},"23":{"start":{"line":74,"column":4},"end":{"line":74,"column":43}},"24":{"start":{"line":76,"column":4},"end":{"line":78,"column":5}},"25":{"start":{"line":77,"column":6},"end":{"line":77,"column":18}},"26":{"start":{"line":79,"column":4},"end":{"line":79,"column":53}},"27":{"start":{"line":80,"column":4},"end":{"line":83,"column":6}},"28":{"start":{"line":91,"column":2},"end":{"line":96,"column":3}},"29":{"start":{"line":92,"column":4},"end":{"line":95,"column":6}},"30":{"start":{"line":98,"column":20},"end":{"line":98,"column":35}},"31":{"start":{"line":99,"column":18},"end":{"line":99,"column":35}},"32":{"start":{"line":101,"column":2},"end":{"line":109,"column":4}},"33":{"start":{"line":119,"column":4},"end":{"line":121,"column":63}},"34":{"start":{"line":123,"column":2},"end":{"line":125,"column":3}},"35":{"start":{"line":124,"column":4},"end":{"line":124,"column":16}},"36":{"start":{"line":128,"column":4},"end":{"line":138,"column":10}},"37":{"start":{"line":140,"column":2},"end":{"line":142,"column":3}},"38":{"start":{"line":141,"column":4},"end":{"line":141,"column":16}},"39":{"start":{"line":144,"column":2},"end":{"line":144,"column":26}},"40":{"start":{"line":151,"column":2},"end":{"line":151,"column":12}},"41":{"start":{"line":161,"column":17},"end":{"line":161,"column":46}},"42":{"start":{"line":162,"column":2},"end":{"line":162,"column":18}}},"fnMap":{"0":{"name":"identifyPlant","decl":{"start":{"line":28,"column":22},"end":{"line":28,"column":35}},"loc":{"start":{"line":31,"column":38},"end":{"line":85,"column":1}},"line":31},"1":{"name":"(anonymous_1)","decl":{"start":{"line":64,"column":52},"end":{"line":64,"column":53}},"loc":{"start":{"line":64,"column":59},"end":{"line":64,"column":61}},"line":64},"2":{"name":"parseIdentificationResult","decl":{"start":{"line":90,"column":9},"end":{"line":90,"column":34}},"loc":{"start":{"line":90,"column":86},"end":{"line":110,"column":1}},"line":90},"3":{"name":"pickImage","decl":{"start":{"line":115,"column":22},"end":{"line":115,"column":31}},"loc":{"start":{"line":117,"column":48},"end":{"line":145,"column":1}},"line":117},"4":{"name":"getRemainingQuota","decl":{"start":{"line":150,"column":22},"end":{"line":150,"column":39}},"loc":{"start":{"line":150,"column":59},"end":{"line":152,"column":1}},"line":150},"5":{"name":"identifyPlantMultiple","decl":{"start":{"line":157,"column":22},"end":{"line":157,"column":43}},"loc":{"start":{"line":160,"column":40},"end":{"line":163,"column":1}},"line":160}},"branchMap":{"0":{"loc":{"start":{"line":16,"column":25},"end":{"line":16,"column":71}},"type":"binary-expr","locations":[{"start":{"line":16,"column":25},"end":{"line":16,"column":65}},{"start":{"line":16,"column":69},"end":{"line":16,"column":71}}],"line":16},"1":{"loc":{"start":{"line":30,"column":2},"end":{"line":30,"column":36}},"type":"default-arg","locations":[{"start":{"line":30,"column":34},"end":{"line":30,"column":36}}],"line":30},"2":{"loc":{"start":{"line":32,"column":10},"end":{"line":32,"column":24}},"type":"default-arg","locations":[{"start":{"line":32,"column":18},"end":{"line":32,"column":24}}],"line":32},"3":{"loc":{"start":{"line":32,"column":26},"end":{"line":32,"column":41}},"type":"default-arg","locations":[{"start":{"line":32,"column":37},"end":{"line":32,"column":41}}],"line":32},"4":{"loc":{"start":{"line":34,"column":2},"end":{"line":36,"column":3}},"type":"if","locations":[{"start":{"line":34,"column":2},"end":{"line":36,"column":3}},{"start":{},"end":{}}],"line":34},"5":{"loc":{"start":{"line":41,"column":4},"end":{"line":50,"column":5}},"type":"if","locations":[{"start":{"line":41,"column":4},"end":{"line":50,"column":5}},{"start":{"line":44,"column":11},"end":{"line":50,"column":5}}],"line":41},"6":{"loc":{"start":{"line":44,"column":11},"end":{"line":50,"column":5}},"type":"if","locations":[{"start":{"line":44,"column":11},"end":{"line":50,"column":5}},{"start":{"line":47,"column":11},"end":{"line":50,"column":5}}],"line":44},"7":{"loc":{"start":{"line":63,"column":4},"end":{"line":69,"column":5}},"type":"if","locations":[{"start":{"line":63,"column":4},"end":{"line":69,"column":5}},{"start":{},"end":{}}],"line":63},"8":{"loc":{"start":{"line":67,"column":17},"end":{"line":67,"column":67}},"type":"binary-expr","locations":[{"start":{"line":67,"column":17},"end":{"line":67,"column":32}},{"start":{"line":67,"column":36},"end":{"line":67,"column":67}}],"line":67},"9":{"loc":{"start":{"line":76,"column":4},"end":{"line":78,"column":5}},"type":"if","locations":[{"start":{"line":76,"column":4},"end":{"line":78,"column":5}},{"start":{},"end":{}}],"line":76},"10":{"loc":{"start":{"line":91,"column":2},"end":{"line":96,"column":3}},"type":"if","locations":[{"start":{"line":91,"column":2},"end":{"line":96,"column":3}},{"start":{},"end":{}}],"line":91},"11":{"loc":{"start":{"line":91,"column":6},"end":{"line":91,"column":48}},"type":"binary-expr","locations":[{"start":{"line":91,"column":6},"end":{"line":91,"column":19}},{"start":{"line":91,"column":23},"end":{"line":91,"column":48}}],"line":91},"12":{"loc":{"start":{"line":102,"column":10},"end":{"line":102,"column":73}},"type":"binary-expr","locations":[{"start":{"line":102,"column":10},"end":{"line":102,"column":34}},{"start":{"line":102,"column":38},"end":{"line":102,"column":73}}],"line":102},"13":{"loc":{"start":{"line":105,"column":12},"end":{"line":105,"column":61}},"type":"binary-expr","locations":[{"start":{"line":105,"column":12},"end":{"line":105,"column":55}},{"start":{"line":105,"column":59},"end":{"line":105,"column":61}}],"line":105},"14":{"loc":{"start":{"line":106,"column":17},"end":{"line":106,"column":42}},"type":"binary-expr","locations":[{"start":{"line":106,"column":17},"end":{"line":106,"column":36}},{"start":{"line":106,"column":40},"end":{"line":106,"column":42}}],"line":106},"15":{"loc":{"start":{"line":119,"column":4},"end":{"line":121,"column":63}},"type":"cond-expr","locations":[{"start":{"line":120,"column":8},"end":{"line":120,"column":57}},{"start":{"line":121,"column":8},"end":{"line":121,"column":63}}],"line":119},"16":{"loc":{"start":{"line":123,"column":2},"end":{"line":125,"column":3}},"type":"if","locations":[{"start":{"line":123,"column":2},"end":{"line":125,"column":3}},{"start":{},"end":{}}],"line":123},"17":{"loc":{"start":{"line":128,"column":4},"end":{"line":138,"column":10}},"type":"cond-expr","locations":[{"start":{"line":129,"column":8},"end":{"line":133,"column":10}},{"start":{"line":134,"column":8},"end":{"line":138,"column":10}}],"line":128},"18":{"loc":{"start":{"line":140,"column":2},"end":{"line":142,"column":3}},"type":"if","locations":[{"start":{"line":140,"column":2},"end":{"line":142,"column":3}},{"start":{},"end":{}}],"line":140},"19":{"loc":{"start":{"line":140,"column":6},"end":{"line":140,"column":69}},"type":"binary-expr","locations":[{"start":{"line":140,"column":6},"end":{"line":140,"column":21}},{"start":{"line":140,"column":25},"end":{"line":140,"column":39}},{"start":{"line":140,"column":43},"end":{"line":140,"column":69}}],"line":140},"20":{"loc":{"start":{"line":159,"column":2},"end":{"line":159,"column":24}},"type":"default-arg","locations":[{"start":{"line":159,"column":23},"end":{"line":159,"column":24}}],"line":159}},"s":{"0":0,"1":0,"2":0,"3":0,"4":0,"5":0,"6":0,"7":0,"8":0,"9":0,"10":0,"11":0,"12":0,"13":0,"14":0,"15":0,"16":0,"17":0,"18":0,"19":0,"20":0,"21":0,"22":0,"23":0,"24":0,"25":0,"26":0,"27":0,"28":0,"29":0,"30":0,"31":0,"32":0,"33":0,"34":0,"35":0,"36":0,"37":0,"38":0,"39":0,"40":0,"41":0,"42":0},"f":{"0":0,"1":0,"2":0,"3":0,"4":0,"5":0},"b":{"0":[0,0],"1":[0],"2":[0],"3":[0],"4":[0,0],"5":[0,0],"6":[0,0],"7":[0,0],"8":[0,0],"9":[0,0],"10":[0,0],"11":[0,0],"12":[0,0],"13":[0,0],"14":[0,0],"15":[0,0],"16":[0,0],"17":[0,0],"18":[0,0],"19":[0,0,0],"20":[0]}}
,"/Users/ninanitzsche/aipm/gartenplaner-app/src/services/authService.ts": {"path":"/Users/ninanitzsche/aipm/gartenplaner-app/src/services/authService.ts","statementMap":{"0":{"start":{"line":13,"column":29},"end":{"line":13,"column":58}},"1":{"start":{"line":15,"column":2},"end":{"line":17,"column":3}},"2":{"start":{"line":16,"column":4},"end":{"line":16,"column":43}},"3":{"start":{"line":20,"column":31},"end":{"line":23,"column":4}},"4":{"start":{"line":25,"column":2},"end":{"line":27,"column":3}},"5":{"start":{"line":26,"column":4},"end":{"line":26,"column":53}},"6":{"start":{"line":30,"column":33},"end":{"line":32,"column":4}},"7":{"start":{"line":34,"column":2},"end":{"line":36,"column":3}},"8":{"start":{"line":35,"column":4},"end":{"line":35,"column":61}},"9":{"start":{"line":44,"column":20},"end":{"line":46,"column":4}},"10":{"start":{"line":48,"column":2},"end":{"line":54,"column":3}},"11":{"start":{"line":50,"column":4},"end":{"line":52,"column":5}},"12":{"start":{"line":51,"column":6},"end":{"line":51,"column":67}},"13":{"start":{"line":53,"column":4},"end":{"line":53,"column":59}},"14":{"start":{"line":62,"column":2},"end":{"line":68,"column":3}},"15":{"start":{"line":64,"column":22},"end":{"line":64,"column":70}},"16":{"start":{"line":65,"column":4},"end":{"line":65,"column":18}},"17":{"start":{"line":67,"column":4},"end":{"line":67,"column":17}}},"fnMap":{"0":{"name":"changePassword","decl":{"start":{"line":11,"column":22},"end":{"line":11,"column":36}},"loc":{"start":{"line":11,"column":98},"end":{"line":37,"column":1}},"line":11},"1":{"name":"resetPassword","decl":{"start":{"line":43,"column":22},"end":{"line":43,"column":35}},"loc":{"start":{"line":43,"column":66},"end":{"line":55,"column":1}},"line":43},"2":{"name":"verifyEmailExists","decl":{"start":{"line":61,"column":22},"end":{"line":61,"column":39}},"loc":{"start":{"line":61,"column":73},"end":{"line":69,"column":1}},"line":61}},"branchMap":{"0":{"loc":{"start":{"line":15,"column":2},"end":{"line":17,"column":3}},"type":"if","locations":[{"start":{"line":15,"column":2},"end":{"line":17,"column":3}},{"start":{},"end":{}}],"line":15},"1":{"loc":{"start":{"line":25,"column":2},"end":{"line":27,"column":3}},"type":"if","locations":[{"start":{"line":25,"column":2},"end":{"line":27,"column":3}},{"start":{},"end":{}}],"line":25},"2":{"loc":{"start":{"line":34,"column":2},"end":{"line":36,"column":3}},"type":"if","locations":[{"start":{"line":34,"column":2},"end":{"line":36,"column":3}},{"start":{},"end":{}}],"line":34},"3":{"loc":{"start":{"line":48,"column":2},"end":{"line":54,"column":3}},"type":"if","locations":[{"start":{"line":48,"column":2},"end":{"line":54,"column":3}},{"start":{},"end":{}}],"line":48},"4":{"loc":{"start":{"line":50,"column":4},"end":{"line":52,"column":5}},"type":"if","locations":[{"start":{"line":50,"column":4},"end":{"line":52,"column":5}},{"start":{},"end":{}}],"line":50}},"s":{"0":0,"1":0,"2":0,"3":0,"4":0,"5":0,"6":0,"7":0,"8":0,"9":0,"10":0,"11":0,"12":0,"13":0,"14":0,"15":0,"16":0,"17":0},"f":{"0":0,"1":0,"2":0},"b":{"0":[0,0],"1":[0,0],"2":[0,0],"3":[0,0],"4":[0,0]}}
,"/Users/ninanitzsche/aipm/gartenplaner-app/src/services/bedService.ts": {"path":"/Users/ninanitzsche/aipm/gartenplaner-app/src/services/bedService.ts","statementMap":{"0":{"start":{"line":13,"column":29},"end":{"line":13,"column":58}},"1":{"start":{"line":15,"column":2},"end":{"line":17,"column":3}},"2":{"start":{"line":16,"column":4},"end":{"line":16,"column":60}},"3":{"start":{"line":19,"column":14},"end":{"line":22,"column":27}},"4":{"start":{"line":24,"column":2},"end":{"line":26,"column":3}},"5":{"start":{"line":25,"column":4},"end":{"line":25,"column":44}},"6":{"start":{"line":28,"column":2},"end":{"line":28,"column":58}},"7":{"start":{"line":30,"column":26},"end":{"line":30,"column":37}},"8":{"start":{"line":32,"column":2},"end":{"line":34,"column":3}},"9":{"start":{"line":33,"column":4},"end":{"line":33,"column":16}},"10":{"start":{"line":36,"column":2},"end":{"line":36,"column":20}},"11":{"start":{"line":43,"column":26},"end":{"line":47,"column":13}},"12":{"start":{"line":49,"column":2},"end":{"line":52,"column":3}},"13":{"start":{"line":50,"column":4},"end":{"line":50,"column":48}},"14":{"start":{"line":51,"column":4},"end":{"line":51,"column":16}},"15":{"start":{"line":54,"column":2},"end":{"line":54,"column":14}},"16":{"start":{"line":61,"column":29},"end":{"line":61,"column":58}},"17":{"start":{"line":63,"column":2},"end":{"line":65,"column":3}},"18":{"start":{"line":64,"column":4},"end":{"line":64,"column":62}},"19":{"start":{"line":67,"column":26},"end":{"line":76,"column":13}},"20":{"start":{"line":78,"column":2},"end":{"line":81,"column":3}},"21":{"start":{"line":79,"column":4},"end":{"line":79,"column":48}},"22":{"start":{"line":80,"column":4},"end":{"line":80,"column":16}},"23":{"start":{"line":83,"column":2},"end":{"line":83,"column":14}},"24":{"start":{"line":90,"column":26},"end":{"line":95,"column":13}},"25":{"start":{"line":97,"column":2},"end":{"line":100,"column":3}},"26":{"start":{"line":98,"column":4},"end":{"line":98,"column":48}},"27":{"start":{"line":99,"column":4},"end":{"line":99,"column":16}},"28":{"start":{"line":102,"column":2},"end":{"line":102,"column":14}},"29":{"start":{"line":109,"column":20},"end":{"line":112,"column":17}},"30":{"start":{"line":114,"column":2},"end":{"line":117,"column":3}},"31":{"start":{"line":115,"column":4},"end":{"line":115,"column":48}},"32":{"start":{"line":116,"column":4},"end":{"line":116,"column":16}},"33":{"start":{"line":124,"column":26},"end":{"line":127,"column":13}},"34":{"start":{"line":129,"column":2},"end":{"line":131,"column":3}},"35":{"start":{"line":130,"column":4},"end":{"line":130,"column":16}},"36":{"start":{"line":138,"column":20},"end":{"line":142,"column":28}},"37":{"start":{"line":144,"column":2},"end":{"line":147,"column":3}},"38":{"start":{"line":145,"column":4},"end":{"line":145,"column":60}},"39":{"start":{"line":146,"column":4},"end":{"line":146,"column":16}},"40":{"start":{"line":154,"column":26},"end":{"line":157,"column":24}},"41":{"start":{"line":159,"column":2},"end":{"line":162,"column":3}},"42":{"start":{"line":160,"column":4},"end":{"line":160,"column":55}},"43":{"start":{"line":161,"column":4},"end":{"line":161,"column":16}},"44":{"start":{"line":164,"column":2},"end":{"line":166,"column":3}},"45":{"start":{"line":165,"column":4},"end":{"line":165,"column":14}},"46":{"start":{"line":169,"column":19},"end":{"line":169,"column":50}},"47":{"start":{"line":169,"column":36},"end":{"line":169,"column":49}},"48":{"start":{"line":170,"column":47},"end":{"line":173,"column":23}},"49":{"start":{"line":175,"column":2},"end":{"line":178,"column":3}},"50":{"start":{"line":176,"column":4},"end":{"line":176,"column":64}},"51":{"start":{"line":177,"column":4},"end":{"line":177,"column":22}},"52":{"start":{"line":180,"column":2},"end":{"line":180,"column":22}},"53":{"start":{"line":187,"column":33},"end":{"line":190,"column":24}},"54":{"start":{"line":192,"column":2},"end":{"line":195,"column":3}},"55":{"start":{"line":193,"column":4},"end":{"line":193,"column":56}},"56":{"start":{"line":194,"column":4},"end":{"line":194,"column":16}},"57":{"start":{"line":197,"column":2},"end":{"line":197,"column":20}}},"fnMap":{"0":{"name":"fetchBeds","decl":{"start":{"line":12,"column":22},"end":{"line":12,"column":31}},"loc":{"start":{"line":12,"column":67},"end":{"line":37,"column":1}},"line":12},"1":{"name":"fetchBed","decl":{"start":{"line":42,"column":22},"end":{"line":42,"column":30}},"loc":{"start":{"line":42,"column":64},"end":{"line":55,"column":1}},"line":42},"2":{"name":"createBed","decl":{"start":{"line":60,"column":22},"end":{"line":60,"column":31}},"loc":{"start":{"line":60,"column":68},"end":{"line":84,"column":1}},"line":60},"3":{"name":"updateBed","decl":{"start":{"line":89,"column":22},"end":{"line":89,"column":31}},"loc":{"start":{"line":89,"column":80},"end":{"line":103,"column":1}},"line":89},"4":{"name":"deleteBed","decl":{"start":{"line":108,"column":22},"end":{"line":108,"column":31}},"loc":{"start":{"line":108,"column":59},"end":{"line":118,"column":1}},"line":108},"5":{"name":"linkBedToPlant","decl":{"start":{"line":123,"column":22},"end":{"line":123,"column":36}},"loc":{"start":{"line":123,"column":84},"end":{"line":132,"column":1}},"line":123},"6":{"name":"unlinkBedFromPlant","decl":{"start":{"line":137,"column":22},"end":{"line":137,"column":40}},"loc":{"start":{"line":137,"column":88},"end":{"line":148,"column":1}},"line":137},"7":{"name":"fetchBedPlants","decl":{"start":{"line":153,"column":22},"end":{"line":153,"column":36}},"loc":{"start":{"line":153,"column":70},"end":{"line":181,"column":1}},"line":153},"8":{"name":"(anonymous_8)","decl":{"start":{"line":169,"column":28},"end":{"line":169,"column":29}},"loc":{"start":{"line":169,"column":36},"end":{"line":169,"column":49}},"line":169},"9":{"name":"getBedPlantCount","decl":{"start":{"line":186,"column":22},"end":{"line":186,"column":38}},"loc":{"start":{"line":186,"column":71},"end":{"line":198,"column":1}},"line":186}},"branchMap":{"0":{"loc":{"start":{"line":15,"column":2},"end":{"line":17,"column":3}},"type":"if","locations":[{"start":{"line":15,"column":2},"end":{"line":17,"column":3}},{"start":{},"end":{}}],"line":15},"1":{"loc":{"start":{"line":24,"column":2},"end":{"line":26,"column":3}},"type":"if","locations":[{"start":{"line":24,"column":2},"end":{"line":26,"column":3}},{"start":{},"end":{}}],"line":24},"2":{"loc":{"start":{"line":32,"column":2},"end":{"line":34,"column":3}},"type":"if","locations":[{"start":{"line":32,"column":2},"end":{"line":34,"column":3}},{"start":{},"end":{}}],"line":32},"3":{"loc":{"start":{"line":36,"column":9},"end":{"line":36,"column":19}},"type":"binary-expr","locations":[{"start":{"line":36,"column":9},"end":{"line":36,"column":13}},{"start":{"line":36,"column":17},"end":{"line":36,"column":19}}],"line":36},"4":{"loc":{"start":{"line":49,"column":2},"end":{"line":52,"column":3}},"type":"if","locations":[{"start":{"line":49,"column":2},"end":{"line":52,"column":3}},{"start":{},"end":{}}],"line":49},"5":{"loc":{"start":{"line":63,"column":2},"end":{"line":65,"column":3}},"type":"if","locations":[{"start":{"line":63,"column":2},"end":{"line":65,"column":3}},{"start":{},"end":{}}],"line":63},"6":{"loc":{"start":{"line":78,"column":2},"end":{"line":81,"column":3}},"type":"if","locations":[{"start":{"line":78,"column":2},"end":{"line":81,"column":3}},{"start":{},"end":{}}],"line":78},"7":{"loc":{"start":{"line":97,"column":2},"end":{"line":100,"column":3}},"type":"if","locations":[{"start":{"line":97,"column":2},"end":{"line":100,"column":3}},{"start":{},"end":{}}],"line":97},"8":{"loc":{"start":{"line":114,"column":2},"end":{"line":117,"column":3}},"type":"if","locations":[{"start":{"line":114,"column":2},"end":{"line":117,"column":3}},{"start":{},"end":{}}],"line":114},"9":{"loc":{"start":{"line":129,"column":2},"end":{"line":131,"column":3}},"type":"if","locations":[{"start":{"line":129,"column":2},"end":{"line":131,"column":3}},{"start":{},"end":{}}],"line":129},"10":{"loc":{"start":{"line":144,"column":2},"end":{"line":147,"column":3}},"type":"if","locations":[{"start":{"line":144,"column":2},"end":{"line":147,"column":3}},{"start":{},"end":{}}],"line":144},"11":{"loc":{"start":{"line":159,"column":2},"end":{"line":162,"column":3}},"type":"if","locations":[{"start":{"line":159,"column":2},"end":{"line":162,"column":3}},{"start":{},"end":{}}],"line":159},"12":{"loc":{"start":{"line":164,"column":2},"end":{"line":166,"column":3}},"type":"if","locations":[{"start":{"line":164,"column":2},"end":{"line":166,"column":3}},{"start":{},"end":{}}],"line":164},"13":{"loc":{"start":{"line":164,"column":6},"end":{"line":164,"column":32}},"type":"binary-expr","locations":[{"start":{"line":164,"column":6},"end":{"line":164,"column":11}},{"start":{"line":164,"column":15},"end":{"line":164,"column":32}}],"line":164},"14":{"loc":{"start":{"line":175,"column":2},"end":{"line":178,"column":3}},"type":"if","locations":[{"start":{"line":175,"column":2},"end":{"line":178,"column":3}},{"start":{},"end":{}}],"line":175},"15":{"loc":{"start":{"line":180,"column":9},"end":{"line":180,"column":21}},"type":"binary-expr","locations":[{"start":{"line":180,"column":9},"end":{"line":180,"column":15}},{"start":{"line":180,"column":19},"end":{"line":180,"column":21}}],"line":180},"16":{"loc":{"start":{"line":192,"column":2},"end":{"line":195,"column":3}},"type":"if","locations":[{"start":{"line":192,"column":2},"end":{"line":195,"column":3}},{"start":{},"end":{}}],"line":192},"17":{"loc":{"start":{"line":197,"column":9},"end":{"line":197,"column":19}},"type":"binary-expr","locations":[{"start":{"line":197,"column":9},"end":{"line":197,"column":14}},{"start":{"line":197,"column":18},"end":{"line":197,"column":19}}],"line":197}},"s":{"0":0,"1":0,"2":0,"3":0,"4":0,"5":0,"6":0,"7":0,"8":0,"9":0,"10":0,"11":0,"12":0,"13":0,"14":0,"15":0,"16":0,"17":0,"18":0,"19":0,"20":0,"21":0,"22":0,"23":0,"24":0,"25":0,"26":0,"27":0,"28":0,"29":0,"30":0,"31":0,"32":0,"33":0,"34":0,"35":0,"36":0,"37":0,"38":0,"39":0,"40":0,"41":0,"42":0,"43":0,"44":0,"45":0,"46":0,"47":0,"48":0,"49":0,"50":0,"51":0,"52":0,"53":0,"54":0,"55":0,"56":0,"57":0},"f":{"0":0,"1":0,"2":0,"3":0,"4":0,"5":0,"6":0,"7":0,"8":0,"9":0},"b":{"0":[0,0],"1":[0,0],"2":[0,0],"3":[0,0],"4":[0,0],"5":[0,0],"6":[0,0],"7":[0,0],"8":[0,0],"9":[0,0],"10":[0,0],"11":[0,0],"12":[0,0],"13":[0,0],"14":[0,0],"15":[0,0],"16":[0,0],"17":[0,0]}}
,"/Users/ninanitzsche/aipm/gartenplaner-app/src/services/cacheService.ts": {"path":"/Users/ninanitzsche/aipm/gartenplaner-app/src/services/cacheService.ts","statementMap":{"0":{"start":{"line":17,"column":25},"end":{"line":17,"column":46}},"1":{"start":{"line":18,"column":24},"end":{"line":18,"column":34}},"2":{"start":{"line":20,"column":20},"end":{"line":20,"column":35}},"3":{"start":{"line":23,"column":13},"end":{"line":23,"column":14}},"4":{"start":{"line":24,"column":2},"end":{"line":28,"column":3}},"5":{"start":{"line":24,"column":15},"end":{"line":24,"column":16}},"6":{"start":{"line":25,"column":17},"end":{"line":25,"column":34}},"7":{"start":{"line":26,"column":4},"end":{"line":26,"column":39}},"8":{"start":{"line":27,"column":4},"end":{"line":27,"column":23}},"9":{"start":{"line":29,"column":2},"end":{"line":29,"column":37}},"10":{"start":{"line":32,"column":30},"end":{"line":36,"column":10}},"11":{"start":{"line":38,"column":22},"end":{"line":38,"column":31}},"12":{"start":{"line":50,"column":2},"end":{"line":50,"column":33}},"13":{"start":{"line":60,"column":2},"end":{"line":74,"column":3}},"14":{"start":{"line":61,"column":22},"end":{"line":61,"column":49}},"15":{"start":{"line":62,"column":39},"end":{"line":66,"column":5}},"16":{"start":{"line":68,"column":4},"end":{"line":71,"column":6}},"17":{"start":{"line":73,"column":4},"end":{"line":73,"column":58}},"18":{"start":{"line":83,"column":2},"end":{"line":110,"column":3}},"19":{"start":{"line":84,"column":22},"end":{"line":84,"column":49}},"20":{"start":{"line":85,"column":19},"end":{"line":85,"column":80}},"21":{"start":{"line":87,"column":4},"end":{"line":89,"column":5}},"22":{"start":{"line":88,"column":6},"end":{"line":88,"column":30}},"23":{"start":{"line":91,"column":39},"end":{"line":91,"column":57}},"24":{"start":{"line":92,"column":16},"end":{"line":92,"column":44}},"25":{"start":{"line":93,"column":19},"end":{"line":93,"column":34}},"26":{"start":{"line":96,"column":4},"end":{"line":100,"column":5}},"27":{"start":{"line":98,"column":6},"end":{"line":98,"column":71}},"28":{"start":{"line":99,"column":6},"end":{"line":99,"column":30}},"29":{"start":{"line":102,"column":4},"end":{"line":106,"column":6}},"30":{"start":{"line":108,"column":4},"end":{"line":108,"column":65}},"31":{"start":{"line":109,"column":4},"end":{"line":109,"column":28}},"32":{"start":{"line":117,"column":2},"end":{"line":123,"column":3}},"33":{"start":{"line":118,"column":17},"end":{"line":118,"column":48}},"34":{"start":{"line":119,"column":22},"end":{"line":119,"column":76}},"35":{"start":{"line":119,"column":43},"end":{"line":119,"column":75}},"36":{"start":{"line":120,"column":4},"end":{"line":120,"column":46}},"37":{"start":{"line":122,"column":4},"end":{"line":122,"column":65}},"38":{"start":{"line":133,"column":2},"end":{"line":152,"column":3}},"39":{"start":{"line":134,"column":17},"end":{"line":134,"column":48}},"40":{"start":{"line":135,"column":22},"end":{"line":135,"column":76}},"41":{"start":{"line":135,"column":43},"end":{"line":135,"column":75}},"42":{"start":{"line":137,"column":20},"end":{"line":137,"column":21}},"43":{"start":{"line":138,"column":4},"end":{"line":143,"column":5}},"44":{"start":{"line":139,"column":20},"end":{"line":139,"column":51}},"45":{"start":{"line":140,"column":6},"end":{"line":142,"column":7}},"46":{"start":{"line":141,"column":8},"end":{"line":141,"column":34}},"47":{"start":{"line":145,"column":4},"end":{"line":148,"column":6}},"48":{"start":{"line":150,"column":4},"end":{"line":150,"column":55}},"49":{"start":{"line":151,"column":4},"end":{"line":151,"column":33}},"50":{"start":{"line":156,"column":20},"end":{"line":160,"column":3}},"51":{"start":{"line":161,"column":2},"end":{"line":161,"column":36}},"52":{"start":{"line":165,"column":2},"end":{"line":174,"column":3}},"53":{"start":{"line":167,"column":6},"end":{"line":167,"column":29}},"54":{"start":{"line":169,"column":6},"end":{"line":169,"column":28}},"55":{"start":{"line":171,"column":6},"end":{"line":171,"column":34}},"56":{"start":{"line":173,"column":6},"end":{"line":173,"column":25}},"57":{"start":{"line":181,"column":2},"end":{"line":195,"column":3}},"58":{"start":{"line":182,"column":22},"end":{"line":182,"column":49}},"59":{"start":{"line":183,"column":18},"end":{"line":188,"column":5}},"60":{"start":{"line":189,"column":4},"end":{"line":192,"column":6}},"61":{"start":{"line":194,"column":4},"end":{"line":194,"column":61}},"62":{"start":{"line":202,"column":2},"end":{"line":216,"column":3}},"63":{"start":{"line":203,"column":22},"end":{"line":203,"column":49}},"64":{"start":{"line":204,"column":18},"end":{"line":209,"column":5}},"65":{"start":{"line":210,"column":4},"end":{"line":213,"column":6}},"66":{"start":{"line":215,"column":4},"end":{"line":215,"column":58}},"67":{"start":{"line":224,"column":2},"end":{"line":238,"column":3}},"68":{"start":{"line":225,"column":16},"end":{"line":225,"column":38}},"69":{"start":{"line":226,"column":18},"end":{"line":231,"column":5}},"70":{"start":{"line":232,"column":4},"end":{"line":235,"column":6}},"71":{"start":{"line":237,"column":4},"end":{"line":237,"column":55}},"72":{"start":{"line":245,"column":2},"end":{"line":270,"column":3}},"73":{"start":{"line":246,"column":16},"end":{"line":246,"column":34}},"74":{"start":{"line":247,"column":19},"end":{"line":247,"column":50}},"75":{"start":{"line":249,"column":4},"end":{"line":251,"column":5}},"76":{"start":{"line":250,"column":6},"end":{"line":250,"column":30}},"77":{"start":{"line":253,"column":18},"end":{"line":253,"column":36}},"78":{"start":{"line":254,"column":16},"end":{"line":254,"column":44}},"79":{"start":{"line":255,"column":19},"end":{"line":255,"column":44}},"80":{"start":{"line":257,"column":4},"end":{"line":260,"column":5}},"81":{"start":{"line":258,"column":6},"end":{"line":258,"column":41}},"82":{"start":{"line":259,"column":6},"end":{"line":259,"column":30}},"83":{"start":{"line":262,"column":4},"end":{"line":266,"column":6}},"84":{"start":{"line":268,"column":4},"end":{"line":268,"column":52}},"85":{"start":{"line":269,"column":4},"end":{"line":269,"column":28}},"86":{"start":{"line":277,"column":2},"end":{"line":282,"column":3}},"87":{"start":{"line":278,"column":16},"end":{"line":278,"column":34}},"88":{"start":{"line":279,"column":4},"end":{"line":279,"column":39}},"89":{"start":{"line":281,"column":4},"end":{"line":281,"column":57}},"90":{"start":{"line":286,"column":2},"end":{"line":294,"column":3}},"91":{"start":{"line":287,"column":17},"end":{"line":287,"column":48}},"92":{"start":{"line":288,"column":25},"end":{"line":288,"column":68}},"93":{"start":{"line":288,"column":46},"end":{"line":288,"column":67}},"94":{"start":{"line":289,"column":4},"end":{"line":291,"column":5}},"95":{"start":{"line":290,"column":6},"end":{"line":290,"column":51}},"96":{"start":{"line":293,"column":4},"end":{"line":293,"column":65}},"97":{"start":{"line":302,"column":2},"end":{"line":329,"column":3}},"98":{"start":{"line":303,"column":17},"end":{"line":303,"column":48}},"99":{"start":{"line":305,"column":28},"end":{"line":315,"column":5}},"100":{"start":{"line":306,"column":23},"end":{"line":306,"column":67}},"101":{"start":{"line":306,"column":44},"end":{"line":306,"column":66}},"102":{"start":{"line":307,"column":22},"end":{"line":307,"column":23}},"103":{"start":{"line":308,"column":6},"end":{"line":313,"column":7}},"104":{"start":{"line":309,"column":22},"end":{"line":309,"column":53}},"105":{"start":{"line":310,"column":8},"end":{"line":312,"column":9}},"106":{"start":{"line":311,"column":10},"end":{"line":311,"column":36}},"107":{"start":{"line":314,"column":6},"end":{"line":314,"column":57}},"108":{"start":{"line":317,"column":4},"end":{"line":321,"column":6}},"109":{"start":{"line":323,"column":4},"end":{"line":323,"column":58}},"110":{"start":{"line":324,"column":4},"end":{"line":328,"column":6}},"111":{"start":{"line":333,"column":2},"end":{"line":358,"column":3}},"112":{"start":{"line":334,"column":17},"end":{"line":334,"column":48}},"113":{"start":{"line":335,"column":33},"end":{"line":335,"column":35}},"114":{"start":{"line":337,"column":4},"end":{"line":351,"column":5}},"115":{"start":{"line":338,"column":24},"end":{"line":342,"column":7}},"116":{"start":{"line":343,"column":6},"end":{"line":343,"column":75}},"117":{"start":{"line":343,"column":42},"end":{"line":343,"column":73}},"118":{"start":{"line":345,"column":6},"end":{"line":350,"column":8}},"119":{"start":{"line":347,"column":10},"end":{"line":349,"column":51}},"120":{"start":{"line":353,"column":4},"end":{"line":355,"column":5}},"121":{"start":{"line":354,"column":6},"end":{"line":354,"column":51}},"122":{"start":{"line":357,"column":4},"end":{"line":357,"column":53}},"123":{"start":{"line":365,"column":2},"end":{"line":378,"column":3}},"124":{"start":{"line":366,"column":16},"end":{"line":366,"column":34}},"125":{"start":{"line":367,"column":19},"end":{"line":367,"column":50}},"126":{"start":{"line":369,"column":4},"end":{"line":371,"column":5}},"127":{"start":{"line":370,"column":6},"end":{"line":370,"column":18}},"128":{"start":{"line":373,"column":18},"end":{"line":373,"column":36}},"129":{"start":{"line":374,"column":4},"end":{"line":374,"column":40}},"130":{"start":{"line":376,"column":4},"end":{"line":376,"column":56}},"131":{"start":{"line":377,"column":4},"end":{"line":377,"column":16}}},"fnMap":{"0":{"name":"generateSimpleHash","decl":{"start":{"line":22,"column":9},"end":{"line":22,"column":27}},"loc":{"start":{"line":22,"column":49},"end":{"line":30,"column":1}},"line":22},"1":{"name":"generateImageHash","decl":{"start":{"line":49,"column":9},"end":{"line":49,"column":26}},"loc":{"start":{"line":49,"column":48},"end":{"line":51,"column":1}},"line":49},"2":{"name":"cacheIdentification","decl":{"start":{"line":56,"column":22},"end":{"line":56,"column":41}},"loc":{"start":{"line":59,"column":17},"end":{"line":75,"column":1}},"line":59},"3":{"name":"getCachedIdentification","decl":{"start":{"line":80,"column":22},"end":{"line":80,"column":45}},"loc":{"start":{"line":82,"column":24},"end":{"line":111,"column":1}},"line":82},"4":{"name":"clearIdentificationCache","decl":{"start":{"line":116,"column":22},"end":{"line":116,"column":46}},"loc":{"start":{"line":116,"column":64},"end":{"line":124,"column":1}},"line":116},"5":{"name":"(anonymous_5)","decl":{"start":{"line":119,"column":34},"end":{"line":119,"column":35}},"loc":{"start":{"line":119,"column":43},"end":{"line":119,"column":75}},"line":119},"6":{"name":"getCacheStats","decl":{"start":{"line":129,"column":22},"end":{"line":129,"column":35}},"loc":{"start":{"line":132,"column":3},"end":{"line":153,"column":1}},"line":132},"7":{"name":"(anonymous_7)","decl":{"start":{"line":135,"column":34},"end":{"line":135,"column":35}},"loc":{"start":{"line":135,"column":43},"end":{"line":135,"column":75}},"line":135},"8":{"name":"cacheKey","decl":{"start":{"line":155,"column":9},"end":{"line":155,"column":17}},"loc":{"start":{"line":155,"column":57},"end":{"line":162,"column":1}},"line":155},"9":{"name":"getTTL","decl":{"start":{"line":164,"column":9},"end":{"line":164,"column":15}},"loc":{"start":{"line":164,"column":43},"end":{"line":175,"column":1}},"line":164},"10":{"name":"cacheAIIdentification","decl":{"start":{"line":177,"column":22},"end":{"line":177,"column":43}},"loc":{"start":{"line":180,"column":17},"end":{"line":196,"column":1}},"line":180},"11":{"name":"cachePestDetection","decl":{"start":{"line":198,"column":22},"end":{"line":198,"column":40}},"loc":{"start":{"line":201,"column":17},"end":{"line":217,"column":1}},"line":201},"12":{"name":"cacheSuggestions","decl":{"start":{"line":219,"column":22},"end":{"line":219,"column":38}},"loc":{"start":{"line":223,"column":17},"end":{"line":239,"column":1}},"line":223},"13":{"name":"getAICache","decl":{"start":{"line":241,"column":22},"end":{"line":241,"column":32}},"loc":{"start":{"line":244,"column":55},"end":{"line":271,"column":1}},"line":244},"14":{"name":"invalidateAICache","decl":{"start":{"line":273,"column":22},"end":{"line":273,"column":39}},"loc":{"start":{"line":276,"column":17},"end":{"line":283,"column":1}},"line":276},"15":{"name":"invalidateByPattern","decl":{"start":{"line":285,"column":22},"end":{"line":285,"column":41}},"loc":{"start":{"line":285,"column":74},"end":{"line":295,"column":1}},"line":285},"16":{"name":"(anonymous_16)","decl":{"start":{"line":288,"column":37},"end":{"line":288,"column":38}},"loc":{"start":{"line":288,"column":46},"end":{"line":288,"column":67}},"line":288},"17":{"name":"getAICacheStats","decl":{"start":{"line":297,"column":22},"end":{"line":297,"column":37}},"loc":{"start":{"line":301,"column":3},"end":{"line":330,"column":1}},"line":301},"18":{"name":"(anonymous_18)","decl":{"start":{"line":305,"column":28},"end":{"line":305,"column":29}},"loc":{"start":{"line":305,"column":54},"end":{"line":315,"column":5}},"line":305},"19":{"name":"(anonymous_19)","decl":{"start":{"line":306,"column":35},"end":{"line":306,"column":36}},"loc":{"start":{"line":306,"column":44},"end":{"line":306,"column":66}},"line":306},"20":{"name":"clearAICache","decl":{"start":{"line":332,"column":22},"end":{"line":332,"column":34}},"loc":{"start":{"line":332,"column":70},"end":{"line":359,"column":1}},"line":332},"21":{"name":"(anonymous_21)","decl":{"start":{"line":343,"column":33},"end":{"line":343,"column":34}},"loc":{"start":{"line":343,"column":42},"end":{"line":343,"column":73}},"line":343},"22":{"name":"(anonymous_22)","decl":{"start":{"line":346,"column":8},"end":{"line":346,"column":9}},"loc":{"start":{"line":347,"column":10},"end":{"line":349,"column":51}},"line":347},"23":{"name":"getAICacheAge","decl":{"start":{"line":361,"column":22},"end":{"line":361,"column":35}},"loc":{"start":{"line":364,"column":26},"end":{"line":379,"column":1}},"line":364}},"branchMap":{"0":{"loc":{"start":{"line":87,"column":4},"end":{"line":89,"column":5}},"type":"if","locations":[{"start":{"line":87,"column":4},"end":{"line":89,"column":5}},{"start":{},"end":{}}],"line":87},"1":{"loc":{"start":{"line":96,"column":4},"end":{"line":100,"column":5}},"type":"if","locations":[{"start":{"line":96,"column":4},"end":{"line":100,"column":5}},{"start":{},"end":{}}],"line":96},"2":{"loc":{"start":{"line":140,"column":6},"end":{"line":142,"column":7}},"type":"if","locations":[{"start":{"line":140,"column":6},"end":{"line":142,"column":7}},{"start":{},"end":{}}],"line":140},"3":{"loc":{"start":{"line":165,"column":2},"end":{"line":174,"column":3}},"type":"switch","locations":[{"start":{"line":166,"column":4},"end":{"line":167,"column":29}},{"start":{"line":168,"column":4},"end":{"line":169,"column":28}},{"start":{"line":170,"column":4},"end":{"line":171,"column":34}},{"start":{"line":172,"column":4},"end":{"line":173,"column":25}}],"line":165},"4":{"loc":{"start":{"line":249,"column":4},"end":{"line":251,"column":5}},"type":"if","locations":[{"start":{"line":249,"column":4},"end":{"line":251,"column":5}},{"start":{},"end":{}}],"line":249},"5":{"loc":{"start":{"line":255,"column":19},"end":{"line":255,"column":44}},"type":"binary-expr","locations":[{"start":{"line":255,"column":19},"end":{"line":255,"column":28}},{"start":{"line":255,"column":32},"end":{"line":255,"column":44}}],"line":255},"6":{"loc":{"start":{"line":257,"column":4},"end":{"line":260,"column":5}},"type":"if","locations":[{"start":{"line":257,"column":4},"end":{"line":260,"column":5}},{"start":{},"end":{}}],"line":257},"7":{"loc":{"start":{"line":289,"column":4},"end":{"line":291,"column":5}},"type":"if","locations":[{"start":{"line":289,"column":4},"end":{"line":291,"column":5}},{"start":{},"end":{}}],"line":289},"8":{"loc":{"start":{"line":310,"column":8},"end":{"line":312,"column":9}},"type":"if","locations":[{"start":{"line":310,"column":8},"end":{"line":312,"column":9}},{"start":{},"end":{}}],"line":310},"9":{"loc":{"start":{"line":337,"column":4},"end":{"line":351,"column":5}},"type":"if","locations":[{"start":{"line":337,"column":4},"end":{"line":351,"column":5}},{"start":{"line":344,"column":11},"end":{"line":351,"column":5}}],"line":337},"10":{"loc":{"start":{"line":347,"column":10},"end":{"line":349,"column":51}},"type":"binary-expr","locations":[{"start":{"line":347,"column":10},"end":{"line":347,"column":46}},{"start":{"line":348,"column":10},"end":{"line":348,"column":45}},{"start":{"line":349,"column":10},"end":{"line":349,"column":51}}],"line":347},"11":{"loc":{"start":{"line":353,"column":4},"end":{"line":355,"column":5}},"type":"if","locations":[{"start":{"line":353,"column":4},"end":{"line":355,"column":5}},{"start":{},"end":{}}],"line":353},"12":{"loc":{"start":{"line":369,"column":4},"end":{"line":371,"column":5}},"type":"if","locations":[{"start":{"line":369,"column":4},"end":{"line":371,"column":5}},{"start":{},"end":{}}],"line":369}},"s":{"0":0,"1":0,"2":0,"3":0,"4":0,"5":0,"6":0,"7":0,"8":0,"9":0,"10":0,"11":0,"12":0,"13":0,"14":0,"15":0,"16":0,"17":0,"18":0,"19":0,"20":0,"21":0,"22":0,"23":0,"24":0,"25":0,"26":0,"27":0,"28":0,"29":0,"30":0,"31":0,"32":0,"33":0,"34":0,"35":0,"36":0,"37":0,"38":0,"39":0,"40":0,"41":0,"42":0,"43":0,"44":0,"45":0,"46":0,"47":0,"48":0,"49":0,"50":0,"51":0,"52":0,"53":0,"54":0,"55":0,"56":0,"57":0,"58":0,"59":0,"60":0,"61":0,"62":0,"63":0,"64":0,"65":0,"66":0,"67":0,"68":0,"69":0,"70":0,"71":0,"72":0,"73":0,"74":0,"75":0,"76":0,"77":0,"78":0,"79":0,"80":0,"81":0,"82":0,"83":0,"84":0,"85":0,"86":0,"87":0,"88":0,"89":0,"90":0,"91":0,"92":0,"93":0,"94":0,"95":0,"96":0,"97":0,"98":0,"99":0,"100":0,"101":0,"102":0,"103":0,"104":0,"105":0,"106":0,"107":0,"108":0,"109":0,"110":0,"111":0,"112":0,"113":0,"114":0,"115":0,"116":0,"117":0,"118":0,"119":0,"120":0,"121":0,"122":0,"123":0,"124":0,"125":0,"126":0,"127":0,"128":0,"129":0,"130":0,"131":0},"f":{"0":0,"1":0,"2":0,"3":0,"4":0,"5":0,"6":0,"7":0,"8":0,"9":0,"10":0,"11":0,"12":0,"13":0,"14":0,"15":0,"16":0,"17":0,"18":0,"19":0,"20":0,"21":0,"22":0,"23":0},"b":{"0":[0,0],"1":[0,0],"2":[0,0],"3":[0,0,0,0],"4":[0,0],"5":[0,0],"6":[0,0],"7":[0,0],"8":[0,0],"9":[0,0],"10":[0,0,0],"11":[0,0],"12":[0,0]}}
,"/Users/ninanitzsche/aipm/gartenplaner-app/src/services/companionService.ts": {"path":"/Users/ninanitzsche/aipm/gartenplaner-app/src/services/companionService.ts","statementMap":{"0":{"start":{"line":17,"column":2},"end":{"line":54,"column":3}},"1":{"start":{"line":18,"column":4},"end":{"line":20,"column":5}},"2":{"start":{"line":19,"column":6},"end":{"line":19,"column":18}},"3":{"start":{"line":22,"column":27},"end":{"line":22,"column":57}},"4":{"start":{"line":25,"column":26},"end":{"line":29,"column":20}},"5":{"start":{"line":32,"column":4},"end":{"line":43,"column":5}},"6":{"start":{"line":33,"column":31},"end":{"line":37,"column":22}},"7":{"start":{"line":39,"column":6},"end":{"line":42,"column":7}},"8":{"start":{"line":40,"column":8},"end":{"line":40,"column":22}},"9":{"start":{"line":41,"column":8},"end":{"line":41,"column":21}},"10":{"start":{"line":45,"column":4},"end":{"line":48,"column":5}},"11":{"start":{"line":46,"column":6},"end":{"line":46,"column":84}},"12":{"start":{"line":47,"column":6},"end":{"line":47,"column":18}},"13":{"start":{"line":50,"column":4},"end":{"line":50,"column":51}},"14":{"start":{"line":52,"column":4},"end":{"line":52,"column":82}},"15":{"start":{"line":53,"column":4},"end":{"line":53,"column":16}},"16":{"start":{"line":62,"column":2},"end":{"line":74,"column":3}},"17":{"start":{"line":63,"column":28},"end":{"line":66,"column":47}},"18":{"start":{"line":68,"column":4},"end":{"line":68,"column":27}},"19":{"start":{"line":68,"column":15},"end":{"line":68,"column":27}},"20":{"start":{"line":70,"column":4},"end":{"line":70,"column":44}},"21":{"start":{"line":72,"column":4},"end":{"line":72,"column":67}},"22":{"start":{"line":73,"column":4},"end":{"line":73,"column":14}},"23":{"start":{"line":83,"column":2},"end":{"line":100,"column":3}},"24":{"start":{"line":84,"column":4},"end":{"line":86,"column":5}},"25":{"start":{"line":85,"column":6},"end":{"line":85,"column":16}},"26":{"start":{"line":88,"column":28},"end":{"line":92,"column":47}},"27":{"start":{"line":94,"column":4},"end":{"line":94,"column":27}},"28":{"start":{"line":94,"column":15},"end":{"line":94,"column":27}},"29":{"start":{"line":96,"column":4},"end":{"line":96,"column":44}},"30":{"start":{"line":98,"column":4},"end":{"line":98,"column":64}},"31":{"start":{"line":99,"column":4},"end":{"line":99,"column":14}},"32":{"start":{"line":113,"column":2},"end":{"line":142,"column":3}},"33":{"start":{"line":114,"column":23},"end":{"line":114,"column":65}},"34":{"start":{"line":115,"column":4},"end":{"line":115,"column":33}},"35":{"start":{"line":115,"column":21},"end":{"line":115,"column":33}},"36":{"start":{"line":118,"column":4},"end":{"line":125,"column":5}},"37":{"start":{"line":121,"column":18},"end":{"line":121,"column":65}},"38":{"start":{"line":124,"column":6},"end":{"line":124,"column":19}},"39":{"start":{"line":128,"column":4},"end":{"line":135,"column":5}},"40":{"start":{"line":131,"column":18},"end":{"line":131,"column":65}},"41":{"start":{"line":134,"column":6},"end":{"line":134,"column":18}},"42":{"start":{"line":138,"column":4},"end":{"line":138,"column":16}},"43":{"start":{"line":140,"column":4},"end":{"line":140,"column":76}},"44":{"start":{"line":141,"column":4},"end":{"line":141,"column":16}}},"fnMap":{"0":{"name":"getCompanionsByPlantName","decl":{"start":{"line":14,"column":22},"end":{"line":14,"column":46}},"loc":{"start":{"line":16,"column":34},"end":{"line":55,"column":1}},"line":16},"1":{"name":"getAllCompanions","decl":{"start":{"line":61,"column":22},"end":{"line":61,"column":38}},"loc":{"start":{"line":61,"column":68},"end":{"line":75,"column":1}},"line":61},"2":{"name":"searchCompanions","decl":{"start":{"line":82,"column":22},"end":{"line":82,"column":38}},"loc":{"start":{"line":82,"column":81},"end":{"line":101,"column":1}},"line":82},"3":{"name":"areCompanionsCompatible","decl":{"start":{"line":109,"column":22},"end":{"line":109,"column":45}},"loc":{"start":{"line":112,"column":27},"end":{"line":143,"column":1}},"line":112},"4":{"name":"(anonymous_4)","decl":{"start":{"line":121,"column":8},"end":{"line":121,"column":9}},"loc":{"start":{"line":121,"column":18},"end":{"line":121,"column":65}},"line":121},"5":{"name":"(anonymous_5)","decl":{"start":{"line":131,"column":8},"end":{"line":131,"column":9}},"loc":{"start":{"line":131,"column":18},"end":{"line":131,"column":65}},"line":131}},"branchMap":{"0":{"loc":{"start":{"line":18,"column":4},"end":{"line":20,"column":5}},"type":"if","locations":[{"start":{"line":18,"column":4},"end":{"line":20,"column":5}},{"start":{},"end":{}}],"line":18},"1":{"loc":{"start":{"line":18,"column":8},"end":{"line":18,"column":51}},"type":"binary-expr","locations":[{"start":{"line":18,"column":8},"end":{"line":18,"column":18}},{"start":{"line":18,"column":22},"end":{"line":18,"column":51}}],"line":18},"2":{"loc":{"start":{"line":32,"column":4},"end":{"line":43,"column":5}},"type":"if","locations":[{"start":{"line":32,"column":4},"end":{"line":43,"column":5}},{"start":{},"end":{}}],"line":32},"3":{"loc":{"start":{"line":39,"column":6},"end":{"line":42,"column":7}},"type":"if","locations":[{"start":{"line":39,"column":6},"end":{"line":42,"column":7}},{"start":{},"end":{}}],"line":39},"4":{"loc":{"start":{"line":45,"column":4},"end":{"line":48,"column":5}},"type":"if","locations":[{"start":{"line":45,"column":4},"end":{"line":48,"column":5}},{"start":{},"end":{}}],"line":45},"5":{"loc":{"start":{"line":45,"column":8},"end":{"line":45,"column":42}},"type":"binary-expr","locations":[{"start":{"line":45,"column":8},"end":{"line":45,"column":13}},{"start":{"line":45,"column":17},"end":{"line":45,"column":42}}],"line":45},"6":{"loc":{"start":{"line":50,"column":12},"end":{"line":50,"column":24}},"type":"binary-expr","locations":[{"start":{"line":50,"column":12},"end":{"line":50,"column":16}},{"start":{"line":50,"column":20},"end":{"line":50,"column":24}}],"line":50},"7":{"loc":{"start":{"line":68,"column":4},"end":{"line":68,"column":27}},"type":"if","locations":[{"start":{"line":68,"column":4},"end":{"line":68,"column":27}},{"start":{},"end":{}}],"line":68},"8":{"loc":{"start":{"line":70,"column":12},"end":{"line":70,"column":22}},"type":"binary-expr","locations":[{"start":{"line":70,"column":12},"end":{"line":70,"column":16}},{"start":{"line":70,"column":20},"end":{"line":70,"column":22}}],"line":70},"9":{"loc":{"start":{"line":84,"column":4},"end":{"line":86,"column":5}},"type":"if","locations":[{"start":{"line":84,"column":4},"end":{"line":86,"column":5}},{"start":{},"end":{}}],"line":84},"10":{"loc":{"start":{"line":84,"column":8},"end":{"line":84,"column":43}},"type":"binary-expr","locations":[{"start":{"line":84,"column":8},"end":{"line":84,"column":14}},{"start":{"line":84,"column":18},"end":{"line":84,"column":43}}],"line":84},"11":{"loc":{"start":{"line":94,"column":4},"end":{"line":94,"column":27}},"type":"if","locations":[{"start":{"line":94,"column":4},"end":{"line":94,"column":27}},{"start":{},"end":{}}],"line":94},"12":{"loc":{"start":{"line":96,"column":12},"end":{"line":96,"column":22}},"type":"binary-expr","locations":[{"start":{"line":96,"column":12},"end":{"line":96,"column":16}},{"start":{"line":96,"column":20},"end":{"line":96,"column":22}}],"line":96},"13":{"loc":{"start":{"line":115,"column":4},"end":{"line":115,"column":33}},"type":"if","locations":[{"start":{"line":115,"column":4},"end":{"line":115,"column":33}},{"start":{},"end":{}}],"line":115},"14":{"loc":{"start":{"line":118,"column":4},"end":{"line":125,"column":5}},"type":"if","locations":[{"start":{"line":118,"column":4},"end":{"line":125,"column":5}},{"start":{},"end":{}}],"line":118},"15":{"loc":{"start":{"line":119,"column":6},"end":{"line":122,"column":7}},"type":"binary-expr","locations":[{"start":{"line":119,"column":6},"end":{"line":119,"column":31}},{"start":{"line":120,"column":6},"end":{"line":122,"column":7}}],"line":119},"16":{"loc":{"start":{"line":128,"column":4},"end":{"line":135,"column":5}},"type":"if","locations":[{"start":{"line":128,"column":4},"end":{"line":135,"column":5}},{"start":{},"end":{}}],"line":128},"17":{"loc":{"start":{"line":129,"column":6},"end":{"line":132,"column":7}},"type":"binary-expr","locations":[{"start":{"line":129,"column":6},"end":{"line":129,"column":32}},{"start":{"line":130,"column":6},"end":{"line":132,"column":7}}],"line":129}},"s":{"0":0,"1":0,"2":0,"3":0,"4":0,"5":0,"6":0,"7":0,"8":0,"9":0,"10":0,"11":0,"12":0,"13":0,"14":0,"15":0,"16":0,"17":0,"18":0,"19":0,"20":0,"21":0,"22":0,"23":0,"24":0,"25":0,"26":0,"27":0,"28":0,"29":0,"30":0,"31":0,"32":0,"33":0,"34":0,"35":0,"36":0,"37":0,"38":0,"39":0,"40":0,"41":0,"42":0,"43":0,"44":0},"f":{"0":0,"1":0,"2":0,"3":0,"4":0,"5":0},"b":{"0":[0,0],"1":[0,0],"2":[0,0],"3":[0,0],"4":[0,0],"5":[0,0],"6":[0,0],"7":[0,0],"8":[0,0],"9":[0,0],"10":[0,0],"11":[0,0],"12":[0,0],"13":[0,0],"14":[0,0],"15":[0,0],"16":[0,0],"17":[0,0]}}
,"/Users/ninanitzsche/aipm/gartenplaner-app/src/services/dashboardService.ts": {"path":"/Users/ninanitzsche/aipm/gartenplaner-app/src/services/dashboardService.ts","statementMap":{"0":{"start":{"line":39,"column":2},"end":{"line":76,"column":3}},"1":{"start":{"line":40,"column":49},"end":{"line":40,"column":78}},"2":{"start":{"line":41,"column":4},"end":{"line":41,"column":70}},"3":{"start":{"line":41,"column":28},"end":{"line":41,"column":70}},"4":{"start":{"line":43,"column":28},"end":{"line":46,"column":29}},"5":{"start":{"line":48,"column":4},"end":{"line":48,"column":27}},"6":{"start":{"line":48,"column":15},"end":{"line":48,"column":27}},"7":{"start":{"line":50,"column":21},"end":{"line":50,"column":42}},"8":{"start":{"line":51,"column":26},"end":{"line":51,"column":41}},"9":{"start":{"line":54,"column":72},"end":{"line":54,"column":74}},"10":{"start":{"line":55,"column":4},"end":{"line":61,"column":7}},"11":{"start":{"line":56,"column":24},"end":{"line":56,"column":51}},"12":{"start":{"line":57,"column":6},"end":{"line":59,"column":7}},"13":{"start":{"line":58,"column":8},"end":{"line":58,"column":59}},"14":{"start":{"line":60,"column":6},"end":{"line":60,"column":48}},"15":{"start":{"line":63,"column":25},"end":{"line":70,"column":18}},"16":{"start":{"line":64,"column":35},"end":{"line":68,"column":7}},"17":{"start":{"line":69,"column":22},"end":{"line":69,"column":45}},"18":{"start":{"line":72,"column":4},"end":{"line":72,"column":43}},"19":{"start":{"line":74,"column":4},"end":{"line":74,"column":59}},"20":{"start":{"line":75,"column":4},"end":{"line":75,"column":50}},"21":{"start":{"line":83,"column":2},"end":{"line":111,"column":3}},"22":{"start":{"line":84,"column":18},"end":{"line":84,"column":36}},"23":{"start":{"line":86,"column":23},"end":{"line":86,"column":35}},"24":{"start":{"line":87,"column":27},"end":{"line":87,"column":69}},"25":{"start":{"line":87,"column":47},"end":{"line":87,"column":61}},"26":{"start":{"line":88,"column":27},"end":{"line":88,"column":83}},"27":{"start":{"line":91,"column":26},"end":{"line":91,"column":95}},"28":{"start":{"line":91,"column":46},"end":{"line":91,"column":94}},"29":{"start":{"line":92,"column":27},"end":{"line":92,"column":97}},"30":{"start":{"line":92,"column":60},"end":{"line":92,"column":93}},"31":{"start":{"line":93,"column":25},"end":{"line":93,"column":93}},"32":{"start":{"line":95,"column":4},"end":{"line":101,"column":6}},"33":{"start":{"line":103,"column":4},"end":{"line":103,"column":56}},"34":{"start":{"line":104,"column":4},"end":{"line":110,"column":6}},"35":{"start":{"line":118,"column":2},"end":{"line":143,"column":3}},"36":{"start":{"line":119,"column":49},"end":{"line":119,"column":78}},"37":{"start":{"line":120,"column":4},"end":{"line":120,"column":70}},"38":{"start":{"line":120,"column":28},"end":{"line":120,"column":70}},"39":{"start":{"line":122,"column":28},"end":{"line":125,"column":29}},"40":{"start":{"line":127,"column":4},"end":{"line":127,"column":27}},"41":{"start":{"line":127,"column":15},"end":{"line":127,"column":27}},"42":{"start":{"line":129,"column":19},"end":{"line":129,"column":40}},"43":{"start":{"line":130,"column":49},"end":{"line":130,"column":51}},"44":{"start":{"line":132,"column":4},"end":{"line":135,"column":7}},"45":{"start":{"line":133,"column":21},"end":{"line":133,"column":44}},"46":{"start":{"line":134,"column":6},"end":{"line":134,"column":61}},"47":{"start":{"line":137,"column":4},"end":{"line":139,"column":41}},"48":{"start":{"line":138,"column":33},"end":{"line":138,"column":50}},"49":{"start":{"line":139,"column":22},"end":{"line":139,"column":39}},"50":{"start":{"line":141,"column":4},"end":{"line":141,"column":69}},"51":{"start":{"line":142,"column":4},"end":{"line":142,"column":14}},"52":{"start":{"line":150,"column":2},"end":{"line":191,"column":3}},"53":{"start":{"line":151,"column":41},"end":{"line":151,"column":43}},"54":{"start":{"line":154,"column":21},"end":{"line":154,"column":51}},"55":{"start":{"line":155,"column":4},"end":{"line":162,"column":7}},"56":{"start":{"line":156,"column":6},"end":{"line":161,"column":9}},"57":{"start":{"line":165,"column":18},"end":{"line":165,"column":36}},"58":{"start":{"line":166,"column":27},"end":{"line":173,"column":22}},"59":{"start":{"line":167,"column":21},"end":{"line":167,"column":35}},"60":{"start":{"line":169,"column":22},"end":{"line":169,"column":62}},"61":{"start":{"line":170,"column":22},"end":{"line":170,"column":62}},"62":{"start":{"line":171,"column":8},"end":{"line":171,"column":29}},"63":{"start":{"line":175,"column":4},"end":{"line":182,"column":7}},"64":{"start":{"line":176,"column":6},"end":{"line":181,"column":9}},"65":{"start":{"line":185,"column":4},"end":{"line":187,"column":23}},"66":{"start":{"line":186,"column":22},"end":{"line":186,"column":77}},"67":{"start":{"line":189,"column":4},"end":{"line":189,"column":59}},"68":{"start":{"line":190,"column":4},"end":{"line":190,"column":14}},"69":{"start":{"line":198,"column":2},"end":{"line":220,"column":3}},"70":{"start":{"line":199,"column":66},"end":{"line":204,"column":6}},"71":{"start":{"line":206,"column":4},"end":{"line":211,"column":6}},"72":{"start":{"line":213,"column":4},"end":{"line":213,"column":58}},"73":{"start":{"line":214,"column":4},"end":{"line":219,"column":6}}},"fnMap":{"0":{"name":"getHarvestMetrics","decl":{"start":{"line":38,"column":22},"end":{"line":38,"column":39}},"loc":{"start":{"line":38,"column":67},"end":{"line":77,"column":1}},"line":38},"1":{"name":"(anonymous_1)","decl":{"start":{"line":55,"column":21},"end":{"line":55,"column":22}},"loc":{"start":{"line":55,"column":28},"end":{"line":61,"column":5}},"line":55},"2":{"name":"(anonymous_2)","decl":{"start":{"line":64,"column":11},"end":{"line":64,"column":12}},"loc":{"start":{"line":64,"column":35},"end":{"line":68,"column":7}},"line":64},"3":{"name":"(anonymous_3)","decl":{"start":{"line":69,"column":12},"end":{"line":69,"column":13}},"loc":{"start":{"line":69,"column":22},"end":{"line":69,"column":45}},"line":69},"4":{"name":"getTaskMetrics","decl":{"start":{"line":82,"column":22},"end":{"line":82,"column":36}},"loc":{"start":{"line":82,"column":61},"end":{"line":112,"column":1}},"line":82},"5":{"name":"(anonymous_5)","decl":{"start":{"line":87,"column":40},"end":{"line":87,"column":41}},"loc":{"start":{"line":87,"column":47},"end":{"line":87,"column":61}},"line":87},"6":{"name":"(anonymous_6)","decl":{"start":{"line":91,"column":39},"end":{"line":91,"column":40}},"loc":{"start":{"line":91,"column":46},"end":{"line":91,"column":94}},"line":91},"7":{"name":"(anonymous_7)","decl":{"start":{"line":92,"column":48},"end":{"line":92,"column":49}},"loc":{"start":{"line":92,"column":60},"end":{"line":92,"column":93}},"line":92},"8":{"name":"getPlantStatusDistribution","decl":{"start":{"line":117,"column":22},"end":{"line":117,"column":48}},"loc":{"start":{"line":117,"column":87},"end":{"line":144,"column":1}},"line":117},"9":{"name":"(anonymous_9)","decl":{"start":{"line":132,"column":19},"end":{"line":132,"column":20}},"loc":{"start":{"line":132,"column":26},"end":{"line":135,"column":5}},"line":132},"10":{"name":"(anonymous_10)","decl":{"start":{"line":138,"column":11},"end":{"line":138,"column":12}},"loc":{"start":{"line":138,"column":33},"end":{"line":138,"column":50}},"line":138},"11":{"name":"(anonymous_11)","decl":{"start":{"line":139,"column":12},"end":{"line":139,"column":13}},"loc":{"start":{"line":139,"column":22},"end":{"line":139,"column":39}},"line":139},"12":{"name":"getRecentActivity","decl":{"start":{"line":149,"column":22},"end":{"line":149,"column":39}},"loc":{"start":{"line":149,"column":86},"end":{"line":192,"column":1}},"line":149},"13":{"name":"(anonymous_13)","decl":{"start":{"line":155,"column":21},"end":{"line":155,"column":22}},"loc":{"start":{"line":155,"column":28},"end":{"line":162,"column":5}},"line":155},"14":{"name":"(anonymous_14)","decl":{"start":{"line":167,"column":14},"end":{"line":167,"column":15}},"loc":{"start":{"line":167,"column":21},"end":{"line":167,"column":35}},"line":167},"15":{"name":"(anonymous_15)","decl":{"start":{"line":168,"column":12},"end":{"line":168,"column":13}},"loc":{"start":{"line":168,"column":22},"end":{"line":172,"column":7}},"line":168},"16":{"name":"(anonymous_16)","decl":{"start":{"line":175,"column":27},"end":{"line":175,"column":28}},"loc":{"start":{"line":175,"column":34},"end":{"line":182,"column":5}},"line":175},"17":{"name":"(anonymous_17)","decl":{"start":{"line":186,"column":12},"end":{"line":186,"column":13}},"loc":{"start":{"line":186,"column":22},"end":{"line":186,"column":77}},"line":186},"18":{"name":"getDashboardData","decl":{"start":{"line":197,"column":22},"end":{"line":197,"column":38}},"loc":{"start":{"line":197,"column":41},"end":{"line":221,"column":1}},"line":197}},"branchMap":{"0":{"loc":{"start":{"line":41,"column":4},"end":{"line":41,"column":70}},"type":"if","locations":[{"start":{"line":41,"column":4},"end":{"line":41,"column":70}},{"start":{},"end":{}}],"line":41},"1":{"loc":{"start":{"line":41,"column":8},"end":{"line":41,"column":26}},"type":"binary-expr","locations":[{"start":{"line":41,"column":8},"end":{"line":41,"column":13}},{"start":{"line":41,"column":17},"end":{"line":41,"column":26}}],"line":41},"2":{"loc":{"start":{"line":48,"column":4},"end":{"line":48,"column":27}},"type":"if","locations":[{"start":{"line":48,"column":4},"end":{"line":48,"column":27}},{"start":{},"end":{}}],"line":48},"3":{"loc":{"start":{"line":50,"column":22},"end":{"line":50,"column":32}},"type":"binary-expr","locations":[{"start":{"line":50,"column":22},"end":{"line":50,"column":26}},{"start":{"line":50,"column":30},"end":{"line":50,"column":32}}],"line":50},"4":{"loc":{"start":{"line":56,"column":24},"end":{"line":56,"column":51}},"type":"binary-expr","locations":[{"start":{"line":56,"column":24},"end":{"line":56,"column":38}},{"start":{"line":56,"column":42},"end":{"line":56,"column":51}}],"line":56},"5":{"loc":{"start":{"line":57,"column":6},"end":{"line":59,"column":7}},"type":"if","locations":[{"start":{"line":57,"column":6},"end":{"line":59,"column":7}},{"start":{},"end":{}}],"line":57},"6":{"loc":{"start":{"line":88,"column":27},"end":{"line":88,"column":83}},"type":"cond-expr","locations":[{"start":{"line":88,"column":44},"end":{"line":88,"column":79}},{"start":{"line":88,"column":82},"end":{"line":88,"column":83}}],"line":88},"7":{"loc":{"start":{"line":91,"column":46},"end":{"line":91,"column":94}},"type":"binary-expr","locations":[{"start":{"line":91,"column":46},"end":{"line":91,"column":66}},{"start":{"line":91,"column":70},"end":{"line":91,"column":94}}],"line":91},"8":{"loc":{"start":{"line":92,"column":67},"end":{"line":92,"column":92}},"type":"binary-expr","locations":[{"start":{"line":92,"column":67},"end":{"line":92,"column":87}},{"start":{"line":92,"column":91},"end":{"line":92,"column":92}}],"line":92},"9":{"loc":{"start":{"line":93,"column":25},"end":{"line":93,"column":93}},"type":"cond-expr","locations":[{"start":{"line":93,"column":52},"end":{"line":93,"column":89}},{"start":{"line":93,"column":92},"end":{"line":93,"column":93}}],"line":93},"10":{"loc":{"start":{"line":120,"column":4},"end":{"line":120,"column":70}},"type":"if","locations":[{"start":{"line":120,"column":4},"end":{"line":120,"column":70}},{"start":{},"end":{}}],"line":120},"11":{"loc":{"start":{"line":120,"column":8},"end":{"line":120,"column":26}},"type":"binary-expr","locations":[{"start":{"line":120,"column":8},"end":{"line":120,"column":13}},{"start":{"line":120,"column":17},"end":{"line":120,"column":26}}],"line":120},"12":{"loc":{"start":{"line":127,"column":4},"end":{"line":127,"column":27}},"type":"if","locations":[{"start":{"line":127,"column":4},"end":{"line":127,"column":27}},{"start":{},"end":{}}],"line":127},"13":{"loc":{"start":{"line":129,"column":20},"end":{"line":129,"column":30}},"type":"binary-expr","locations":[{"start":{"line":129,"column":20},"end":{"line":129,"column":24}},{"start":{"line":129,"column":28},"end":{"line":129,"column":30}}],"line":129},"14":{"loc":{"start":{"line":133,"column":21},"end":{"line":133,"column":44}},"type":"binary-expr","locations":[{"start":{"line":133,"column
[...]
,"/Users/ninanitzsche/aipm/gartenplaner-app/src/utils/taskTimestamps.ts": {"path":"/Users/ninanitzsche/aipm/gartenplaner-app/src/utils/taskTimestamps.ts","statementMap":{"0":{"start":{"line":19,"column":26},"end":{"line":32,"column":1}},"1":{"start":{"line":34,"column":19},"end":{"line":47,"column":1}},"2":{"start":{"line":50,"column":25},"end":{"line":57,"column":1}},"3":{"start":{"line":63,"column":29},"end":{"line":63,"column":71}},"4":{"start":{"line":64,"column":19},"end":{"line":64,"column":51}},"5":{"start":{"line":66,"column":2},"end":{"line":70,"column":4}},"6":{"start":{"line":77,"column":65},"end":{"line":84,"column":3}},"7":{"start":{"line":86,"column":2},"end":{"line":88,"column":5}},"8":{"start":{"line":87,"column":4},"end":{"line":87,"column":40}},"9":{"start":{"line":90,"column":2},"end":{"line":90,"column":17}},"10":{"start":{"line":97,"column":2},"end":{"line":97,"column":52}},"11":{"start":{"line":104,"column":68},"end":{"line":285,"column":1}}},"fnMap":{"0":{"name":"mapTaskToTimeWindow","decl":{"start":{"line":62,"column":16},"end":{"line":62,"column":35}},"loc":{"start":{"line":62,"column":67},"end":{"line":71,"column":1}},"line":62},"1":{"name":"groupTasksByTimeWindow","decl":{"start":{"line":76,"column":16},"end":{"line":76,"column":38}},"loc":{"start":{"line":76,"column":68},"end":{"line":91,"column":1}},"line":76},"2":{"name":"(anonymous_2)","decl":{"start":{"line":86,"column":16},"end":{"line":86,"column":17}},"loc":{"start":{"line":86,"column":24},"end":{"line":88,"column":3}},"line":86},"3":{"name":"getTimeWindowLabel","decl":{"start":{"line":96,"column":16},"end":{"line":96,"column":34}},"loc":{"start":{"line":96,"column":67},"end":{"line":98,"column":1}},"line":96}},"branchMap":{"0":{"loc":{"start":{"line":68,"column":16},"end":{"line":68,"column":55}},"type":"binary-expr","locations":[{"start":{"line":68,"column":16},"end":{"line":68,"column":43}},{"start":{"line":68,"column":47},"end":{"line":68,"column":55}}],"line":68},"1":{"loc":{"start":{"line":69,"column":16},"end":{"line":69,"column":51}},"type":"binary-expr","locations":[{"start":{"line":69,"column":16},"end":{"line":69,"column":36}},{"start":{"line":69,"column":40},"end":{"line":69,"column":51}}],"line":69},"2":{"loc":{"start":{"line":97,"column":9},"end":{"line":97,"column":51}},"type":"binary-expr","locations":[{"start":{"line":97,"column":9},"end":{"line":97,"column":37}},{"start":{"line":97,"column":41},"end":{"line":97,"column":51}}],"line":97}},"s":{"0":0,"1":0,"2":0,"3":0,"4":0,"5":0,"6":0,"7":0,"8":0,"9":0,"10":0,"11":0},"f":{"0":0,"1":0,"2":0,"3":0},"b":{"0":[0,0],"1":[0,0],"2":[0,0]}}
,"/Users/ninanitzsche/aipm/gartenplaner-app/src/utils/zeitraumUtils.tsx": {"path":"/Users/ninanitzsche/aipm/gartenplaner-app/src/utils/zeitraumUtils.tsx","statementMap":{"0":{"start":{"line":23,"column":2},"end":{"line":23,"column":68}},"1":{"start":{"line":23,"column":40},"end":{"line":23,"column":68}},"2":{"start":{"line":24,"column":2},"end":{"line":24,"column":62}},"3":{"start":{"line":24,"column":37},"end":{"line":24,"column":62}},"4":{"start":{"line":25,"column":2},"end":{"line":25,"column":62}},"5":{"start":{"line":25,"column":37},"end":{"line":25,"column":62}},"6":{"start":{"line":26,"column":2},"end":{"line":26,"column":62}},"7":{"start":{"line":26,"column":37},"end":{"line":26,"column":62}},"8":{"start":{"line":27,"column":2},"end":{"line":27,"column":14}},"9":{"start":{"line":34,"column":2},"end":{"line":34,"column":61}},"10":{"start":{"line":34,"column":34},"end":{"line":34,"column":61}},"11":{"start":{"line":35,"column":2},"end":{"line":35,"column":61}},"12":{"start":{"line":35,"column":34},"end":{"line":35,"column":61}},"13":{"start":{"line":36,"column":2},"end":{"line":36,"column":61}},"14":{"start":{"line":36,"column":34},"end":{"line":36,"column":61}},"15":{"start":{"line":37,"column":2},"end":{"line":37,"column":14}},"16":{"start":{"line":45,"column":16},"end":{"line":45,"column":37}},"17":{"start":{"line":46,"column":14},"end":{"line":46,"column":34}},"18":{"start":{"line":52,"column":2},"end":{"line":82,"column":3}},"19":{"start":{"line":53,"column":4},"end":{"line":53,"column":38}},"20":{"start":{"line":55,"column":4},"end":{"line":57,"column":37}},"21":{"start":{"line":55,"column":21},"end":{"line":55,"column":49}},"22":{"start":{"line":56,"column":9},"end":{"line":57,"column":37}},"23":{"start":{"line":56,"column":26},"end":{"line":56,"column":54}},"24":{"start":{"line":57,"column":9},"end":{"line":57,"column":37}},"25":{"start":{"line":60,"column":7},"end":{"line":82,"column":3}},"26":{"start":{"line":61,"column":4},"end":{"line":61,"column":35}},"27":{"start":{"line":63,"column":4},"end":{"line":65,"column":37}},"28":{"start":{"line":63,"column":50},"end":{"line":63,"column":78}},"29":{"start":{"line":64,"column":9},"end":{"line":65,"column":37}},"30":{"start":{"line":64,"column":39},"end":{"line":64,"column":67}},"31":{"start":{"line":65,"column":9},"end":{"line":65,"column":37}},"32":{"start":{"line":68,"column":7},"end":{"line":82,"column":3}},"33":{"start":{"line":69,"column":4},"end":{"line":69,"column":35}},"34":{"start":{"line":71,"column":4},"end":{"line":73,"column":37}},"35":{"start":{"line":71,"column":21},"end":{"line":71,"column":49}},"36":{"start":{"line":72,"column":9},"end":{"line":73,"column":37}},"37":{"start":{"line":72,"column":26},"end":{"line":72,"column":54}},"38":{"start":{"line":73,"column":9},"end":{"line":73,"column":37}},"39":{"start":{"line":77,"column":4},"end":{"line":77,"column":35}},"40":{"start":{"line":79,"column":4},"end":{"line":81,"column":37}},"41":{"start":{"line":79,"column":22},"end":{"line":79,"column":50}},"42":{"start":{"line":80,"column":9},"end":{"line":81,"column":37}},"43":{"start":{"line":80,"column":55},"end":{"line":80,"column":83}},"44":{"start":{"line":81,"column":9},"end":{"line":81,"column":37}},"45":{"start":{"line":84,"column":2},"end":{"line":84,"column":59}},"46":{"start":{"line":94,"column":17},"end":{"line":94,"column":27}},"47":{"start":{"line":95,"column":17},"end":{"line":95,"column":22}},"48":{"start":{"line":97,"column":44},"end":{"line":110,"column":3}},"49":{"start":{"line":112,"column":2},"end":{"line":112,"column":61}},"50":{"start":{"line":119,"column":2},"end":{"line":119,"column":47}},"51":{"start":{"line":126,"column":2},"end":{"line":126,"column":53}},"52":{"start":{"line":133,"column":21},"end":{"line":133,"column":44}},"53":{"start":{"line":134,"column":2},"end":{"line":136,"column":3}},"54":{"start":{"line":135,"column":4},"end":{"line":135,"column":43}},"55":{"start":{"line":137,"column":2},"end":{"line":139,"column":3}},"56":{"start":{"line":138,"column":4},"end":{"line":138,"column":46}},"57":{"start":{"line":140,"column":2},"end":{"line":140,"column":41}},"58":{"start":{"line":147,"column":19},"end":{"line":147,"column":44}},"59":{"start":{"line":148,"column":2},"end":{"line":154,"column":4}},"60":{"start":{"line":161,"column":2},"end":{"line":161,"column":53}},"61":{"start":{"line":168,"column":2},"end":{"line":168,"column":38}},"62":{"start":{"line":175,"column":2},"end":{"line":177,"column":3}},"63":{"start":{"line":176,"column":4},"end":{"line":176,"column":16}},"64":{"start":{"line":178,"column":18},"end":{"line":178,"column":37}},"65":{"start":{"line":179,"column":2},"end":{"line":179,"column":30}},"66":{"start":{"line":186,"column":42},"end":{"line":201,"column":3}},"67":{"start":{"line":203,"column":2},"end":{"line":203,"column":77}},"68":{"start":{"line":203,"column":40},"end":{"line":203,"column":75}}},"fnMap":{"0":{"name":"getJahreszeit","decl":{"start":{"line":22,"column":16},"end":{"line":22,"column":29}},"loc":{"start":{"line":22,"column":69},"end":{"line":28,"column":1}},"line":22},"1":{"name":"getPhase","decl":{"start":{"line":33,"column":16},"end":{"line":33,"column":24}},"loc":{"start":{"line":33,"column":67},"end":{"line":38,"column":1}},"line":33},"2":{"name":"getAktuelleSaison","decl":{"start":{"line":44,"column":16},"end":{"line":44,"column":33}},"loc":{"start":{"line":44,"column":46},"end":{"line":85,"column":1}},"line":44},"3":{"name":"getZeitraumFromJahreszeitPhase","decl":{"start":{"line":90,"column":16},"end":{"line":90,"column":46}},"loc":{"start":{"line":93,"column":12},"end":{"line":113,"column":1}},"line":93},"4":{"name":"getZeitraumLabel","decl":{"start":{"line":118,"column":16},"end":{"line":118,"column":32}},"loc":{"start":{"line":118,"column":61},"end":{"line":120,"column":1}},"line":118},"5":{"name":"getZeitraumShortLabel","decl":{"start":{"line":125,"column":16},"end":{"line":125,"column":37}},"loc":{"start":{"line":125,"column":66},"end":{"line":127,"column":1}},"line":125},"6":{"name":"getZeitraumIcon","decl":{"start":{"line":132,"column":16},"end":{"line":132,"column":31}},"loc":{"start":{"line":132,"column":60},"end":{"line":141,"column":1}},"line":132},"7":{"name":"getZeitraumIconComponent","decl":{"start":{"line":146,"column":16},"end":{"line":146,"column":40}},"loc":{"start":{"line":146,"column":112},"end":{"line":155,"column":1}},"line":146},"8":{"name":"getJahreszeitLabel","decl":{"start":{"line":160,"column":16},"end":{"line":160,"column":34}},"loc":{"start":{"line":160,"column":67},"end":{"line":162,"column":1}},"line":160},"9":{"name":"getPhaseLabel","decl":{"start":{"line":167,"column":16},"end":{"line":167,"column":29}},"loc":{"start":{"line":167,"column":60},"end":{"line":169,"column":1}},"line":167},"10":{"name":"isRelevantForCurrentPhase","decl":{"start":{"line":174,"column":16},"end":{"line":174,"column":41}},"loc":{"start":{"line":174,"column":71},"end":{"line":180,"column":1}},"line":174},"11":{"name":"sortZeitraeume","decl":{"start":{"line":185,"column":16},"end":{"line":185,"column":30}},"loc":{"start":{"line":185,"column":67},"end":{"line":204,"column":1}},"line":185},"12":{"name":"(anonymous_12)","decl":{"start":{"line":203,"column":30},"end":{"line":203,"column":31}},"loc":{"start":{"line":203,"column":40},"end":{"line":203,"column":75}},"line":203}},"branchMap":{"0":{"loc":{"start":{"line":23,"column":2},"end":{"line":23,"column":68}},"type":"if","locations":[{"start":{"line":23,"column":2},"end":{"line":23,"column":68}},{"start":{},"end":{}}],"line":23},"1":{"loc":{"start":{"line":24,"column":2},"end":{"line":24,"column":62}},"type":"if","locations":[{"start":{"line":24,"column":2},"end":{"line":24,"column":62}},{"start":{},"end":{}}],"line":24},"2":{"loc":{"start":{"line":25,"column":2},"end":{"line":25,"column":62}},"type":"if","locations":[{"start":{"line":25,"column":2},"end":{"line":25,"column":62}},{"start":{},"end":{}}],"line":25},"3":{"loc":{"start":{"line":26,"column":2},"end":{"line":26,"column":62}},"type":"if","locations":[{"start":{"line":26,"column":2},"end":{"line":26,"column":62}},{"start":{},"end":{}}],"line":26},"4":{"loc":{"start":{"line":34,"column":2},"end":{"line":34,"column":61}},"type":"if","locations":[{"start":{"line":34,"column":2},"end":{"line":34,"column":61}},{"start":{},"end":{}}],"line":34},"5":{"loc":{"start":{"line":35,"column":2},"end":{"line":35,"column":61}},"type":"if","locations":[{"start":{"line":35,"column":2},"end":{"line":35,"column":61}},{"start":{},"end":{}}],"line":35},"6":{"loc":{"start":{"line":36,"column":2},"end":{"line":36,"column":61}},"type":"if","locations":[{"start":{"line":36,"column":2},"end":{"line":36,"column":61}},{"start":{},"end":{}}],"line":36},"7":{"loc":{"start":{"line":52,"column":2},"end":{"line":82,"column":3}},"type":"if","locations":[{"start":{"line":52,"column":2},"end":{"line":82,"column":3}},{"start":{"line":60,"column":7},"end":{"line":82,"column":3}}],"line":52},"8":{"loc":{"start":{"line":52,"column":6},"end":{"line":52,"column":30}},"type":"binary-expr","locations":[{"start":{"line":52,"column":6},"end":{"line":52,"column":16}},{"start":{"line":52,"column":20},"end":{"line":52,"column":30}}],"line":52},"9":{"loc":{"start":{"line":55,"column":4},"end":{"line":57,"column":37}},"type":"if","locations":[{"start":{"line":55,"column":4},"end":{"line":57,"column":37}},{"start":{"line":56,"column":9},"end":{"line":57,"column":37}}],"line":55},"10":{"loc":{"start":{"line":56,"column":9},"end":{"line":57,"column":37}},"type":"if","locations":[{"start":{"line":56,"column":9},"end":{"line":57,"column":37}},{"start":{"line":57,"column":9},"end":{"line":57,"column":37}}],"line":56},"11":{"loc":{"start":{"line":60,"column":7},"end":{"line":82,"column":3}},"type":"if","locations":[{"start":{"line":60,"column":7},"end":{"line":82,"column":3}},{"start":{"line":68,"column":7},"end":{"line":82,"column":3}}],"line":60},"12":{"loc":{"start":{"line":60,"column":11},"end":{"line":60,"column":35}},"type":"binary-expr","locations":[{"start":{"line":60,"column":11},"end":{"line":60,"column":21}},{"start":{"line":60,"column":25},"end":{"line":60,"column":35}}],"line":60},"13":{"loc":{"start":{"line":63,"column":4},"end":{"line":65,"column":37}},"type":"if","locations":[{"start":{"line":63,"column":4},"end":{"line":65,"column":37}},{"start":{"line":64,"column":9},"end":{"line":65,"column":37}}],"line":63},"14":{"loc":{"start":{"line":63,"column":8},"end":{"line":63,"column":48}},"type":"binary-expr","locations":[{"start":{"line":63,"column":8},"end":{"line":63,"column":19}},{"start":{"line":63,"column":24},"end":{"line":63,"column":35}},{"start":{"line":63,"column":39},"end":{"line":63,"column":47}}],"line":63},"15":{"loc":{"start":{"line":64,"column":9},"end":{"line":65,"column":37}},"type":"if","locations":[{"start":{"line":64,"column":9},"end":{"line":65,"column":37}},{"start":{"line":65,"column":9},"end":{"line":65,"column":37}}],"line":64},"16":{"loc":{"start":{"line":64,"column":13},"end":{"line":64,"column":37}},"type":"binary-expr","locations":[{"start":{"line":64,"column":13},"end":{"line":64,"column":24}},{"start":{"line":64,"column":28},"end":{"line":64,"column":37}}],"line":64},"17":{"loc":{"start":{"line":68,"column":7},"end":{"line":82,"column":3}},"type":"if","locations":[{"start":{"line":68,"column":7},"end":{"line":82,"column":3}},{"start":{"line":76,"column":7},"end":{"line":82,"column":3}}],"line":68},"18":{"loc":{"start":{"line":68,"column":11},"end":{"line":68,"column":36}},"type":"binary-expr","locations":[{"start":{"line":68,"column":11},"end":{"line":68,"column":21}},{"start":{"line":68,"column":25},"end":{"line":68,"column":36}}],"line":68},"19":{"loc":{"start":{"line":71,"column":4},"end":{"line":73,"column":37}},"type":"if","locations":[{"start":{"line":71,"column":4},"end":{"line":73,"column":37}},{"start":{"line":72,"column":9},"end":{"line":73,"column":37}}],"line":71},"20":{"loc":{"start":{"line":72,"column":9},"end":{"line":73,"column":37}},"type":"if","locations":[{"start":{"line":72,"column":9},"end":{"line":73,"column":37}},{"start":{"line":73,"column":9},"end":{"line":73,"column":37}}],"line":72},"21":{"loc":{"start":{"line":79,"column":4},"end":{"line":81,"column":37}},"type":"if","locations":[{"start":{"line":79,"column":4},"end":{"line":81,"column":37}},{"start":{"line":80,"column":9},"end":{"line":81,"column":37}}],"line":79},"22":{"loc":{"start":{"line":80,"column":9},"end":{"line":81,"column":37}},"type":"if","locations":[{"start":{"line":80,"column":9},"end":{"line":81,"column":37}},{"start":{"line":81,"column":9},"end":{"line":81,"column":37}}],"line":80},"23":{"loc":{"start":{"line":80,"column":13},"end":{"line":80,"column":53}},"type":"binary-expr","locations":[{"start":{"line":80,"column":13},"end":{"line":80,"column":24}},{"start":{"line":80,"column":29},"end":{"line":80,"column":40}},{"start":{"line":80,"column":44},"end":{"line":80,"column":52}}],"line":80},"24":{"loc":{"start":{"line":112,"column":9},"end":{"line":112,"column":60}},"type":"binary-expr","locations":[{"start":{"line":112,"column":9},"end":{"line":112,"column":39}},{"start":{"line":112,"column":43},"end":{"line":112,"column":60}}],"line":112},"25":{"loc":{"start":{"line":119,"column":9},"end":{"line":119,"column":46}},"type":"binary-expr","locations":[{"start":{"line":119,"column":9},"end":{"line":119,"column":34}},{"start":{"line":119,"column":38},"end":{"line":119,"column":46}}],"line":119},"26":{"loc":{"start":{"line":126,"column":9},"end":{"line":126,"column":52}},"type":"binary-expr","locations":[{"start":{"line":126,"column":9},"end":{"line":126,"column":40}},{"start":{"line":126,"column":44},"end":{"line":126,"column":52}}],"line":126},"27":{"loc":{"start":{"line":134,"column":2},"end":{"line":136,"column":3}},"type":"if","locations":[{"start":{"line":134,"column":2},"end":{"line":136,"column":3}},{"start":{},"end":{}}],"line":134},"28":{"loc":{"start":{"line":137,"column":2},"end":{"line":139,"column":3}},"type":"if","locations":[{"start":{"line":137,"column":2},"end":{"line":139,"column":3}},{"start":{},"end":{}}],"line":137},"29":{"loc":{"start":{"line":151,"column":12},"end":{"line":151,"column":22}},"type":"binary-expr","locations":[{"start":{"line":151,"column":12},"end":{"line":151,"column":16}},{"start":{"line":151,"column":20},"end":{"line":151,"column":22}}],"line":151},"30":{"loc":{"start":{"line":152,"column":13},"end":{"line":152,"column":28}},"type":"binary-expr","locations":[{"start":{"line":152,"column":13},"end":{"line":152,"column":18}},{"start":{"line":152,"column":22},"end":{"line":152,"column":28}}],"line":152},"31":{"loc":{"start":{"line":161,"column":9},"end":{"line":161,"column":52}},"type":"binary-expr","locations":[{"start":{"line":161,"column":9},"end":{"line":161,"column":38}},{"start":{"line":161,"column":42},"end":{"line":161,"column":52}}],"line":161},"32":{"loc":{"start":{"line":168,"column":9},"end":{"line":168,"column":37}},"type":"binary-expr","locations":[{"start":{"line":168,"column":9},"end":{"line":168,"column":28}},{"start":{"line":168,"column":32},"end":{"line":168,"column":37}}],"line":168},"33":{"loc":{"start":{"line":175,"column":2},"end":{"line":177,"column":3}},"type":"if","locations":[{"start":{"line":175,"column":2},"end":{"line":177,"column":3}},{"start":{},"end":{}}],"line":175},"34":{"loc":{"start":{"line":175,"column":6},"end":{"line":175,"column":73}},"type":"binary-expr","locations":[{"start":{"line":175,"column":6},"end":{"line":175,"column":36}},{"start":{"line":175,"column":40},"end":{"line":175,"column":73}}],"line":175},"35":{"loc":{"start":{"line":203,"column":41},"end":{"line":203,"column":55}},"type":"binary-expr","locations":[{"start":{"line":203,"column":41},"end":{"line":203,"column":49}},{"start":{"line":203,"column":53},"end":{"line":203,"column":55}}],"line":203},"36":{"loc":{"start":{"line":203,"column":60},"end":{"line":203,"column":74}},"type":"binary-expr","locations":[{"start":{"line":203,"column":60},"end":{"line":203,"column":68}},{"start":{"line":203,"column":72},"end":{"line":203,"column":74}}],"line":203}},"s":{"0":34,"1":17,"2":17,"3":5,"4":12,"5":4,"6":8,"7":4,"8":4,"9":14,"10":4,"11":10,"12":4,"13":6,"14":4,"15":2,"16":0,"17":0,"18":0,"19":0,"20":0,"21":0,"22":0,"23":0,"24":0,"25":0,"26":0,"27":0,"28":0,"29":0,"30":0,"31":0,"32":0,"33":0,"34":0,"35":0,"36":0,"37":0,"38":0,"39":0,"40":0,"41":0,"42":0,"43":0,"44":0,"45":0,"46":12,"47":12,"48":12,"49":12,"50":3,"51":14,"52":20,"53":20,"54":18,"55":2,"56":1,"57":1,"58":14,"59":14,"60":4,"61":3,"62":2,"63":2,"64":0,"65":0,"66":3,"67":3,"68":7},"f":{"0":34,"1":14,"2":0,"3":12,"4":3,"5":14,"6":20,"7":14,"8":4,"9":3,"10":2,"11":3,"12":7},"b":{"0":[17,17],"1":[5,12],"2":[4,8],"3":[4,4],"4":[4,10],"5":[4,6],"6":[4,2],"7":[0,0],"8":[0,0],"9":[0,0],"10":[0,0],"11":[0,0],"12":[0,0],"13":[0,0],"14":[0,0,0],"15":[0,0],"16":[0,0],"17":[0,0],"18":[0,0],"19":[0,0],"20":[0,0],"21":[0,0],"22":[0,0],"23":[0,0,0],"24":[12,0],"25":[3,0],"26":[14,0],"27":[18,2],"28":[1,1],"29":[14,1],"30":[14,1],"31":[4,0],"32":[3,0],"33":[2,0],"34":[2,1],"35":[7,0],"36":[7,0]},"_coverageSchema":"1a1c01bbd47fc00a2c39e90264f33305004495a9","hash":"6284d5d208d83daef43676160ea4790dd15e8c0a"}
}
