{"/Users/ninanitzsche/aipm/gartenplaner-app/src/services/authService.ts": {"path":"/Users/ninanitzsche/aipm/gartenplaner-app/src/services/authService.ts","statementMap":{"0":{"start":{"line":13,"column":29},"end":{"line":13,"column":58}},"1":{"start":{"line":15,"column":2},"end":{"line":17,"column":3}},"2":{"start":{"line":16,"column":4},"end":{"line":16,"column":43}},"3":{"start":{"line":20,"column":31},"end":{"line":23,"column":4}},"4":{"start":{"line":25,"column":2},"end":{"line":27,"column":3}},"5":{"start":{"line":26,"column":4},"end":{"line":26,"column":53}},"6":{"start":{"line":30,"column":33},"end":{"line":32,"column":4}},"7":{"start":{"line":34,"column":2},"end":{"line":36,"column":3}},"8":{"start":{"line":35,"column":4},"end":{"line":35,"column":61}},"9":{"start":{"line":44,"column":20},"end":{"line":46,"column":4}},"10":{"start":{"line":48,"column":2},"end":{"line":54,"column":3}},"11":{"start":{"line":50,"column":4},"end":{"line":52,"column":5}},"12":{"start":{"line":51,"column":6},"end":{"line":51,"column":67}},"13":{"start":{"line":53,"column":4},"end":{"line":53,"column":59}},"14":{"start":{"line":62,"column":2},"end":{"line":68,"column":3}},"15":{"start":{"line":64,"column":22},"end":{"line":64,"column":70}},"16":{"start":{"line":65,"column":4},"end":{"line":65,"column":18}},"17":{"start":{"line":67,"column":4},"end":{"line":67,"column":17}}},"fnMap":{"0":{"name":"changePassword","decl":{"start":{"line":11,"column":22},"end":{"line":11,"column":36}},"loc":{"start":{"line":11,"column":98},"end":{"line":37,"column":1}},"line":11},"1":{"name":"resetPassword","decl":{"start":{"line":43,"column":22},"end":{"line":43,"column":35}},"loc":{"start":{"line":43,"column":66},"end":{"line":55,"column":1}},"line":43},"2":{"name":"verifyEmailExists","decl":{"start":{"line":61,"column":22},"end":{"line":61,"column":39}},"loc":{"start":{"line":61,"column":73},"end":{"line":69,"column":1}},"line":61}},"branchMap":{"0":{"loc":{"start":{"line":15,"column":2},"end":{"line":17,"column":3}},"type":"if","locations":[{"start":{"line":15,"column":2},"end":{"line":17,"column":3}},{"start":{},"end":{}}],"line":15},"1":{"loc":{"start":{"line":25,"column":2},"end":{"line":27,"column":3}},"type":"if","locations":[{"start":{"line":25,"column":2},"end":{"line":27,"column":3}},{"start":{},"end":{}}],"line":25},"2":{"loc":{"start":{"line":34,"column":2},"end":{"line":36,"column":3}},"type":"if","locations":[{"start":{"line":34,"column":2},"end":{"line":36,"column":3}},{"start":{},"end":{}}],"line":34},"3":{"loc":{"start":{"line":48,"column":2},"end":{"line":54,"column":3}},"type":"if","locations":[{"start":{"line":48,"column":2},"end":{"line":54,"column":3}},{"start":{},"end":{}}],"line":48},"4":{"loc":{"start":{"line":50,"column":4},"end":{"line":52,"column":5}},"type":"if","locations":[{"start":{"line":50,"column":4},"end":{"line":52,"column":5}},{"start":{},"end":{}}],"line":50}},"s":{"0":0,"1":0,"2":0,"3":0,"4":0,"5":0,"6":0,"7":0,"8":0,"9":0,"10":0,"11":0,"12":0,"13":0,"14":0,"15":0,"16":0,"17":0},"f":{"0":0,"1":0,"2":0},"b":{"0":[0,0],"1":[0,0],"2":[0,0],"3":[0,0],"4":[0,0]}}
,"/Users/ninanitzsche/aipm/gartenplaner-app/src/services/photoService.ts": {"path":"/Users/ninanitzsche/aipm/gartenplaner-app/src/services/photoService.ts","statementMap":{"0":{"start":{"line":13,"column":2},"end":{"line":24,"column":3}},"1":{"start":{"line":14,"column":28},"end":{"line":18,"column":48}},"2":{"start":{"line":20,"column":4},"end":{"line":20,"column":27}},"3":{"start":{"line":20,"column":15},"end":{"line":20,"column":27}},"4":{"start":{"line":21,"column":4},"end":{"line":21,"column":22}},"5":{"start":{"line":23,"column":4},"end":{"line":23,"column":63}},"6":{"start":{"line":31,"column":2},"end":{"line":42,"column":3}},"7":{"start":{"line":32,"column":28},"end":{"line":36,"column":15}},"8":{"start":{"line":38,"column":4},"end":{"line":38,"column":27}},"9":{"start":{"line":38,"column":15},"end":{"line":38,"column":27}},"10":{"start":{"line":39,"column":4},"end":{"line":39,"column":16}},"11":{"start":{"line":41,"column":4},"end":{"line":41,"column":62}},"12":{"start":{"line":57,"column":2},"end":{"line":90,"column":3}},"13":{"start":{"line":59,"column":49},"end":{"line":59,"column":78}},"14":{"start":{"line":60,"column":4},"end":{"line":60,"column":70}},"15":{"start":{"line":60,"column":28},"end":{"line":60,"column":70}},"16":{"start":{"line":63,"column":21},"end":{"line":63,"column":41}},"17":{"start":{"line":64,"column":17},"end":{"line":64,"column":38}},"18":{"start":{"line":66,"column":53},"end":{"line":70,"column":8}},"19":{"start":{"line":72,"column":4},"end":{"line":72,"column":39}},"20":{"start":{"line":72,"column":21},"end":{"line":72,"column":39}},"21":{"start":{"line":73,"column":4},"end":{"line":73,"column":64}},"22":{"start":{"line":73,"column":21},"end":{"line":73,"column":64}},"23":{"start":{"line":76,"column":35},"end":{"line":83,"column":8}},"24":{"start":{"line":85,"column":4},"end":{"line":85,"column":39}},"25":{"start":{"line":85,"column":21},"end":{"line":85,"column":39}},"26":{"start":{"line":87,"column":4},"end":{"line":87,"column":27}},"27":{"start":{"line":89,"column":4},"end":{"line":89,"column":63}},"28":{"start":{"line":97,"column":2},"end":{"line":116,"column":3}},"29":{"start":{"line":99,"column":31},"end":{"line":102,"column":24}},"30":{"start":{"line":104,"column":4},"end":{"line":104,"column":31}},"31":{"start":{"line":104,"column":17},"end":{"line":104,"column":31}},"32":{"start":{"line":107,"column":4},"end":{"line":113,"column":5}},"33":{"start":{"line":108,"column":38},"end":{"line":110,"column":28}},"34":{"start":{"line":112,"column":6},"end":{"line":112,"column":43}},"35":{"start":{"line":112,"column":24},"end":{"line":112,"column":43}},"36":{"start":{"line":115,"column":4},"end":{"line":115,"column":62}},"37":{"start":{"line":124,"column":19},"end":{"line":126,"column":30}},"38":{"start":{"line":128,"column":2},"end":{"line":128,"column":24}}},"fnMap":{"0":{"name":"fetchPhotos","decl":{"start":{"line":12,"column":22},"end":{"line":12,"column":33}},"loc":{"start":{"line":12,"column":69},"end":{"line":25,"column":1}},"line":12},"1":{"name":"fetchPhoto","decl":{"start":{"line":30,"column":22},"end":{"line":30,"column":32}},"loc":{"start":{"line":30,"column":68},"end":{"line":43,"column":1}},"line":30},"2":{"name":"uploadPhoto","decl":{"start":{"line":52,"column":22},"end":{"line":52,"column":33}},"loc":{"start":{"line":56,"column":19},"end":{"line":91,"column":1}},"line":56},"3":{"name":"deletePhoto","decl":{"start":{"line":96,"column":22},"end":{"line":96,"column":33}},"loc":{"start":{"line":96,"column":86},"end":{"line":117,"column":1}},"line":96},"4":{"name":"getPublicPhotoUrl","decl":{"start":{"line":123,"column":16},"end":{"line":123,"column":33}},"loc":{"start":{"line":123,"column":63},"end":{"line":129,"column":1}},"line":123}},"branchMap":{"0":{"loc":{"start":{"line":20,"column":4},"end":{"line":20,"column":27}},"type":"if","locations":[{"start":{"line":20,"column":4},"end":{"line":20,"column":27}},{"start":{},"end":{}}],"line":20},"1":{"loc":{"start":{"line":21,"column":11},"end":{"line":21,"column":21}},"type":"binary-expr","locations":[{"start":{"line":21,"column":11},"end":{"line":21,"column":15}},{"start":{"line":21,"column":19},"end":{"line":21,"column":21}}],"line":21},"2":{"loc":{"start":{"line":38,"column":4},"end":{"line":38,"column":27}},"type":"if","locations":[{"start":{"line":38,"column":4},"end":{"line":38,"column":27}},{"start":{},"end":{}}],"line":38},"3":{"loc":{"start":{"line":60,"column":4},"end":{"line":60,"column":70}},"type":"if","locations":[{"start":{"line":60,"column":4},"end":{"line":60,"column":70}},{"start":{},"end":{}}],"line":60},"4":{"loc":{"start":{"line":60,"column":8},"end":{"line":60,"column":26}},"type":"binary-expr","locations":[{"start":{"line":60,"column":8},"end":{"line":60,"column":13}},{"start":{"line":60,"column":17},"end":{"line":60,"column":26}}],"line":60},"5":{"loc":{"start":{"line":72,"column":4},"end":{"line":72,"column":39}},"type":"if","locations":[{"start":{"line":72,"column":4},"end":{"line":72,"column":39}},{"start":{},"end":{}}],"line":72},"6":{"loc":{"start":{"line":73,"column":4},"end":{"line":73,"column":64}},"type":"if","locations":[{"start":{"line":73,"column":4},"end":{"line":73,"column":64}},{"start":{},"end":{}}],"line":73},"7":{"loc":{"start":{"line":85,"column":4},"end":{"line":85,"column":39}},"type":"if","locations":[{"start":{"line":85,"column":4},"end":{"line":85,"column":39}},{"start":{},"end":{}}],"line":85},"8":{"loc":{"start":{"line":104,"column":4},"end":{"line":104,"column":31}},"type":"if","locations":[{"start":{"line":104,"column":4},"end":{"line":104,"column":31}},{"start":{},"end":{}}],"line":104},"9":{"loc":{"start":{"line":107,"column":4},"end":{"line":113,"column":5}},"type":"if","locations":[{"start":{"line":107,"column":4},"end":{"line":113,"column":5}},{"start":{},"end":{}}],"line":107},"10":{"loc":{"start":{"line":112,"column":6},"end":{"line":112,"column":43}},"type":"if","locations":[{"start":{"line":112,"column":6},"end":{"line":112,"column":43}},{"start":{},"end":{}}],"line":112}},"s":{"0":12,"1":12,"2":12,"3":1,"4":11,"5":1,"6":2,"7":2,"8":2,"9":1,"10":1,"11":1,"12":3,"13":3,"14":3,"15":1,"16":2,"17":2,"18":2,"19":2,"20":1,"21":1,"22":0,"23":1,"24":1,"25":0,"26":1,"27":2,"28":3,"29":3,"30":2,"31":1,"32":1,"33":1,"34":1,"35":0,"36":2,"37":2,"38":1},"f":{"0":12,"1":2,"2":3,"3":3,"4":2},"b":{"0":[1,11],"1":[11,1],"2":[1,1],"3":[1,2],"4":[3,2],"5":[1,1],"6":[0,1],"7":[0,1],"8":[1,1],"9":[1,0],"10":[0,1]},"_coverageSchema":"1a1c01bbd47fc00a2c39e90264f33305004495a9","hash":"2448db6e23d3002626e8109118b2fb2a27a7b63c"}
,"/Users/ninanitzsche/aipm/gartenplaner-app/src/services/plantService.ts": {"path":"/Users/ninanitzsche/aipm/gartenplaner-app/src/services/plantService.ts","statementMap":{"0":{"start":{"line":23,"column":14},"end":{"line":25,"column":16}},"1":{"start":{"line":28,"column":2},"end":{"line":30,"column":3}},"2":{"start":{"line":29,"column":4},"end":{"line":29,"column":102}},"3":{"start":{"line":33,"column":2},"end":{"line":38,"column":3}},"4":{"start":{"line":34,"column":4},"end":{"line":34,"column":49}},"5":{"start":{"line":35,"column":9},"end":{"line":38,"column":3}},"6":{"start":{"line":37,"column":4},"end":{"line":37,"column":47}},"7":{"start":{"line":41,"column":2},"end":{"line":46,"column":3}},"8":{"start":{"line":42,"column":4},"end":{"line":42,"column":52}},"9":{"start":{"line":43,"column":9},"end":{"line":46,"column":3}},"10":{"start":{"line":45,"column":4},"end":{"line":45,"column":51}},"11":{"start":{"line":49,"column":2},"end":{"line":51,"column":3}},"12":{"start":{"line":50,"column":4},"end":{"line":50,"column":43}},"13":{"start":{"line":54,"column":2},"end":{"line":56,"column":3}},"14":{"start":{"line":55,"column":4},"end":{"line":55,"column":37}},"15":{"start":{"line":58,"column":2},"end":{"line":58,"column":58}},"16":{"start":{"line":60,"column":26},"end":{"line":60,"column":37}},"17":{"start":{"line":62,"column":2},"end":{"line":65,"column":3}},"18":{"start":{"line":63,"column":4},"end":{"line":63,"column":51}},"19":{"start":{"line":64,"column":4},"end":{"line":64,"column":16}},"20":{"start":{"line":67,"column":2},"end":{"line":67,"column":20}},"21":{"start":{"line":74,"column":26},"end":{"line":78,"column":13}},"22":{"start":{"line":80,"column":2},"end":{"line":83,"column":3}},"23":{"start":{"line":81,"column":4},"end":{"line":81,"column":50}},"24":{"start":{"line":82,"column":4},"end":{"line":82,"column":16}},"25":{"start":{"line":85,"column":2},"end":{"line":85,"column":14}},"26":{"start":{"line":92,"column":29},"end":{"line":92,"column":58}},"27":{"start":{"line":94,"column":2},"end":{"line":96,"column":3}},"28":{"start":{"line":95,"column":4},"end":{"line":95,"column":63}},"29":{"start":{"line":98,"column":26},"end":{"line":107,"column":13}},"30":{"start":{"line":109,"column":2},"end":{"line":112,"column":3}},"31":{"start":{"line":110,"column":4},"end":{"line":110,"column":50}},"32":{"start":{"line":111,"column":4},"end":{"line":111,"column":16}},"33":{"start":{"line":114,"column":2},"end":{"line":114,"column":14}},"34":{"start":{"line":121,"column":26},"end":{"line":126,"column":13}},"35":{"start":{"line":128,"column":2},"end":{"line":131,"column":3}},"36":{"start":{"line":129,"column":4},"end":{"line":129,"column":50}},"37":{"start":{"line":130,"column":4},"end":{"line":130,"column":16}},"38":{"start":{"line":133,"column":2},"end":{"line":133,"column":14}},"39":{"start":{"line":140,"column":20},"end":{"line":143,"column":17}},"40":{"start":{"line":145,"column":2},"end":{"line":148,"column":3}},"41":{"start":{"line":146,"column":4},"end":{"line":146,"column":50}},"42":{"start":{"line":147,"column":4},"end":{"line":147,"column":16}},"43":{"start":{"line":155,"column":26},"end":{"line":159,"column":39}},"44":{"start":{"line":161,"column":2},"end":{"line":164,"column":3}},"45":{"start":{"line":162,"column":4},"end":{"line":162,"column":52}},"46":{"start":{"line":163,"column":4},"end":{"line":163,"column":16}},"47":{"start":{"line":166,"column":2},"end":{"line":166,"column":20}},"48":{"start":{"line":173,"column":26},"end":{"line":177,"column":46}},"49":{"start":{"line":179,"column":2},"end":{"line":182,"column":3}},"50":{"start":{"line":180,"column":4},"end":{"line":180,"column":52}},"51":{"start":{"line":181,"column":4},"end":{"line":181,"column":16}},"52":{"start":{"line":184,"column":2},"end":{"line":184,"column":20}},"53":{"start":{"line":191,"column":26},"end":{"line":194,"column":32}},"54":{"start":{"line":196,"column":2},"end":{"line":199,"column":3}},"55":{"start":{"line":197,"column":4},"end":{"line":197,"column":54}},"56":{"start":{"line":198,"column":4},"end":{"line":198,"column":16}},"57":{"start":{"line":201,"column":20},"end":{"line":204,"column":11}},"58":{"start":{"line":202,"column":17},"end":{"line":202,"column":30}},"59":{"start":{"line":203,"column":39},"end":{"line":203,"column":83}},"60":{"start":{"line":206,"column":2},"end":{"line":206,"column":19}}},"fnMap":{"0":{"name":"fetchPlants","decl":{"start":{"line":22,"column":22},"end":{"line":22,"column":33}},"loc":{"start":{"line":22,"column":76},"end":{"line":68,"column":1}},"line":22},"1":{"name":"fetchPlant","decl":{"start":{"line":73,"column":22},"end":{"line":73,"column":32}},"loc":{"start":{"line":73,"column":68},"end":{"line":86,"column":1}},"line":73},"2":{"name":"createPlant","decl":{"start":{"line":91,"column":22},"end":{"line":91,"column":33}},"loc":{"start":{"line":91,"column":76},"end":{"line":115,"column":1}},"line":91},"3":{"name":"updatePlant","decl":{"start":{"line":120,"column":22},"end":{"line":120,"column":33}},"loc":{"start":{"line":120,"column":88},"end":{"line":134,"column":1}},"line":120},"4":{"name":"deletePlant","decl":{"start":{"line":139,"column":22},"end":{"line":139,"column":33}},"loc":{"start":{"line":139,"column":61},"end":{"line":149,"column":1}},"line":139},"5":{"name":"searchPlants","decl":{"start":{"line":154,"column":22},"end":{"line":154,"column":34}},"loc":{"start":{"line":154,"column":68},"end":{"line":167,"column":1}},"line":154},"6":{"name":"filterPlantsByStatus","decl":{"start":{"line":172,"column":22},"end":{"line":172,"column":42}},"loc":{"start":{"line":172,"column":77},"end":{"line":185,"column":1}},"line":172},"7":{"name":"getUniqueLocations","decl":{"start":{"line":190,"column":22},"end":{"line":190,"column":40}},"loc":{"start":{"line":190,"column":62},"end":{"line":207,"column":1}},"line":190},"8":{"name":"(anonymous_8)","decl":{"start":{"line":202,"column":9},"end":{"line":202,"column":10}},"loc":{"start":{"line":202,"column":17},"end":{"line":202,"column":30}},"line":202},"9":{"name":"(anonymous_9)","decl":{"start":{"line":203,"column":12},"end":{"line":203,"column":13}},"loc":{"start":{"line":203,"column":39},"end":{"line":203,"column":83}},"line":203}},"branchMap":{"0":{"loc":{"start":{"line":28,"column":2},"end":{"line":30,"column":3}},"type":"if","locations":[{"start":{"line":28,"column":2},"end":{"line":30,"column":3}},{"start":{},"end":{}}],"line":28},"1":{"loc":{"start":{"line":33,"column":2},"end":{"line":38,"column":3}},"type":"if","locations":[{"start":{"line":33,"column":2},"end":{"line":38,"column":3}},{"start":{"line":35,"column":9},"end":{"line":38,"column":3}}],"line":33},"2":{"loc":{"start":{"line":33,"column":6},"end":{"line":33,"column":54}},"type":"binary-expr","locations":[{"start":{"line":33,"column":6},"end":{"line":33,"column":23}},{"start":{"line":33,"column":27},"end":{"line":33,"column":54}}],"line":33},"3":{"loc":{"start":{"line":35,"column":9},"end":{"line":38,"column":3}},"type":"if","locations":[{"start":{"line":35,"column":9},"end":{"line":38,"column":3}},{"start":{},"end":{}}],"line":35},"4":{"loc":{"start":{"line":41,"column":2},"end":{"line":46,"column":3}},"type":"if","locations":[{"start":{"line":41,"column":2},"end":{"line":46,"column":3}},{"start":{"line":43,"column":9},"end":{"line":46,"column":3}}],"line":41},"5":{"loc":{"start":{"line":41,"column":6},"end":{"line":41,"column":56}},"type":"binary-expr","locations":[{"start":{"line":41,"column":6},"end":{"line":41,"column":24}},{"start":{"line":41,"column":28},"end":{"line":41,"column":56}}],"line":41},"6":{"loc":{"start":{"line":43,"column":9},"end":{"line":46,"column":3}},"type":"if","locations":[{"start":{"line":43,"column":9},"end":{"line":46,"column":3}},{"start":{},"end":{}}],"line":43},"7":{"loc":{"start":{"line":49,"column":2},"end":{"line":51,"column":3}},"type":"if","locations":[{"start":{"line":49,"column":2},"end":{"line":51,"column":3}},{"start":{},"end":{}}],"line":49},"8":{"loc":{"start":{"line":54,"column":2},"end":{"line":56,"column":3}},"type":"if","locations":[{"start":{"line":54,"column":2},"end":{"line":56,"column":3}},{"start":{},"end":{}}],"line":54},"9":{"loc":{"start":{"line":62,"column":2},"end":{"line":65,"column":3}},"type":"if","locations":[{"start":{"line":62,"column":2},"end":{"line":65,"column":3}},{"start":{},"end":{}}],"line":62},"10":{"loc":{"start":{"line":67,"column":9},"end":{"line":67,"column":19}},"type":"binary-expr","locations":[{"start":{"line":67,"column":9},"end":{"line":67,"column":13}},{"start":{"line":67,"column":17},"end":{"line":67,"column":19}}],"line":67},"11":{"loc":{"start":{"line":80,"column":2},"end":{"line":83,"column":3}},"type":"if","locations":[{"start":{"line":80,"column":2},"end":{"line":83,"column":3}},{"start":{},"end":{}}],"line":80},"12":{"loc":{"start":{"line":94,"column":2},"end":{"line":96,"column":3}},"type":"if","locations":[{"start":{"line":94,"column":2},"end":{"line":96,"column":3}},{"start":{},"end":{}}],"line":94},"13":{"loc":{"start":{"line":109,"column":2},"end":{"line":112,"column":3}},"type":"if","locations":[{"start":{"line":109,"column":2},"end":{"line":112,"column":3}},{"start":{},"end":{}}],"line":109},"14":{"loc":{"start":{"line":128,"column":2},"end":{"line":131,"column":3}},"type":"if","locations":[{"start":{"line":128,"column":2},"end":{"line":131,"column":3}},{"start":{},"end":{}}],"line":128},"15":{"loc":{"start":{"line":145,"column":2},"end":{"line":148,"column":3}},"type":"if","locations":[{"start":{"line":145,"column":2},"end":{"line":148,"column":3}},{"start":{},"end":{}}],"line":145},"16":{"loc":{"start":{"line":161,"column":2},"end":{"line":164,"column":3}},"type":"if","locations":[{"start":{"line":161,"column":2},"end":{"line":164,"column":3}},{"start":{},"end":{}}],"line":161},"17":{"loc":{"start":{"line":166,"column":9},"end":{"line":166,"column":19}},"type":"binary-expr","locations":[{"start":{"line":166,"column":9},"end":{"line":166,"column":13}},{"start":{"line":166,"column":17},"end":{"line":166,"column":19}}],"line":166},"18":{"loc":{"start":{"line":179,"column":2},"end":{"line":182,"column":3}},"type":"if","locations":[{"start":{"line":179,"column":2},"end":{"line":182,"column":3}},{"start":{},"end":{}}],"line":179},"19":{"loc":{"start":{"line":184,"column":9},"end":{"line":184,"column":19}},"type":"binary-expr","locations":[{"start":{"line":184,"column":9},"end":{"line":184,"column":13}},{"start":{"line":184,"column":17},"end":{"line":184,"column":19}}],"line":184},"20":{"loc":{"start":{"line":196,"column":2},"end":{"line":199,"column":3}},"type":"if","locations":[{"start":{"line":196,"column":2},"end":{"line":199,"column":3}},{"start":{},"end":{}}],"line":196},"21":{"loc":{"start":{"line":203,"column":39},"end":{"line":203,"column":83}},"type":"binary-expr","locations":[{"start":{"line":203,"column":39},"end":{"line":203,"column":47}},{"start":{"line":203,"column":51},"end":{"line":203,"column":83}}],"line":203}},"s":{"0":18,"1":18,"2":3,"3":18,"4":3,"5":15,"6":2,"7":18,"8":3,"9":15,"10":2,"11":18,"12":2,"13":18,"14":3,"15":18,"16":18,"17":17,"18":0,"19":0,"20":17,"21":4,"22":4,"23":1,"24":1,"25":3,"26":6,"27":6,"28":1,"29":5,"30":5,"31":1,"32":1,"33":4,"34":4,"35":4,"36":1,"37":1,"38":3,"39":6,"40":5,"41":0,"42":0,"43":5,"44":4,"45":0,"46":0,"47":4,"48":5,"49":4,"50":0,"51":0,"52":4,"53":7,"54":6,"55":0,"56":0,"57":6,"58":14,"59":14,"60":6},"f":{"0":18,"1":4,"2":6,"3":4,"4":6,"5":5,"6":5,"7":7,"8":14,"9":14},"b":{"0":[3,15],"1":[3,15],"2":[18,3],"3":[2,13],"4":[3,15],"5":[18,3],"6":[2,13],"7":[2,16],"8":[3,15],"9":[0,17],"10":[17,1],"11":[1,3],"12":[1,5],"13":[1,4],"14":[1,3],"15":[0,5],"16":[0,4],"17":[4,0],"18":[0,4],"19":[4,0],"20":[0,6],"21":[14,14]},"_coverageSchema":"1a1c01bbd47fc00a2c39e90264f33305004495a9","hash":"3be0e2b0762947f54cb316f14bbbef8e09a6fbf1"}
,"/Users/ninanitzsche/aipm/gartenplaner-app/src/services/seedDataService.ts": {"path":"/Users/ninanitzsche/aipm/gartenplaner-app/src/services/seedDataService.ts","statementMap":{"0":{"start":{"line":15,"column":31},"end":{"line":15,"column":65}},"1":{"start":{"line":27,"column":2},"end":{"line":33,"column":3}},"2":{"start":{"line":28,"column":18},"end":{"line":28,"column":68}},"3":{"start":{"line":29,"column":4},"end":{"line":29,"column":28}},"4":{"start":{"line":31,"column":4},"end":{"line":31,"column":68}},"5":{"start":{"line":32,"column":4},"end":{"line":32,"column":17}},"6":{"start":{"line":40,"column":2},"end":{"line":45,"column":3}},"7":{"start":{"line":41,"column":4},"end":{"line":41,"column":63}},"8":{"start":{"line":43,"column":4},"end":{"line":43,"column":65}},"9":{"start":{"line":44,"column":4},"end":{"line":44,"column":16}},"10":{"start":{"line":59,"column":2},"end":{"line":133,"column":3}},"11":{"start":{"line":60,"column":31},"end":{"line":60,"column":60}},"12":{"start":{"line":62,"column":4},"end":{"line":64,"column":5}},"13":{"start":{"line":63,"column":6},"end":{"line":63,"column":68}},"14":{"start":{"line":66,"column":22},"end":{"line":66,"column":64}},"15":{"start":{"line":67,"column":18},"end":{"line":67,"column":34}},"16":{"start":{"line":68,"column":19},"end":{"line":68,"column":20}},"17":{"start":{"line":71,"column":4},"end":{"line":103,"column":5}},"18":{"start":{"line":71,"column":17},"end":{"line":71,"column":18}},"19":{"start":{"line":72,"column":20},"end":{"line":72,"column":32}},"20":{"start":{"line":74,"column":6},"end":{"line":80,"column":7}},"21":{"start":{"line":75,"column":8},"end":{"line":79,"column":11}},"22":{"start":{"line":83,"column":24},"end":{"line":95,"column":9}},"23":{"start":{"line":97,"column":6},"end":{"line":102,"column":7}},"24":{"start":{"line":98,"column":8},"end":{"line":98,"column":69}},"25":{"start":{"line":101,"column":8},"end":{"line":101,"column":19}},"26":{"start":{"line":106,"column":4},"end":{"line":106,"column":35}},"27":{"start":{"line":108,"column":4},"end":{"line":114,"column":5}},"28":{"start":{"line":109,"column":6},"end":{"line":113,"column":9}},"29":{"start":{"line":116,"column":20},"end":{"line":118,"column":33}},"30":{"start":{"line":120,"column":4},"end":{"line":120,"column":25}},"31":{"start":{"line":122,"column":4},"end":{"line":125,"column":6}},"32":{"start":{"line":127,"column":4},"end":{"line":127,"column":55}},"33":{"start":{"line":128,"column":4},"end":{"line":132,"column":6}},"34":{"start":{"line":141,"column":2},"end":{"line":185,"column":3}},"35":{"start":{"line":142,"column":31},"end":{"line":142,"column":60}},"36":{"start":{"line":144,"column":4},"end":{"line":146,"column":5}},"37":{"start":{"line":145,"column":6},"end":{"line":145,"column":68}},"38":{"start":{"line":148,"column":22},"end":{"line":153,"column":9}},"39":{"start":{"line":149,"column":21},"end":{"line":153,"column":7}},"40":{"start":{"line":156,"column":28},"end":{"line":162,"column":15}},"41":{"start":{"line":164,"column":4},"end":{"line":166,"column":5}},"42":{"start":{"line":165,"column":6},"end":{"line":165,"column":18}},"43":{"start":{"line":169,"column":4},"end":{"line":169,"column":35}},"44":{"start":{"line":171,"column":18},"end":{"line":171,"column":50}},"45":{"start":{"line":172,"column":4},"end":{"line":172,"column":52}},"46":{"start":{"line":174,"column":4},"end":{"line":177,"column":6}},"47":{"start":{"line":179,"column":4},"end":{"line":179,"column":50}},"48":{"start":{"line":180,"column":4},"end":{"line":184,"column":6}},"49":{"start":{"line":192,"column":2},"end":{"line":198,"column":3}},"50":{"start":{"line":193,"column":4},"end":{"line":193,"column":58}},"51":{"start":{"line":194,"column":4},"end":{"line":194,"column":76}},"52":{"start":{"line":196,"column":4},"end":{"line":196,"column":59}},"53":{"start":{"line":197,"column":4},"end":{"line":197,"column":16}}},"fnMap":{"0":{"name":"hasSeedDataBeenImported","decl":{"start":{"line":26,"column":22},"end":{"line":26,"column":45}},"loc":{"start":{"line":26,"column":66},"end":{"line":34,"column":1}},"line":26},"1":{"name":"markSeedDataAsImported","decl":{"start":{"line":39,"column":22},"end":{"line":39,"column":44}},"loc":{"start":{"line":39,"column":62},"end":{"line":46,"column":1}},"line":39},"2":{"name":"importSeedData","decl":{"start":{"line":56,"column":22},"end":{"line":56,"column":36}},"loc":{"start":{"line":58,"column":64},"end":{"line":134,"column":1}},"line":58},"3":{"name":"importSeedDataBulk","decl":{"start":{"line":140,"column":22},"end":{"line":140,"column":40}},"loc":{"start":{"line":140,"column":105},"end":{"line":186,"column":1}},"line":140},"4":{"name":"(anonymous_4)","decl":{"start":{"line":149,"column":11},"end":{"line":149,"column":12}},"loc":{"start":{"line":149,"column":21},"end":{"line":153,"column":7}},"line":149},"5":{"name":"resetImportStatus","decl":{"start":{"line":191,"column":22},"end":{"line":191,"column":39}},"loc":{"start":{"line":191,"column":57},"end":{"line":199,"column":1}},"line":191}},"branchMap":{"0":{"loc":{"start":{"line":62,"column":4},"end":{"line":64,"column":5}},"type":"if","locations":[{"start":{"line":62,"column":4},"end":{"line":64,"column":5}},{"start":{},"end":{}}],"line":62},"1":{"loc":{"start":{"line":74,"column":6},"end":{"line":80,"column":7}},"type":"if","locations":[{"start":{"line":74,"column":6},"end":{"line":80,"column":7}},{"start":{},"end":{}}],"line":74},"2":{"loc":{"start":{"line":89,"column":19},"end":{"line":89,"column":53}},"type":"binary-expr","locations":[{"start":{"line":89,"column":19},"end":{"line":89,"column":33}},{"start":{"line":89,"column":37},"end":{"line":89,"column":48}},{"start":{"line":89,"column":52},"end":{"line":89,"column":53}}],"line":89},"3":{"loc":{"start":{"line":97,"column":6},"end":{"line":102,"column":7}},"type":"if","locations":[{"start":{"line":97,"column":6},"end":{"line":102,"column":7}},{"start":{"line":100,"column":13},"end":{"line":102,"column":7}}],"line":97},"4":{"loc":{"start":{"line":108,"column":4},"end":{"line":114,"column":5}},"type":"if","locations":[{"start":{"line":108,"column":4},"end":{"line":114,"column":5}},{"start":{},"end":{}}],"line":108},"5":{"loc":{"start":{"line":116,"column":20},"end":{"line":118,"column":33}},"type":"cond-expr","locations":[{"start":{"line":117,"column":8},"end":{"line":117,"column":56}},{"start":{"line":118,"column":8},"end":{"line":118,"column":33}}],"line":116},"6":{"loc":{"start":{"line":131,"column":13},"end":{"line":131,"column":65}},"type":"binary-expr","locations":[{"start":{"line":131,"column":13},"end":{"line":131,"column":26}},{"start":{"line":131,"column":30},"end":{"line":131,"column":65}}],"line":131},"7":{"loc":{"start":{"line":144,"column":4},"end":{"line":146,"column":5}},"type":"if","locations":[{"start":{"line":144,"column":4},"end":{"line":146,"column":5}},{"start":{},"end":{}}],"line":144},"8":{"loc":{"start":{"line":152,"column":15},"end":{"line":152,"column":49}},"type":"binary-expr","locations":[{"start":{"line":152,"column":15},"end":{"line":152,"column":29}},{"start":{"line":152,"column":33},"end":{"line":152,"column":44}},{"start":{"line":152,"column":48},"end":{"line":152,"column":49}}],"line":152},"9":{"loc":{"start":{"line":164,"column":4},"end":{"line":166,"column":5}},"type":"if","locations":[{"start":{"line":164,"column":4},"end":{"line":166,"column":5}},{"start":{},"end":{}}],"line":164},"10":{"loc":{"start":{"line":171,"column":18},"end":{"line":171,"column":50}},"type":"binary-expr","locations":[{"start":{"line":171,"column":18},"end":{"line":171,"column":30}},{"start":{"line":171,"column":34},"end":{"line":171,"column":50}}],"line":171},"11":{"loc":{"start":{"line":183,"column":13},"end":{"line":183,"column":65}},"type":"binary-expr","locations":[{"start":{"line":183,"column":13},"end":{"line":183,"column":26}},{"start":{"line":183,"column":30},"end":{"line":183,"column":65}}],"line":183}},"s":{"0":1,"1":7,"2":7,"3":6,"4":1,"5":1,"6":18,"7":18,"8":1,"9":1,"10":16,"11":16,"12":16,"13":4,"14":12,"15":12,"16":12,"17":12,"18":12,"19":36,"20":36,"21":3,"22":36,"23":36,"24":0,"25":36,"26":12,"27":12,"28":1,"29":12,"30":12,"31":12,"32":4,"33":4,"34":6,"35":6,"36":6,"37":1,"38":5,"39":15,"40":5,"41":4,"42":0,"43":4,"44":4,"45":4,"46":4,"47":2,"48":2,"49":3,"50":3,"51":2,"52":1,"53":1},"f":{"0":7,"1":18,"2":16,"3":6,"4":15,"5":3},"b":{"0":[4,12],"1":[3,33],"2":[36,36,36],"3":[0,36],"4":[1,11],"5":[12,0],"6":[4,0],"7":[1,5],"8":[15,15,15],"9":[0,4],"10":[4,0],"11":[2,0]},"_coverageSchema":"1a1c01bbd47fc00a2c39e90264f33305004495a9","hash":"cf0efe3f9aa86757979e7c3a70cf77d8357fc0e5"}
,"/Users/ninanitzsche/aipm/gartenplaner-app/src/services/shoppingService.ts": {"path":"/Users/ninanitzsche/aipm/gartenplaner-app/src/services/shoppingService.ts","statementMap":{"0":{"start":{"line":19,"column":14},"end":{"line":21,"column":16}},"1":{"start":{"line":24,"column":2},"end":{"line":26,"column":3}},"2":{"start":{"line":25,"column":4},"end":{"line":25,"column":65}},"3":{"start":{"line":28,"column":2},"end":{"line":30,"column":3}},"4":{"start":{"line":29,"column":4},"end":{"line":29,"column":51}},"5":{"start":{"line":32,"column":2},"end":{"line":34,"column":3}},"6":{"start":{"line":33,"column":4},"end":{"line":33,"column":51}},"7":{"start":{"line":36,"column":2},"end":{"line":38,"column":3}},"8":{"start":{"line":37,"column":4},"end":{"line":37,"column":53}},"9":{"start":{"line":40,"column":2},"end":{"line":40,"column":58}},"10":{"start":{"line":42,"column":26},"end":{"line":42,"column":37}},"11":{"start":{"line":44,"column":2},"end":{"line":47,"column":3}},"12":{"start":{"line":45,"column":4},"end":{"line":45,"column":59}},"13":{"start":{"line":46,"column":4},"end":{"line":46,"column":16}},"14":{"start":{"line":49,"column":2},"end":{"line":49,"column":20}},"15":{"start":{"line":56,"column":26},"end":{"line":60,"column":13}},"16":{"start":{"line":62,"column":2},"end":{"line":65,"column":3}},"17":{"start":{"line":63,"column":4},"end":{"line":63,"column":58}},"18":{"start":{"line":64,"column":4},"end":{"line":64,"column":16}},"19":{"start":{"line":67,"column":2},"end":{"line":67,"column":14}},"20":{"start":{"line":74,"column":29},"end":{"line":74,"column":58}},"21":{"start":{"line":76,"column":2},"end":{"line":78,"column":3}},"22":{"start":{"line":77,"column":4},"end":{"line":77,"column":71}},"23":{"start":{"line":80,"column":26},"end":{"line":89,"column":13}},"24":{"start":{"line":91,"column":2},"end":{"line":94,"column":3}},"25":{"start":{"line":92,"column":4},"end":{"line":92,"column":58}},"26":{"start":{"line":93,"column":4},"end":{"line":93,"column":16}},"27":{"start":{"line":96,"column":2},"end":{"line":96,"column":14}},"28":{"start":{"line":103,"column":26},"end":{"line":108,"column":13}},"29":{"start":{"line":110,"column":2},"end":{"line":113,"column":3}},"30":{"start":{"line":111,"column":4},"end":{"line":111,"column":58}},"31":{"start":{"line":112,"column":4},"end":{"line":112,"column":16}},"32":{"start":{"line":115,"column":2},"end":{"line":115,"column":14}},"33":{"start":{"line":122,"column":20},"end":{"line":125,"column":17}},"34":{"start":{"line":127,"column":2},"end":{"line":130,"column":3}},"35":{"start":{"line":128,"column":4},"end":{"line":128,"column":58}},"36":{"start":{"line":129,"column":4},"end":{"line":129,"column":16}},"37":{"start":{"line":137,"column":26},"end":{"line":140,"column":3}},"38":{"start":{"line":142,"column":2},"end":{"line":144,"column":3}},"39":{"start":{"line":143,"column":4},"end":{"line":143,"column":42}},"40":{"start":{"line":146,"column":26},"end":{"line":151,"column":13}},"41":{"start":{"line":153,"column":2},"end":{"line":156,"column":3}},"42":{"start":{"line":154,"column":4},"end":{"line":154,"column":61}},"43":{"start":{"line":155,"column":4},"end":{"line":155,"column":16}},"44":{"start":{"line":158,"column":2},"end":{"line":158,"column":14}},"45":{"start":{"line":165,"column":26},"end":{"line":174,"column":13}},"46":{"start":{"line":176,"column":2},"end":{"line":179,"column":3}},"47":{"start":{"line":177,"column":4},"end":{"line":177,"column":65}},"48":{"start":{"line":178,"column":4},"end":{"line":178,"column":16}},"49":{"start":{"line":181,"column":2},"end":{"line":181,"column":14}}},"fnMap":{"0":{"name":"fetchShoppingItems","decl":{"start":{"line":18,"column":22},"end":{"line":18,"column":40}},"loc":{"start":{"line":18,"column":97},"end":{"line":50,"column":1}},"line":18},"1":{"name":"fetchShoppingItem","decl":{"start":{"line":55,"column":22},"end":{"line":55,"column":39}},"loc":{"start":{"line":55,"column":82},"end":{"line":68,"column":1}},"line":55},"2":{"name":"createShoppingItem","decl":{"start":{"line":73,"column":22},"end":{"line":73,"column":40}},"loc":{"start":{"line":73,"column":96},"end":{"line":97,"column":1}},"line":73},"3":{"name":"updateShoppingItem","decl":{"start":{"line":102,"column":22},"end":{"line":102,"column":40}},"loc":{"start":{"line":102,"column":108},"end":{"line":116,"column":1}},"line":102},"4":{"name":"deleteShoppingItem","decl":{"start":{"line":121,"column":22},"end":{"line":121,"column":40}},"loc":{"start":{"line":121,"column":68},"end":{"line":131,"column":1}},"line":121},"5":{"name":"markAsPurchased","decl":{"start":{"line":136,"column":22},"end":{"line":136,"column":37}},"loc":{"start":{"line":136,"column":95},"end":{"line":159,"column":1}},"line":136},"6":{"name":"markAsNotPurchased","decl":{"start":{"line":164,"column":22},"end":{"line":164,"column":40}},"loc":{"start":{"line":164,"column":76},"end":{"line":182,"column":1}},"line":164}},"branchMap":{"0":{"loc":{"start":{"line":24,"column":2},"end":{"line":26,"column":3}},"type":"if","locations":[{"start":{"line":24,"column":2},"end":{"line":26,"column":3}},{"start":{},"end":{}}],"line":24},"1":{"loc":{"start":{"line":28,"column":2},"end":{"line":30,"column":3}},"type":"if","locations":[{"start":{"line":28,"column":2},"end":{"line":30,"column":3}},{"start":{},"end":{}}],"line":28},"2":{"loc":{"start":{"line":32,"column":2},"end":{"line":34,"column":3}},"type":"if","locations":[{"start":{"line":32,"column":2},"end":{"line":34,"column":3}},{"start":{},"end":{}}],"line":32},"3":{"loc":{"start":{"line":36,"column":2},"end":{"line":38,"column":3}},"type":"if","locations":[{"start":{"line":36,"column":2},"end":{"line":38,"column":3}},{"start":{},"end":{}}],"line":36},"4":{"loc":{"start":{"line":44,"column":2},"end":{"line":47,"column":3}},"type":"if","locations":[{"start":{"line":44,"column":2},"end":{"line":47,"column":3}},{"start":{},"end":{}}],"line":44},"5":{"loc":{"start":{"line":49,"column":9},"end":{"line":49,"column":19}},"type":"binary-expr","locations":[{"start":{"line":49,"column":9},"end":{"line":49,"column":13}},{"start":{"line":49,"column":17},"end":{"line":49,"column":19}}],"line":49},"6":{"loc":{"start":{"line":62,"column":2},"end":{"line":65,"column":3}},"type":"if","locations":[{"start":{"line":62,"column":2},"end":{"line":65,"column":3}},{"start":{},"end":{}}],"line":62},"7":{"loc":{"start":{"line":76,"column":2},"end":{"line":78,"column":3}},"type":"if","locations":[{"start":{"line":76,"column":2},"end":{"line":78,"column":3}},{"start":{},"end":{}}],"line":76},"8":{"loc":{"start":{"line":91,"column":2},"end":{"line":94,"column":3}},"type":"if","locations":[{"start":{"line":91,"column":2},"end":{"line":94,"column":3}},{"start":{},"end":{}}],"line":91},"9":{"loc":{"start":{"line":110,"column":2},"end":{"line":113,"column":3}},"type":"if","locations":[{"start":{"line":110,"column":2},"end":{"line":113,"column":3}},{"start":{},"end":{}}],"line":110},"10":{"loc":{"start":{"line":127,"column":2},"end":{"line":130,"column":3}},"type":"if","locations":[{"start":{"line":127,"column":2},"end":{"line":130,"column":3}},{"start":{},"end":{}}],"line":127},"11":{"loc":{"start":{"line":142,"column":2},"end":{"line":144,"column":3}},"type":"if","locations":[{"start":{"line":142,"column":2},"end":{"line":144,"column":3}},{"start":{},"end":{}}],"line":142},"12":{"loc":{"start":{"line":153,"column":2},"end":{"line":156,"column":3}},"type":"if","locations":[{"start":{"line":153,"column":2},"end":{"line":156,"column":3}},{"start":{},"end":{}}],"line":153},"13":{"loc":{"start":{"line":176,"column":2},"end":{"line":179,"column":3}},"type":"if","locations":[{"start":{"line":176,"column":2},"end":{"line":179,"column":3}},{"start":{},"end":{}}],"line":176}},"s":{"0":25,"1":25,"2":3,"3":25,"4":3,"5":25,"6":3,"7":25,"8":5,"9":25,"10":25,"11":24,"12":0,"13":0,"14":24,"15":4,"16":4,"17":1,"18":1,"19":3,"20":7,"21":7,"22":1,"23":6,"24":6,"25":1,"26":1,"27":5,"28":5,"29":5,"30":1,"31":1,"32":4,"33":4,"34":3,"35":0,"36":0,"37":6,"38":6,"39":3,"40":6,"41":6,"42":1,"43":1,"44":5,"45":5,"46":5,"47":1,"48":1,"49":4},"f":{"0":25,"1":4,"2":7,"3":5,"4":4,"5":6,"6":5},"b":{"0":[3,22],"1":[3,22],"2":[3,22],"3":[5,20],"4":[0,24],"5":[24,1],"6":[1,3],"7":[1,6],"8":[1,5],"9":[1,4],"10":[0,3],"11":[3,3],"12":[1,5],"13":[1,4]},"_coverageSchema":"1a1c01bbd47fc00a2c39e90264f33305004495a9","hash":"9a66a4b2ee553ae1b0c1973401a3b1a92f9b5b57"}
,"/Users/ninanitzsche/aipm/gartenplaner-app/src/services/supabase.ts": {"path":"/Users/ninanitzsche/aipm/gartenplaner-app/src/services/supabase.ts","statementMap":{"0":{"start":{"line":5,"column":20},"end":{"line":5,"column":62}},"1":{"start":{"line":6,"column":24},"end":{"line":6,"column":71}},"2":{"start":{"line":8,"column":0},"end":{"line":10,"column":1}},"3":{"start":{"line":9,"column":2},"end":{"line":9,"column":143}},"4":{"start":{"line":12,"column":24},"end":{"line":19,"column":2}}},"fnMap":{},"branchMap":{"0":{"loc":{"start":{"line":5,"column":20},"end":{"line":5,"column":62}},"type":"binary-expr","locations":[{"start":{"line":5,"column":20},"end":{"line":5,"column":56}},{"start":{"line":5,"column":60},"end":{"line":5,"column":62}}],"line":5},"1":{"loc":{"start":{"line":6,"column":24},"end":{"line":6,"column":71}},"type":"binary-expr","locations":[{"start":{"line":6,"column":24},"end":{"line":6,"column":65}},{"start":{"line":6,"column":69},"end":{"line":6,"column":71}}],"line":6},"2":{"loc":{"start":{"line":8,"column":0},"end":{"line":10,"column":1}},"type":"if","locations":[{"start":{"line":8,"column":0},"end":{"line":10,"column":1}},{"start":{},"end":{}}],"line":8},"3":{"loc":{"start":{"line":8,"column":4},"end":{"line":8,"column":36}},"type":"binary-expr","locations":[{"start":{"line":8,"column":4},"end":{"line":8,"column":16}},{"start":{"line":8,"column":20},"end":{"line":8,"column":36}}],"line":8}},"s":{"0":0,"1":0,"2":0,"3":0,"4":0},"f":{},"b":{"0":[0,0],"1":[0,0],"2":[0,0],"3":[0,0]}}
,"/Users/ninanitzsche/aipm/gartenplaner-app/src/utils/seedData.ts": {"path":"/Users/ninanitzsche/aipm/gartenplaner-app/src/utils/seedData.ts","statementMap":{"0":{"start":{"line":35,"column":47},"end":{"line":113,"column":1}},"1":{"start":{"line":115,"column":43},"end":{"line":562,"column":1}},"2":{"start":{"line":574,"column":29},"end":{"line":574,"column":58}},"3":{"start":{"line":576,"column":2},"end":{"line":578,"column":3}},"4":{"start":{"line":577,"column":4},"end":{"line":577,"column":66}},"5":{"start":{"line":580,"column":2},"end":{"line":629,"column":3}},"6":{"start":{"line":582,"column":34},"end":{"line":586,"column":7}},"7":{"start":{"line":582,"column":67},"end":{"line":586,"column":5}},"8":{"start":{"line":589,"column":30},"end":{"line":593,"column":7}},"9":{"start":{"line":589,"column":59},"end":{"line":593,"column":5}},"10":{"start":{"line":596,"column":22},"end":{"line":596,"column":70}},"11":{"start":{"line":600,"column":28},"end":{"line":609,"column":15}},"12":{"start":{"line":611,"column":4},"end":{"line":614,"column":5}},"13":{"start":{"line":612,"column":6},"end":{"line":612,"column":57}},"14":{"start":{"line":613,"column":6},"end":{"line":613,"column":18}},"15":{"start":{"line":616,"column":4},"end":{"line":616,"column":73}},"16":{"start":{"line":617,"column":4},"end":{"line":617,"column":72}},"17":{"start":{"line":618,"column":4},"end":{"line":618,"column":64}},"18":{"start":{"line":620,"column":4},"end":{"line":625,"column":6}},"19":{"start":{"line":627,"column":4},"end":{"line":627,"column":53}},"20":{"start":{"line":628,"column":4},"end":{"line":628,"column":16}},"21":{"start":{"line":639,"column":29},"end":{"line":639,"column":58}},"22":{"start":{"line":641,"column":2},"end":{"line":643,"column":3}},"23":{"start":{"line":642,"column":4},"end":{"line":642,"column":66}},"24":{"start":{"line":645,"column":20},"end":{"line":648,"column":3}},"25":{"start":{"line":646,"column":36},"end":{"line":646,"column":86}},"26":{"start":{"line":647,"column":32},"end":{"line":647,"column":82}},"27":{"start":{"line":650,"column":16},"end":{"line":650,"column":32}},"28":{"start":{"line":651,"column":15},"end":{"line":651,"column":16}},"29":{"start":{"line":653,"column":2},"end":{"line":676,"column":3}},"30":{"start":{"line":653,"column":15},"end":{"line":653,"column":16}},"31":{"start":{"line":654,"column":18},"end":{"line":654,"column":30}},"32":{"start":{"line":656,"column":4},"end":{"line":658,"column":5}},"33":{"start":{"line":657,"column":6},"end":{"line":657,"column":43}},"34":{"start":{"line":660,"column":4},"end":{"line":675,"column":5}},"35":{"start":{"line":661,"column":24},"end":{"line":666,"column":9}},"36":{"start":{"line":668,"column":6},"end":{"line":672,"column":7}},"37":{"start":{"line":669,"column":8},"end":{"line":669,"column":17}},"38":{"start":{"line":671,"column":8},"end":{"line":671,"column":67}},"39":{"start":{"line":674,"column":6},"end":{"line":674,"column":63}},"40":{"start":{"line":678,"column":2},"end":{"line":683,"column":4}}},"fnMap":{"0":{"name":"insertSeedData","decl":{"start":{"line":573,"column":22},"end":{"line":573,"column":36}},"loc":{"start":{"line":573,"column":39},"end":{"line":630,"column":1}},"line":573},"1":{"name":"(anonymous_1)","decl":{"start":{"line":582,"column":57},"end":{"line":582,"column":58}},"loc":{"start":{"line":582,"column":67},"end":{"line":586,"column":5}},"line":582},"2":{"name":"(anonymous_2)","decl":{"start":{"line":589,"column":49},"end":{"line":589,"column":50}},"loc":{"start":{"line":589,"column":59},"end":{"line":593,"column":5}},"line":589},"3":{"name":"insertSeedDataWithProgress","decl":{"start":{"line":636,"column":22},"end":{"line":636,"column":48}},"loc":{"start":{"line":638,"column":2},"end":{"line":684,"column":1}},"line":638},"4":{"name":"(anonymous_4)","decl":{"start":{"line":646,"column":30},"end":{"line":646,"column":31}},"loc":{"start":{"line":646,"column":36},"end":{"line":646,"column":86}},"line":646},"5":{"name":"(anonymous_5)","decl":{"start":{"line":647,"column":26},"end":{"line":647,"column":27}},"loc":{"start":{"line":647,"column":32},"end":{"line":647,"column":82}},"line":647}},"branchMap":{"0":{"loc":{"start":{"line":576,"column":2},"end":{"line":578,"column":3}},"type":"if","locations":[{"start":{"line":576,"column":2},"end":{"line":578,"column":3}},{"start":{},"end":{}}],"line":576},"1":{"loc":{"start":{"line":585,"column":13},"end":{"line":585,"column":32}},"type":"binary-expr","locations":[{"start":{"line":585,"column":13},"end":{"line":585,"column":27}},{"start":{"line":585,"column":31},"end":{"line":585,"column":32}}],"line":585},"2":{"loc":{"start":{"line":592,"column":13},"end":{"line":592,"column":32}},"type":"binary-expr","locations":[{"start":{"line":592,"column":13},"end":{"line":592,"column":27}},{"start":{"line":592,"column":31},"end":{"line":592,"column":32}}],"line":592},"3":{"loc":{"start":{"line":611,"column":4},"end":{"line":614,"column":5}},"type":"if","locations":[{"start":{"line":611,"column":4},"end":{"line":614,"column":5}},{"start":{},"end":{}}],"line":611},"4":{"loc":{"start":{"line":616,"column":45},"end":{"line":616,"column":62}},"type":"binary-expr","locations":[{"start":{"line":616,"column":45},"end":{"line":616,"column":57}},{"start":{"line":616,"column":61},"end":{"line":616,"column":62}}],"line":616},"5":{"loc":{"start":{"line":624,"column":14},"end":{"line":624,"column":31}},"type":"binary-expr","locations":[{"start":{"line":624,"column":14},"end":{"line":624,"column":26}},{"start":{"line":624,"column":30},"end":{"line":624,"column":31}}],"line":624},"6":{"loc":{"start":{"line":641,"column":2},"end":{"line":643,"column":3}},"type":"if","locations":[{"start":{"line":641,"column":2},"end":{"line":643,"column":3}},{"start":{},"end":{}}],"line":641},"7":{"loc":{"start":{"line":646,"column":69},"end":{"line":646,"column":84}},"type":"binary-expr","locations":[{"start":{"line":646,"column":69},"end":{"line":646,"column":79}},{"start":{"line":646,"column":83},"end":{"line":646,"column":84}}],"line":646},"8":{"loc":{"start":{"line":647,"column":65},"end":{"line":647,"column":80}},"type":"binary-expr","locations":[{"start":{"line":647,"column":65},"end":{"line":647,"column":75}},{"start":{"line":647,"column":79},"end":{"line":647,"column":80}}],"line":647},"9":{"loc":{"start":{"line":656,"column":4},"end":{"line":658,"column":5}},"type":"if","locations":[{"start":{"line":656,"column":4},"end":{"line":658,"column":5}},{"start":{},"end":{}}],"line":656},"10":{"loc":{"start":{"line":668,"column":6},"end":{"line":672,"column":7}},"type":"if","locations":[{"start":{"line":668,"column":6},"end":{"line":672,"column":7}},{"start":{"line":670,"column":13},"end":{"line":672,"column":7}}],"line":668}},"s":{"0":0,"1":0,"2":0,"3":0,"4":0,"5":0,"6":0,"7":0,"8":0,"9":0,"10":0,"11":0,"12":0,"13":0,"14":0,"15":0,"16":0,"17":0,"18":0,"19":0,"20":0,"21":0,"22":0,"23":0,"24":0,"25":0,"26":0,"27":0,"28":0,"29":0,"30":0,"31":0,"32":0,"33":0,"34":0,"35":0,"36":0,"37":0,"38":0,"39":0,"40":0},"f":{"0":0,"1":0,"2":0,"3":0,"4":0,"5":0},"b":{"0":[0,0],"1":[0,0],"2":[0,0],"3":[0,0],"4":[0,0],"5":[0,0],"6":[0,0],"7":[0,0],"8":[0,0],"9":[0,0],"10":[0,0]}}
}
