TN:
SF:src/services/authService.ts
FN:11,changePassword
FN:43,resetPassword
FN:61,verifyEmailExists
FNF:3
FNH:0
FNDA:0,changePassword
FNDA:0,resetPassword
FNDA:0,verifyEmailExists
DA:13,0
DA:15,0
DA:16,0
DA:20,0
DA:25,0
DA:26,0
DA:30,0
DA:34,0
DA:35,0
DA:44,0
DA:48,0
DA:50,0
DA:51,0
DA:53,0
DA:62,0
DA:64,0
DA:65,0
DA:67,0
LF:18
LH:0
BRDA:15,0,0,0
BRDA:15,0,1,0
BRDA:25,1,0,0
BRDA:25,1,1,0
BRDA:34,2,0,0
BRDA:34,2,1,0
BRDA:48,3,0,0
BRDA:48,3,1,0
BRDA:50,4,0,0
BRDA:50,4,1,0
BRF:10
BRH:0
end_of_record
TN:
SF:src/services/photoService.ts
FN:12,fetchPhotos
FN:30,fetchPhoto
FN:52,uploadPhoto
FN:96,deletePhoto
FN:123,getPublicPhotoUrl
FNF:5
FNH:5
FNDA:12,fetchPhotos
FNDA:2,fetchPhoto
FNDA:3,uploadPhoto
FNDA:3,deletePhoto
FNDA:2,getPublicPhotoUrl
DA:13,12
DA:14,12
DA:20,12
DA:21,11
DA:23,1
DA:31,2
DA:32,2
DA:38,2
DA:39,1
DA:41,1
DA:57,3
DA:59,3
DA:60,3
DA:63,2
DA:64,2
DA:66,2
DA:72,2
DA:73,1
DA:76,1
DA:85,1
DA:87,1
DA:89,2
DA:97,3
DA:99,3
DA:104,2
DA:107,1
DA:108,1
DA:112,1
DA:115,2
DA:124,2
DA:128,1
LF:31
LH:31
BRDA:20,0,0,1
BRDA:20,0,1,11
BRDA:21,1,0,11
BRDA:21,1,1,1
BRDA:38,2,0,1
BRDA:38,2,1,1
BRDA:60,3,0,1
BRDA:60,3,1,2
BRDA:60,4,0,3
BRDA:60,4,1,2
BRDA:72,5,0,1
BRDA:72,5,1,1
BRDA:73,6,0,0
BRDA:73,6,1,1
BRDA:85,7,0,0
BRDA:85,7,1,1
BRDA:104,8,0,1
BRDA:104,8,1,1
BRDA:107,9,0,1
BRDA:107,9,1,0
BRDA:112,10,0,0
BRDA:112,10,1,1
BRF:22
BRH:18
end_of_record
TN:
SF:src/services/plantService.ts
FN:22,fetchPlants
FN:73,fetchPlant
FN:91,createPlant
FN:120,updatePlant
FN:139,deletePlant
FN:154,searchPlants
FN:172,filterPlantsByStatus
FN:190,getUniqueLocations
FN:202,(anonymous_8)
FN:203,(anonymous_9)
FNF:10
FNH:10
FNDA:18,fetchPlants
FNDA:4,fetchPlant
FNDA:6,createPlant
FNDA:4,updatePlant
FNDA:6,deletePlant
FNDA:5,searchPlants
FNDA:5,filterPlantsByStatus
FNDA:7,getUniqueLocations
FNDA:14,(anonymous_8)
FNDA:14,(anonymous_9)
DA:23,18
DA:28,18
DA:29,3
DA:33,18
DA:34,3
DA:35,15
DA:37,2
DA:41,18
DA:42,3
DA:43,15
DA:45,2
DA:49,18
DA:50,2
DA:54,18
DA:55,3
DA:58,18
DA:60,18
DA:62,17
DA:63,0
DA:64,0
DA:67,17
DA:74,4
DA:80,4
DA:81,1
DA:82,1
DA:85,3
DA:92,6
DA:94,6
DA:95,1
DA:98,5
DA:109,5
DA:110,1
DA:111,1
DA:114,4
DA:121,4
DA:128,4
DA:129,1
DA:130,1
DA:133,3
DA:140,6
DA:145,5
DA:146,0
DA:147,0
DA:155,5
DA:161,4
DA:162,0
DA:163,0
DA:166,4
DA:173,5
DA:179,4
DA:180,0
DA:181,0
DA:184,4
DA:191,7
DA:196,6
DA:197,0
DA:198,0
DA:201,6
DA:202,14
DA:203,14
DA:206,6
LF:61
LH:51
BRDA:28,0,0,3
BRDA:28,0,1,15
BRDA:33,1,0,3
BRDA:33,1,1,15
BRDA:33,2,0,18
BRDA:33,2,1,3
BRDA:35,3,0,2
BRDA:35,3,1,13
BRDA:41,4,0,3
BRDA:41,4,1,15
BRDA:41,5,0,18
BRDA:41,5,1,3
BRDA:43,6,0,2
BRDA:43,6,1,13
BRDA:49,7,0,2
BRDA:49,7,1,16
BRDA:54,8,0,3
BRDA:54,8,1,15
BRDA:62,9,0,0
BRDA:62,9,1,17
BRDA:67,10,0,17
BRDA:67,10,1,1
BRDA:80,11,0,1
BRDA:80,11,1,3
BRDA:94,12,0,1
BRDA:94,12,1,5
BRDA:109,13,0,1
BRDA:109,13,1,4
BRDA:128,14,0,1
BRDA:128,14,1,3
BRDA:145,15,0,0
BRDA:145,15,1,5
BRDA:161,16,0,0
BRDA:161,16,1,4
BRDA:166,17,0,4
BRDA:166,17,1,0
BRDA:179,18,0,0
BRDA:179,18,1,4
BRDA:184,19,0,4
BRDA:184,19,1,0
BRDA:196,20,0,0
BRDA:196,20,1,6
BRDA:203,21,0,14
BRDA:203,21,1,14
BRF:44
BRH:37
end_of_record
TN:
SF:src/services/seedDataService.ts
FN:26,hasSeedDataBeenImported
FN:39,markSeedDataAsImported
FN:56,importSeedData
FN:140,importSeedDataBulk
FN:149,(anonymous_4)
FN:191,resetImportStatus
FNF:6
FNH:6
FNDA:7,hasSeedDataBeenImported
FNDA:18,markSeedDataAsImported
FNDA:16,importSeedData
FNDA:6,importSeedDataBulk
FNDA:15,(anonymous_4)
FNDA:3,resetImportStatus
DA:15,1
DA:27,7
DA:28,7
DA:29,6
DA:31,1
DA:32,1
DA:40,18
DA:41,18
DA:43,1
DA:44,1
DA:59,16
DA:60,16
DA:62,16
DA:63,4
DA:66,12
DA:67,12
DA:68,12
DA:71,12
DA:72,36
DA:74,36
DA:75,3
DA:83,36
DA:97,36
DA:98,0
DA:101,36
DA:106,12
DA:108,12
DA:109,1
DA:116,12
DA:120,12
DA:122,12
DA:127,4
DA:128,4
DA:141,6
DA:142,6
DA:144,6
DA:145,1
DA:148,5
DA:149,15
DA:156,5
DA:164,4
DA:165,0
DA:169,4
DA:171,4
DA:172,4
DA:174,4
DA:179,2
DA:180,2
DA:192,3
DA:193,3
DA:194,2
DA:196,1
DA:197,1
LF:53
LH:51
BRDA:62,0,0,4
BRDA:62,0,1,12
BRDA:74,1,0,3
BRDA:74,1,1,33
BRDA:89,2,0,36
BRDA:89,2,1,36
BRDA:89,2,2,36
BRDA:97,3,0,0
BRDA:97,3,1,36
BRDA:108,4,0,1
BRDA:108,4,1,11
BRDA:116,5,0,12
BRDA:116,5,1,0
BRDA:131,6,0,4
BRDA:131,6,1,0
BRDA:144,7,0,1
BRDA:144,7,1,5
BRDA:152,8,0,15
BRDA:152,8,1,15
BRDA:152,8,2,15
BRDA:164,9,0,0
BRDA:164,9,1,4
BRDA:171,10,0,4
BRDA:171,10,1,0
BRDA:183,11,0,2
BRDA:183,11,1,0
BRF:26
BRH:20
end_of_record
TN:
SF:src/services/shoppingService.ts
FN:18,fetchShoppingItems
FN:55,fetchShoppingItem
FN:73,createShoppingItem
FN:102,updateShoppingItem
FN:121,deleteShoppingItem
FN:136,markAsPurchased
FN:164,markAsNotPurchased
FNF:7
FNH:7
FNDA:25,fetchShoppingItems
FNDA:4,fetchShoppingItem
FNDA:7,createShoppingItem
FNDA:5,updateShoppingItem
FNDA:4,deleteShoppingItem
FNDA:6,markAsPurchased
FNDA:5,markAsNotPurchased
DA:19,25
DA:24,25
DA:25,3
DA:28,25
DA:29,3
DA:32,25
DA:33,3
DA:36,25
DA:37,5
DA:40,25
DA:42,25
DA:44,24
DA:45,0
DA:46,0
DA:49,24
DA:56,4
DA:62,4
DA:63,1
DA:64,1
DA:67,3
DA:74,7
DA:76,7
DA:77,1
DA:80,6
DA:91,6
DA:92,1
DA:93,1
DA:96,5
DA:103,5
DA:110,5
DA:111,1
DA:112,1
DA:115,4
DA:122,4
DA:127,3
DA:128,0
DA:129,0
DA:137,6
DA:142,6
DA:143,3
DA:146,6
DA:153,6
DA:154,1
DA:155,1
DA:158,5
DA:165,5
DA:176,5
DA:177,1
DA:178,1
DA:181,4
LF:50
LH:46
BRDA:24,0,0,3
BRDA:24,0,1,22
BRDA:28,1,0,3
BRDA:28,1,1,22
BRDA:32,2,0,3
BRDA:32,2,1,22
BRDA:36,3,0,5
BRDA:36,3,1,20
BRDA:44,4,0,0
BRDA:44,4,1,24
BRDA:49,5,0,24
BRDA:49,5,1,1
BRDA:62,6,0,1
BRDA:62,6,1,3
BRDA:76,7,0,1
BRDA:76,7,1,6
BRDA:91,8,0,1
BRDA:91,8,1,5
BRDA:110,9,0,1
BRDA:110,9,1,4
BRDA:127,10,0,0
BRDA:127,10,1,3
BRDA:142,11,0,3
BRDA:142,11,1,3
BRDA:153,12,0,1
BRDA:153,12,1,5
BRDA:176,13,0,1
BRDA:176,13,1,4
BRF:28
BRH:26
end_of_record
TN:
SF:src/services/supabase.ts
FNF:0
FNH:0
DA:5,0
DA:6,0
DA:8,0
DA:9,0
DA:12,0
LF:5
LH:0
BRDA:5,0,0,0
BRDA:5,0,1,0
BRDA:6,1,0,0
BRDA:6,1,1,0
BRDA:8,2,0,0
BRDA:8,2,1,0
BRDA:8,3,0,0
BRDA:8,3,1,0
BRF:8
BRH:0
end_of_record
TN:
SF:src/utils/seedData.ts
FN:573,insertSeedData
FN:582,(anonymous_1)
FN:589,(anonymous_2)
FN:636,insertSeedDataWithProgress
FN:646,(anonymous_4)
FN:647,(anonymous_5)
FNF:6
FNH:0
FNDA:0,insertSeedData
FNDA:0,(anonymous_1)
FNDA:0,(anonymous_2)
FNDA:0,insertSeedDataWithProgress
FNDA:0,(anonymous_4)
FNDA:0,(anonymous_5)
DA:35,0
DA:115,0
DA:574,0
DA:576,0
DA:577,0
DA:580,0
DA:582,0
DA:589,0
DA:596,0
DA:600,0
DA:611,0
DA:612,0
DA:613,0
DA:616,0
DA:617,0
DA:618,0
DA:620,0
DA:627,0
DA:628,0
DA:639,0
DA:641,0
DA:642,0
DA:645,0
DA:646,0
DA:647,0
DA:650,0
DA:651,0
DA:653,0
DA:654,0
DA:656,0
DA:657,0
DA:660,0
DA:661,0
DA:668,0
DA:669,0
DA:671,0
DA:674,0
DA:678,0
LF:38
LH:0
BRDA:576,0,0,0
BRDA:576,0,1,0
BRDA:585,1,0,0
BRDA:585,1,1,0
BRDA:592,2,0,0
BRDA:592,2,1,0
BRDA:611,3,0,0
BRDA:611,3,1,0
BRDA:616,4,0,0
BRDA:616,4,1,0
BRDA:624,5,0,0
BRDA:624,5,1,0
BRDA:641,6,0,0
BRDA:641,6,1,0
BRDA:646,7,0,0
BRDA:646,7,1,0
BRDA:647,8,0,0
BRDA:647,8,1,0
BRDA:656,9,0,0
BRDA:656,9,1,0
BRDA:668,10,0,0
BRDA:668,10,1,0
BRF:22
BRH:0
end_of_record
