TN:
SF:src/services/aiIntegrationService.ts
FN:18,aiIdentificationWithCache
FN:34,pestDetectionWithCache
FN:50,getSuggestionsWithCache
FN:68,invalidatePlantAICache
FN:72,invalidateSuggestionCache
FN:80,linkPhotoToAIAnalysis
FN:88,getAIAnalysisForPhoto
FN:93,detectPest
FN:101,generateSuggestions
FN:112,generateSimpleHash
FN:122,getCurrentSeason
FNF:11
FNH:0
FNDA:0,aiIdentificationWithCache
FNDA:0,pestDetectionWithCache
FNDA:0,getSuggestionsWithCache
FNDA:0,invalidatePlantAICache
FNDA:0,invalidateSuggestionCache
FNDA:0,linkPhotoToAIAnalysis
FNDA:0,getAIAnalysisForPhoto
FNDA:0,detectPest
FNDA:0,generateSuggestions
FNDA:0,generateSimpleHash
FNDA:0,getCurrentSeason
DA:21,0
DA:23,0
DA:24,0
DA:25,0
DA:28,0
DA:29,0
DA:31,0
DA:37,0
DA:39,0
DA:40,0
DA:41,0
DA:44,0
DA:45,0
DA:47,0
DA:54,0
DA:55,0
DA:57,0
DA:58,0
DA:59,0
DA:62,0
DA:63,0
DA:65,0
DA:69,0
DA:76,0
DA:77,0
DA:85,0
DA:89,0
DA:90,0
DA:94,0
DA:102,0
DA:113,0
DA:114,0
DA:115,0
DA:116,0
DA:117,0
DA:119,0
DA:123,0
DA:124,0
DA:125,0
DA:126,0
DA:127,0
LF:41
LH:0
BRDA:24,0,0,0
BRDA:24,0,1,0
BRDA:24,1,0,0
BRDA:24,1,1,0
BRDA:40,2,0,0
BRDA:40,2,1,0
BRDA:40,3,0,0
BRDA:40,3,1,0
BRDA:54,4,0,0
BRDA:54,4,1,0
BRDA:58,5,0,0
BRDA:58,5,1,0
BRDA:58,6,0,0
BRDA:58,6,1,0
BRDA:76,7,0,0
BRDA:76,7,1,0
BRDA:124,8,0,0
BRDA:124,8,1,0
BRDA:124,9,0,0
BRDA:124,9,1,0
BRDA:125,10,0,0
BRDA:125,10,1,0
BRDA:125,11,0,0
BRDA:125,11,1,0
BRDA:126,12,0,0
BRDA:126,12,1,0
BRDA:126,13,0,0
BRDA:126,13,1,0
BRF:28
BRH:0
end_of_record
TN:
SF:src/services/aiMetadataService.ts
FN:8,saveAIIdentification
FN:40,linkIdentificationToPlant
FN:59,linkPhotoToAnalysis
FN:80,getAnalysesForPhoto
FN:98,getIdentificationsForPlant
FN:114,(anonymous_5)
FN:132,syncLocalCacheToCloud
FN:136,fetchCloudAnalysisForPhoto
FNF:8
FNH:0
FNDA:0,saveAIIdentification
FNDA:0,linkIdentificationToPlant
FNDA:0,linkPhotoToAnalysis
FNDA:0,getAnalysesForPhoto
FNDA:0,getIdentificationsForPlant
FNDA:0,(anonymous_5)
FNDA:0,syncLocalCacheToCloud
FNDA:0,fetchCloudAnalysisForPhoto
DA:14,0
DA:15,0
DA:16,0
DA:18,0
DA:30,0
DA:31,0
DA:33,0
DA:35,0
DA:36,0
DA:44,0
DA:45,0
DA:52,0
DA:54,0
DA:55,0
DA:64,0
DA:65,0
DA:73,0
DA:75,0
DA:76,0
DA:83,0
DA:84,0
DA:90,0
DA:91,0
DA:93,0
DA:94,0
DA:101,0
DA:102,0
DA:108,0
DA:110,0
DA:111,0
DA:114,0
DA:115,0
DA:116,0
DA:127,0
DA:128,0
DA:133,0
DA:139,0
DA:140,0
DA:148,0
DA:149,0
DA:151,0
DA:153,0
DA:154,0
LF:43
LH:0
BRDA:16,0,0,0
BRDA:16,0,1,0
BRDA:16,1,0,0
BRDA:16,1,1,0
BRDA:30,2,0,0
BRDA:30,2,1,0
BRDA:31,3,0,0
BRDA:31,3,1,0
BRDA:52,4,0,0
BRDA:52,4,1,0
BRDA:73,5,0,0
BRDA:73,5,1,0
BRDA:90,6,0,0
BRDA:90,6,1,0
BRDA:91,7,0,0
BRDA:91,7,1,0
BRDA:108,8,0,0
BRDA:108,8,1,0
BRDA:110,9,0,0
BRDA:110,9,1,0
BRDA:110,10,0,0
BRDA:110,10,1,0
BRDA:148,11,0,0
BRDA:148,11,1,0
BRDA:149,12,0,0
BRDA:149,12,1,0
BRF:26
BRH:0
end_of_record
TN:
SF:src/services/aiService.ts
FN:28,identifyPlant
FN:64,(anonymous_1)
FN:90,parseIdentificationResult
FN:115,pickImage
FN:150,getRemainingQuota
FN:157,identifyPlantMultiple
FNF:6
FNH:0
FNDA:0,identifyPlant
FNDA:0,(anonymous_1)
FNDA:0,parseIdentificationResult
FNDA:0,pickImage
FNDA:0,getRemainingQuota
FNDA:0,identifyPlantMultiple
DA:16,0
DA:17,0
DA:32,0
DA:34,0
DA:35,0
DA:38,0
DA:41,0
DA:42,0
DA:43,0
DA:44,0
DA:45,0
DA:46,0
DA:48,0
DA:49,0
DA:53,0
DA:54,0
DA:55,0
DA:58,0
DA:63,0
DA:64,0
DA:65,0
DA:71,0
DA:74,0
DA:76,0
DA:77,0
DA:79,0
DA:80,0
DA:91,0
DA:92,0
DA:98,0
DA:99,0
DA:101,0
DA:119,0
DA:123,0
DA:124,0
DA:128,0
DA:140,0
DA:141,0
DA:144,0
DA:151,0
DA:161,0
DA:162,0
LF:42
LH:0
BRDA:16,0,0,0
BRDA:16,0,1,0
BRDA:30,1,0,0
BRDA:32,2,0,0
BRDA:32,3,0,0
BRDA:34,4,0,0
BRDA:34,4,1,0
BRDA:41,5,0,0
BRDA:41,5,1,0
BRDA:44,6,0,0
BRDA:44,6,1,0
BRDA:63,7,0,0
BRDA:63,7,1,0
BRDA:67,8,0,0
BRDA:67,8,1,0
BRDA:76,9,0,0
BRDA:76,9,1,0
BRDA:91,10,0,0
BRDA:91,10,1,0
BRDA:91,11,0,0
BRDA:91,11,1,0
BRDA:102,12,0,0
BRDA:102,12,1,0
BRDA:105,13,0,0
BRDA:105,13,1,0
BRDA:106,14,0,0
BRDA:106,14,1,0
BRDA:119,15,0,0
BRDA:119,15,1,0
BRDA:123,16,0,0
BRDA:123,16,1,0
BRDA:128,17,0,0
BRDA:128,17,1,0
BRDA:140,18,0,0
BRDA:140,18,1,0
BRDA:140,19,0,0
BRDA:140,19,1,0
BRDA:140,19,2,0
BRDA:159,20,0,0
BRF:39
BRH:0
end_of_record
TN:
SF:src/services/authService.ts
FN:11,changePassword
FN:43,resetPassword
FN:61,verifyEmailExists
FNF:3
FNH:0
FNDA:0,changePassword
FNDA:0,resetPassword
FNDA:0,verifyEmailExists
DA:13,0
DA:15,0
DA:16,0
DA:20,0
DA:25,0
DA:26,0
DA:30,0
DA:34,0
DA:35,0
DA:44,0
DA:48,0
DA:50,0
DA:51,0
DA:53,0
DA:62,0
DA:64,0
DA:65,0
DA:67,0
LF:18
LH:0
BRDA:15,0,0,0
BRDA:15,0,1,0
BRDA:25,1,0,0
BRDA:25,1,1,0
BRDA:34,2,0,0
BRDA:34,2,1,0
BRDA:48,3,0,0
BRDA:48,3,1,0
BRDA:50,4,0,0
BRDA:50,4,1,0
BRF:10
BRH:0
end_of_record
TN:
SF:src/services/bedService.ts
FN:12,fetchBeds
FN:42,fetchBed
FN:60,createBed
FN:89,updateBed
FN:108,deleteBed
FN:123,linkBedToPlant
FN:137,unlinkBedFromPlant
FN:153,fetchBedPlants
FN:169,(anonymous_8)
FN:186,getBedPlantCount
FNF:10
FNH:0
FNDA:0,fetchBeds
FNDA:0,fetchBed
FNDA:0,createBed
FNDA:0,updateBed
FNDA:0,deleteBed
FNDA:0,linkBedToPlant
FNDA:0,unlinkBedFromPlant
FNDA:0,fetchBedPlants
FNDA:0,(anonymous_8)
FNDA:0,getBedPlantCount
DA:13,0
DA:15,0
DA:16,0
DA:19,0
DA:24,0
DA:25,0
DA:28,0
DA:30,0
DA:32,0
DA:33,0
DA:36,0
DA:43,0
DA:49,0
DA:50,0
DA:51,0
DA:54,0
DA:61,0
DA:63,0
DA:64,0
DA:67,0
DA:78,0
DA:79,0
DA:80,0
DA:83,0
DA:90,0
DA:97,0
DA:98,0
DA:99,0
DA:102,0
DA:109,0
DA:114,0
DA:115,0
DA:116,0
DA:124,0
DA:129,0
DA:130,0
DA:138,0
DA:144,0
DA:145,0
DA:146,0
DA:154,0
DA:159,0
DA:160,0
DA:161,0
DA:164,0
DA:165,0
DA:169,0
DA:170,0
DA:175,0
DA:176,0
DA:177,0
DA:180,0
DA:187,0
DA:192,0
DA:193,0
DA:194,0
DA:197,0
LF:57
LH:0
BRDA:15,0,0,0
BRDA:15,0,1,0
BRDA:24,1,0,0
BRDA:24,1,1,0
BRDA:32,2,0,0
BRDA:32,2,1,0
BRDA:36,3,0,0
BRDA:36,3,1,0
BRDA:49,4,0,0
BRDA:49,4,1,0
BRDA:63,5,0,0
BRDA:63,5,1,0
BRDA:78,6,0,0
BRDA:78,6,1,0
BRDA:97,7,0,0
BRDA:97,7,1,0
BRDA:114,8,0,0
BRDA:114,8,1,0
BRDA:129,9,0,0
BRDA:129,9,1,0
BRDA:144,10,0,0
BRDA:144,10,1,0
BRDA:159,11,0,0
BRDA:159,11,1,0
BRDA:164,12,0,0
BRDA:164,12,1,0
BRDA:164,13,0,0
BRDA:164,13,1,0
BRDA:175,14,0,0
BRDA:175,14,1,0
BRDA:180,15,0,0
BRDA:180,15,1,0
BRDA:192,16,0,0
BRDA:192,16,1,0
BRDA:197,17,0,0
BRDA:197,17,1,0
BRF:36
BRH:0
end_of_record
TN:
SF:src/services/cacheService.ts
FN:22,generateSimpleHash
FN:49,generateImageHash
FN:56,cacheIdentification
FN:80,getCachedIdentification
FN:116,clearIdentificationCache
FN:119,(anonymous_5)
FN:129,getCacheStats
FN:135,(anonymous_7)
FN:155,cacheKey
FN:164,getTTL
FN:177,cacheAIIdentification
FN:198,cachePestDetection
FN:219,cacheSuggestions
FN:241,getAICache
FN:273,invalidateAICache
FN:285,invalidateByPattern
FN:288,(anonymous_16)
FN:297,getAICacheStats
FN:305,(anonymous_18)
FN:306,(anonymous_19)
FN:332,clearAICache
FN:343,(anonymous_21)
FN:346,(anonymous_22)
FN:361,getAICacheAge
FNF:24
FNH:0
FNDA:0,generateSimpleHash
FNDA:0,generateImageHash
FNDA:0,cacheIdentification
FNDA:0,getCachedIdentification
FNDA:0,clearIdentificationCache
FNDA:0,(anonymous_5)
FNDA:0,getCacheStats
FNDA:0,(anonymous_7)
FNDA:0,cacheKey
FNDA:0,getTTL
FNDA:0,cacheAIIdentification
FNDA:0,cachePestDetection
FNDA:0,cacheSuggestions
FNDA:0,getAICache
FNDA:0,invalidateAICache
FNDA:0,invalidateByPattern
FNDA:0,(anonymous_16)
FNDA:0,getAICacheStats
FNDA:0,(anonymous_18)
FNDA:0,(anonymous_19)
FNDA:0,clearAICache
FNDA:0,(anonymous_21)
FNDA:0,(anonymous_22)
FNDA:0,getAICacheAge
DA:17,0
DA:18,0
DA:20,0
DA:23,0
DA:24,0
DA:25,0
DA:26,0
DA:27,0
DA:29,0
DA:32,0
DA:38,0
DA:50,0
DA:60,0
DA:61,0
DA:62,0
DA:68,0
DA:73,0
DA:83,0
DA:84,0
DA:85,0
DA:87,0
DA:88,0
DA:91,0
DA:92,0
DA:93,0
DA:96,0
DA:98,0
DA:99,0
DA:102,0
DA:108,0
DA:109,0
DA:117,0
DA:118,0
DA:119,0
DA:120,0
DA:122,0
DA:133,0
DA:134,0
DA:135,0
DA:137,0
DA:138,0
DA:139,0
DA:140,0
DA:141,0
DA:145,0
DA:150,0
DA:151,0
DA:156,0
DA:161,0
DA:165,0
DA:167,0
DA:169,0
DA:171,0
DA:173,0
DA:181,0
DA:182,0
DA:183,0
DA:189,0
DA:194,0
DA:202,0
DA:203,0
DA:204,0
DA:210,0
DA:215,0
DA:224,0
DA:225,0
DA:226,0
DA:232,0
DA:237,0
DA:245,0
DA:246,0
DA:247,0
DA:249,0
DA:250,0
DA:253,0
DA:254,0
DA:255,0
DA:257,0
DA:258,0
DA:259,0
DA:262,0
DA:268,0
DA:269,0
DA:277,0
DA:278,0
DA:279,0
DA:281,0
DA:286,0
DA:287,0
DA:288,0
DA:289,0
DA:290,0
DA:293,0
DA:302,0
DA:303,0
DA:305,0
DA:306,0
DA:307,0
DA:308,0
DA:309,0
DA:310,0
DA:311,0
DA:314,0
DA:317,0
DA:323,0
DA:324,0
DA:333,0
DA:334,0
DA:335,0
DA:337,0
DA:338,0
DA:343,0
DA:345,0
DA:347,0
DA:353,0
DA:354,0
DA:357,0
DA:365,0
DA:366,0
DA:367,0
DA:369,0
DA:370,0
DA:373,0
DA:374,0
DA:376,0
DA:377,0
LF:126
LH:0
BRDA:87,0,0,0
BRDA:87,0,1,0
BRDA:96,1,0,0
BRDA:96,1,1,0
BRDA:140,2,0,0
BRDA:140,2,1,0
BRDA:165,3,0,0
BRDA:165,3,1,0
BRDA:165,3,2,0
BRDA:165,3,3,0
BRDA:249,4,0,0
BRDA:249,4,1,0
BRDA:255,5,0,0
BRDA:255,5,1,0
BRDA:257,6,0,0
BRDA:257,6,1,0
BRDA:289,7,0,0
BRDA:289,7,1,0
BRDA:310,8,0,0
BRDA:310,8,1,0
BRDA:337,9,0,0
BRDA:337,9,1,0
BRDA:347,10,0,0
BRDA:347,10,1,0
BRDA:347,10,2,0
BRDA:353,11,0,0
BRDA:353,11,1,0
BRDA:369,12,0,0
BRDA:369,12,1,0
BRF:29
BRH:0
end_of_record
TN:
SF:src/services/companionService.ts
FN:14,getCompanionsByPlantName
FN:61,getAllCompanions
FN:82,searchCompanions
FN:109,areCompanionsCompatible
FN:121,(anonymous_4)
FN:131,(anonymous_5)
FNF:6
FNH:0
FNDA:0,getCompanionsByPlantName
FNDA:0,getAllCompanions
FNDA:0,searchCompanions
FNDA:0,areCompanionsCompatible
FNDA:0,(anonymous_4)
FNDA:0,(anonymous_5)
DA:17,0
DA:18,0
DA:19,0
DA:22,0
DA:25,0
DA:32,0
DA:33,0
DA:39,0
DA:40,0
DA:41,0
DA:45,0
DA:46,0
DA:47,0
DA:50,0
DA:52,0
DA:53,0
DA:62,0
DA:63,0
DA:68,0
DA:70,0
DA:72,0
DA:73,0
DA:83,0
DA:84,0
DA:85,0
DA:88,0
DA:94,0
DA:96,0
DA:98,0
DA:99,0
DA:113,0
DA:114,0
DA:115,0
DA:118,0
DA:121,0
DA:124,0
DA:128,0
DA:131,0
DA:134,0
DA:138,0
DA:140,0
DA:141,0
LF:42
LH:0
BRDA:18,0,0,0
BRDA:18,0,1,0
BRDA:18,1,0,0
BRDA:18,1,1,0
BRDA:32,2,0,0
BRDA:32,2,1,0
BRDA:39,3,0,0
BRDA:39,3,1,0
BRDA:45,4,0,0
BRDA:45,4,1,0
BRDA:45,5,0,0
BRDA:45,5,1,0
BRDA:50,6,0,0
BRDA:50,6,1,0
BRDA:68,7,0,0
BRDA:68,7,1,0
BRDA:70,8,0,0
BRDA:70,8,1,0
BRDA:84,9,0,0
BRDA:84,9,1,0
BRDA:84,10,0,0
BRDA:84,10,1,0
BRDA:94,11,0,0
BRDA:94,11,1,0
BRDA:96,12,0,0
BRDA:96,12,1,0
BRDA:115,13,0,0
BRDA:115,13,1,0
BRDA:118,14,0,0
BRDA:118,14,1,0
BRDA:119,15,0,0
BRDA:119,15,1,0
BRDA:128,16,0,0
BRDA:128,16,1,0
BRDA:129,17,0,0
BRDA:129,17,1,0
BRF:36
BRH:0
end_of_record
TN:
SF:src/services/dashboardService.ts
FN:38,getHarvestMetrics
FN:55,(anonymous_1)
FN:64,(anonymous_2)
FN:69,(anonymous_3)
FN:82,getTaskMetrics
FN:87,(anonymous_5)
FN:91,(anonymous_6)
FN:92,(anonymous_7)
FN:117,getPlantStatusDistribution
FN:132,(anonymous_9)
FN:138,(anonymous_10)
FN:139,(anonymous_11)
FN:149,getRecentActivity
FN:155,(anonymous_13)
FN:167,(anonymous_14)
FN:168,(anonymous_15)
FN:175,(anonymous_16)
FN:186,(anonymous_17)
FN:197,getDashboardData
FNF:19
FNH:0
FNDA:0,getHarvestMetrics
FNDA:0,(anonymous_1)
FNDA:0,(anonymous_2)
FNDA:0,(anonymous_3)
FNDA:0,getTaskMetrics
FNDA:0,(anonymous_5)
FNDA:0,(anonymous_6)
FNDA:0,(anonymous_7)
FNDA:0,getPlantStatusDistribution
FNDA:0,(anonymous_9)
FNDA:0,(anonymous_10)
FNDA:0,(anonymous_11)
FNDA:0,getRecentActivity
FNDA:0,(anonymous_13)
FNDA:0,(anonymous_14)
FNDA:0,(anonymous_15)
FNDA:0,(anonymous_16)
FNDA:0,(anonymous_17)
FNDA:0,getDashboardData
DA:39,0
DA:40,0
DA:41,0
DA:43,0
DA:48,0
DA:50,0
DA:51,0
DA:54,0
DA:55,0
DA:56,0
DA:57,0
DA:58,0
DA:60,0
DA:63,0
DA:64,0
DA:69,0
DA:72,0
DA:74,0
DA:75,0
DA:83,0
DA:84,0
DA:86,0
DA:87,0
DA:88,0
DA:91,0
DA:92,0
DA:93,0
DA:95,0
DA:103,0
DA:104,0
DA:118,0
DA:119,0
DA:120,0
DA:122,0
DA:127,0
DA:129,0
DA:130,0
DA:132,0
DA:133,0
DA:134,0
DA:137,0
DA:138,0
DA:139,0
DA:141,0
DA:142,0
DA:150,0
DA:151,0
DA:154,0
DA:155,0
DA:156,0
DA:165,0
DA:166,0
DA:167,0
DA:169,0
DA:170,0
DA:171,0
DA:175,0
DA:176,0
DA:185,0
DA:186,0
DA:189,0
DA:190,0
DA:198,0
DA:199,0
DA:206,0
DA:213,0
DA:214,0
LF:67
LH:0
BRDA:41,0,0,0
BRDA:41,0,1,0
BRDA:41,1,0,0
BRDA:41,1,1,0
BRDA:48,2,0,0
BRDA:48,2,1,0
BRDA:50,3,0,0
BRDA:50,3,1,0
BRDA:56,4,0,0
BRDA:56,4,1,0
BRDA:57,5,0,0
BRDA:57,5,1,0
BRDA:88,6,0,0
BRDA:88,6,1,0
BRDA:91,7,0,0
BRDA:91,7,1,0
BRDA:92,8,0,0
BRDA:92,8,1,0
BRDA:93,9,0,0
BRDA:93,9,1,0
BRDA:120,10,0,0
BRDA:120,10,1,0
BRDA:120,11,0,0
BRDA:120,11,1,0
BRDA:127,12,0,0
BRDA:127,12,1,0
BRDA:129,13,0,0
BRDA:129,13,1,0
BRDA:133,14,0,0
BRDA:133,14,1,0
BRDA:134,15,0,0
BRDA:134,15,1,0
BRDA:149,16,0,0
BRDA:169,17,0,0
BRDA:169,17,1,0
BRDA:170,18,0,0
BRDA:170,18,1,0
BRDA:179,19,0,0
BRDA:179,19,1,0
BRF:39
BRH:0
end_of_record
TN:
SF:src/services/gardenService.ts
FN:12,fetchGarden
FN:41,createGarden
FN:70,updateGarden
FN:89,deleteGarden
FNF:4
FNH:0
FNDA:0,fetchGarden
FNDA:0,createGarden
FNDA:0,updateGarden
FNDA:0,deleteGarden
DA:13,0
DA:15,0
DA:16,0
DA:19,0
DA:25,0
DA:27,0
DA:31,0
DA:32,0
DA:35,0
DA:42,0
DA:44,0
DA:45,0
DA:48,0
DA:59,0
DA:60,0
DA:61,0
DA:64,0
DA:71,0
DA:78,0
DA:79,0
DA:80,0
DA:83,0
DA:90,0
DA:95,0
DA:96,0
DA:97,0
LF:26
LH:0
BRDA:15,0,0,0
BRDA:15,0,1,0
BRDA:25,1,0,0
BRDA:25,1,1,0
BRDA:25,2,0,0
BRDA:25,2,1,0
BRDA:31,3,0,0
BRDA:31,3,1,0
BRDA:44,4,0,0
BRDA:44,4,1,0
BRDA:59,5,0,0
BRDA:59,5,1,0
BRDA:78,6,0,0
BRDA:78,6,1,0
BRDA:95,7,0,0
BRDA:95,7,1,0
BRF:16
BRH:0
end_of_record
TN:
SF:src/services/harvestService.ts
FN:15,fetchHarvests
FN:36,(anonymous_1)
FN:48,fetchHarvest
FN:78,createHarvest
FN:134,updateHarvest
FN:169,deleteHarvest
FN:189,getHarvestsByPlant
FN:213,getTotalHarvestByPlant
FN:222,(anonymous_8)
FN:226,(anonymous_9)
FN:238,getHarvestStatsForPlant
FN:248,(anonymous_11)
FN:252,(anonymous_12)
FN:269,getRecentHarvests
FN:283,(anonymous_14)
FN:295,formatHarvest
FN:302,formatHarvestWithPlant
FNF:17
FNH:0
FNDA:0,fetchHarvests
FNDA:0,(anonymous_1)
FNDA:0,fetchHarvest
FNDA:0,createHarvest
FNDA:0,updateHarvest
FNDA:0,deleteHarvest
FNDA:0,getHarvestsByPlant
FNDA:0,getTotalHarvestByPlant
FNDA:0,(anonymous_8)
FNDA:0,(anonymous_9)
FNDA:0,getHarvestStatsForPlant
FNDA:0,(anonymous_11)
FNDA:0,(anonymous_12)
FNDA:0,getRecentHarvests
FNDA:0,(anonymous_14)
FNDA:0,formatHarvest
FNDA:0,formatHarvestWithPlant
DA:18,0
DA:19,0
DA:20,0
DA:22,0
DA:28,0
DA:29,0
DA:32,0
DA:34,0
DA:36,0
DA:41,0
DA:49,0
DA:50,0
DA:51,0
DA:53,0
DA:60,0
DA:61,0
DA:64,0
DA:66,0
DA:71,0
DA:79,0
DA:80,0
DA:81,0
DA:84,0
DA:85,0
DA:87,0
DA:88,0
DA:90,0
DA:91,0
DA:93,0
DA:94,0
DA:98,0
DA:112,0
DA:113,0
DA:115,0
DA:118,0
DA:119,0
DA:121,0
DA:125,0
DA:127,0
DA:135,0
DA:136,0
DA:137,0
DA:140,0
DA:141,0
DA:144,0
DA:157,0
DA:158,0
DA:160,0
DA:162,0
DA:170,0
DA:171,0
DA:172,0
DA:174,0
DA:180,0
DA:182,0
DA:190,0
DA:191,0
DA:192,0
DA:194,0
DA:201,0
DA:203,0
DA:205,0
DA:216,0
DA:217,0
DA:220,0
DA:222,0
DA:223,0
DA:226,0
DA:231,0
DA:242,0
DA:243,0
DA:245,0
DA:248,0
DA:250,0
DA:252,0
DA:254,0
DA:261,0
DA:262,0
DA:270,0
DA:271,0
DA:272,0
DA:274,0
DA:281,0
DA:283,0
DA:288,0
DA:296,0
DA:303,0
LF:87
LH:0
BRDA:20,0,0,0
BRDA:20,0,1,0
BRDA:20,1,0,0
BRDA:20,1,1,0
BRDA:28,2,0,0
BRDA:28,2,1,0
BRDA:34,3,0,0
BRDA:34,3,1,0
BRDA:36,4,0,0
BRDA:36,4,1,0
BRDA:38,5,0,0
BRDA:38,5,1,0
BRDA:51,6,0,0
BRDA:51,6,1,0
BRDA:51,7,0,0
BRDA:51,7,1,0
BRDA:60,8,0,0
BRDA:60,8,1,0
BRDA:60,9,0,0
BRDA:60,9,1,0
BRDA:64,10,0,0
BRDA:64,10,1,0
BRDA:68,11,0,0
BRDA:68,11,1,0
BRDA:81,12,0,0
BRDA:81,12,1,0
BRDA:81,13,0,0
BRDA:81,13,1,0
BRDA:84,14,0,0
BRDA:84,14,1,0
BRDA:84,15,0,0
BRDA:84,15,1,0
BRDA:87,16,0,0
BRDA:87,16,1,0
BRDA:87,17,0,0
BRDA:87,17,1,0
BRDA:90,18,0,0
BRDA:90,18,1,0
BRDA:90,19,0,0
BRDA:90,19,1,0
BRDA:93,20,0,0
BRDA:93,20,1,0
BRDA:93,21,0,0
BRDA:93,21,1,0
BRDA:106,22,0,0
BRDA:106,22,1,0
BRDA:112,23,0,0
BRDA:112,23,1,0
BRDA:113,24,0,0
BRDA:113,24,1,0
BRDA:113,25,0,0
BRDA:113,25,1,0
BRDA:137,26,0,0
BRDA:137,26,1,0
BRDA:137,27,0,0
BRDA:137,27,1,0
BRDA:140,28,0,0
BRDA:140,28,1,0
BRDA:140,29,0,0
BRDA:140,29,1,0
BRDA:150,30,0,0
BRDA:150,30,1,0
BRDA:157,31,0,0
BRDA:157,31,1,0
BRDA:158,32,0,0
BRDA:158,32,1,0
BRDA:158,33,0,0
BRDA:158,33,1,0
BRDA:172,34,0,0
BRDA:172,34,1,0
BRDA:172,35,0,0
BRDA:172,35,1,0
BRDA:180,36,0,0
BRDA:180,36,1,0
BRDA:192,37,0,0
BRDA:192,37,1,0
BRDA:192,38,0,0
BRDA:192,38,1,0
BRDA:201,39,0,0
BRDA:201,39,1,0
BRDA:203,40,0,0
BRDA:203,40,1,0
BRDA:223,41,0,0
BRDA:223,41,1,0
BRDA:245,42,0,0
BRDA:245,42,1,0
BRDA:248,43,0,0
BRDA:248,43,1,0
BRDA:250,44,0,0
BRDA:250,44,1,0
BRDA:269,45,0,0
BRDA:272,46,0,0
BRDA:272,46,1,0
BRDA:272,47,0,0
BRDA:272,47,1,0
BRDA:281,48,0,0
BRDA:281,48,1,0
BRDA:283,49,0,0
BRDA:283,49,1,0
BRDA:285,50,0,0
BRDA:285,50,1,0
BRF:101
BRH:0
end_of_record
TN:
SF:src/services/knowledgeService.ts
FN:19,fetchArticles
FN:47,fetchArticle
FN:72,searchArticles
FN:110,getArticlesByCategory
FN:133,getArticlesByTag
FN:158,addPreview
FN:168,getCategoryLabel
FN:183,getCategoryColor
FNF:8
FNH:0
FNDA:0,fetchArticles
FNDA:0,fetchArticle
FNDA:0,searchArticles
FNDA:0,getArticlesByCategory
FNDA:0,getArticlesByTag
FNDA:0,addPreview
FNDA:0,getCategoryLabel
FNDA:0,getCategoryColor
DA:20,0
DA:21,0
DA:29,0
DA:30,0
DA:33,0
DA:35,0
DA:37,0
DA:39,0
DA:40,0
DA:48,0
DA:49,0
DA:56,0
DA:58,0
DA:61,0
DA:63,0
DA:64,0
DA:73,0
DA:74,0
DA:75,0
DA:78,0
DA:81,0
DA:86,0
DA:88,0
DA:95,0
DA:97,0
DA:100,0
DA:102,0
DA:103,0
DA:113,0
DA:114,0
DA:121,0
DA:123,0
DA:125,0
DA:126,0
DA:134,0
DA:135,0
DA:136,0
DA:139,0
DA:146,0
DA:148,0
DA:150,0
DA:151,0
DA:159,0
DA:169,0
DA:177,0
DA:184,0
DA:192,0
LF:47
LH:0
BRDA:29,0,0,0
BRDA:29,0,1,0
BRDA:35,1,0,0
BRDA:35,1,1,0
BRDA:37,2,0,0
BRDA:37,2,1,0
BRDA:56,3,0,0
BRDA:56,3,1,0
BRDA:56,4,0,0
BRDA:56,4,1,0
BRDA:61,5,0,0
BRDA:61,5,1,0
BRDA:74,6,0,0
BRDA:74,6,1,0
BRDA:74,7,0,0
BRDA:74,7,1,0
BRDA:86,8,0,0
BRDA:86,8,1,0
BRDA:95,9,0,0
BRDA:95,9,1,0
BRDA:97,10,0,0
BRDA:97,10,1,0
BRDA:100,11,0,0
BRDA:100,11,1,0
BRDA:121,12,0,0
BRDA:121,12,1,0
BRDA:123,13,0,0
BRDA:123,13,1,0
BRDA:135,14,0,0
BRDA:135,14,1,0
BRDA:135,15,0,0
BRDA:135,15,1,0
BRDA:146,16,0,0
BRDA:146,16,1,0
BRDA:148,17,0,0
BRDA:148,17,1,0
BRDA:161,18,0,0
BRDA:161,18,1,0
BRDA:177,19,0,0
BRDA:177,19,1,0
BRDA:192,20,0,0
BRDA:192,20,1,0
BRF:42
BRH:0
end_of_record
TN:
SF:src/services/learningService.ts
FN:13,fetchLearningsForSeason
FN:40,fetchLearnings
FN:61,fetchLearning
FN:83,createLearning
FN:125,updateLearning
FN:186,rateLearning
FN:216,dismissLearning
FN:243,deleteLearning
FN:263,fetchLearningsForPlant
FNF:9
FNH:9
FNDA:4,fetchLearningsForSeason
FNDA:2,fetchLearnings
FNDA:2,fetchLearning
FNDA:4,createLearning
FNDA:2,updateLearning
FNDA:3,rateLearning
FNDA:3,dismissLearning
FNDA:2,deleteLearning
FNDA:2,fetchLearningsForPlant
DA:17,4
DA:18,4
DA:19,4
DA:21,3
DA:30,0
DA:31,0
DA:33,4
DA:41,2
DA:42,2
DA:43,2
DA:45,1
DA:51,1
DA:52,1
DA:54,1
DA:62,2
DA:63,2
DA:64,2
DA:66,1
DA:73,1
DA:74,1
DA:76,1
DA:84,4
DA:85,4
DA:86,4
DA:88,3
DA:89,1
DA:92,2
DA:93,1
DA:96,1
DA:113,1
DA:114,1
DA:116,1
DA:118,3
DA:129,2
DA:130,2
DA:131,2
DA:133,1
DA:137,1
DA:138,1
DA:139,0
DA:141,1
DA:144,1
DA:145,0
DA:146,0
DA:148,0
DA:151,1
DA:152,0
DA:155,1
DA:156,0
DA:159,1
DA:160,0
DA:163,1
DA:164,0
DA:167,1
DA:174,1
DA:175,1
DA:177,1
DA:179,1
DA:190,3
DA:191,3
DA:192,3
DA:194,2
DA:204,2
DA:205,2
DA:207,2
DA:209,1
DA:217,3
DA:218,3
DA:219,3
DA:221,2
DA:231,2
DA:232,2
DA:234,1
DA:236,2
DA:244,2
DA:245,2
DA:246,2
DA:248,1
DA:254,1
DA:256,1
DA:264,2
DA:265,2
DA:266,2
DA:268,1
DA:276,1
DA:277,1
DA:279,1
DA:283,1
LF:88
LH:78
BRDA:19,0,0,1
BRDA:19,0,1,3
BRDA:19,1,0,4
BRDA:19,1,1,3
BRDA:30,2,0,0
BRDA:30,2,1,0
BRDA:31,3,0,0
BRDA:31,3,1,0
BRDA:43,4,0,1
BRDA:43,4,1,1
BRDA:43,5,0,2
BRDA:43,5,1,1
BRDA:51,6,0,0
BRDA:51,6,1,1
BRDA:52,7,0,1
BRDA:52,7,1,0
BRDA:64,8,0,1
BRDA:64,8,1,1
BRDA:64,9,0,2
BRDA:64,9,1,1
BRDA:73,10,0,0
BRDA:73,10,1,1
BRDA:86,11,0,1
BRDA:86,11,1,3
BRDA:86,12,0,4
BRDA:86,12,1,3
BRDA:88,13,0,1
BRDA:88,13,1,2
BRDA:88,14,0,3
BRDA:88,14,1,2
BRDA:92,15,0,1
BRDA:92,15,1,1
BRDA:92,16,0,2
BRDA:92,16,1,1
BRDA:102,17,0,1
BRDA:102,17,1,0
BRDA:103,18,0,1
BRDA:103,18,1,0
BRDA:104,19,0,1
BRDA:104,19,1,0
BRDA:106,20,0,1
BRDA:106,20,1,0
BRDA:113,21,0,0
BRDA:113,21,1,1
BRDA:114,22,0,0
BRDA:114,22,1,1
BRDA:114,23,0,1
BRDA:114,23,1,1
BRDA:131,24,0,1
BRDA:131,24,1,1
BRDA:131,25,0,2
BRDA:131,25,1,1
BRDA:137,26,0,1
BRDA:137,26,1,0
BRDA:138,27,0,0
BRDA:138,27,1,1
BRDA:144,28,0,0
BRDA:144,28,1,1
BRDA:145,29,0,0
BRDA:145,29,1,0
BRDA:151,30,0,0
BRDA:151,30,1,1
BRDA:155,31,0,0
BRDA:155,31,1,1
BRDA:159,32,0,0
BRDA:159,32,1,1
BRDA:163,33,0,0
BRDA:163,33,1,1
BRDA:174,34,0,0
BRDA:174,34,1,1
BRDA:175,35,0,0
BRDA:175,35,1,1
BRDA:175,36,0,1
BRDA:175,36,1,1
BRDA:192,37,0,1
BRDA:192,37,1,2
BRDA:192,38,0,3
BRDA:192,38,1,2
BRDA:204,39,0,0
BRDA:204,39,1,2
BRDA:205,40,0,0
BRDA:205,40,1,2
BRDA:205,41,0,2
BRDA:205,41,1,2
BRDA:219,42,0,1
BRDA:219,42,1,2
BRDA:219,43,0,3
BRDA:219,43,1,2
BRDA:231,44,0,0
BRDA:231,44,1,2
BRDA:232,45,0,1
BRDA:232,45,1,1
BRDA:232,46,0,2
BRDA:232,46,1,2
BRDA:246,47,0,1
BRDA:246,47,1,1
BRDA:246,48,0,2
BRDA:246,48,1,1
BRDA:254,49,0,0
BRDA:254,49,1,1
BRDA:266,50,0,1
BRDA:266,50,1,1
BRDA:266,51,0,2
BRDA:266,51,1,1
BRDA:276,52,0,0
BRDA:276,52,1,1
BRDA:277,53,0,1
BRDA:277,53,1,0
BRF:108
BRH:78
end_of_record
TN:
SF:src/services/photoService.ts
FN:26,fetchPhotos
FN:41,(anonymous_1)
FN:63,fetchPhoto
FN:85,uploadPhoto
FN:153,(anonymous_4)
FN:174,(anonymous_5)
FN:178,(anonymous_6)
FN:194,deletePhoto
FN:229,fetchAllPhotos
FN:268,(anonymous_9)
FN:279,(anonymous_10)
FN:280,(anonymous_11)
FN:296,fetchPhotoLocations
FN:313,(anonymous_13)
FN:314,(anonymous_14)
FN:326,fetchPlantsWithPhotos
FN:340,(anonymous_16)
FN:340,(anonymous_17)
FN:348,(anonymous_18)
FN:354,(anonymous_19)
FN:365,countUserPhotos
FN:386,getPublicPhotoUrl
FN:397,enrichPhotoWithUrl
FNF:23
FNH:0
FNDA:0,fetchPhotos
FNDA:0,(anonymous_1)
FNDA:0,fetchPhoto
FNDA:0,uploadPhoto
FNDA:0,(anonymous_4)
FNDA:0,(anonymous_5)
FNDA:0,(anonymous_6)
FNDA:0,deletePhoto
FNDA:0,fetchAllPhotos
FNDA:0,(anonymous_9)
FNDA:0,(anonymous_10)
FNDA:0,(anonymous_11)
FNDA:0,fetchPhotoLocations
FNDA:0,(anonymous_13)
FNDA:0,(anonymous_14)
FNDA:0,fetchPlantsWithPhotos
FNDA:0,(anonymous_16)
FNDA:0,(anonymous_17)
FNDA:0,(anonymous_18)
FNDA:0,(anonymous_19)
FNDA:0,countUserPhotos
FNDA:0,getPublicPhotoUrl
FNDA:0,enrichPhotoWithUrl
DA:27,0
DA:29,0
DA:34,0
DA:36,0
DA:37,0
DA:41,0
DA:44,0
DA:50,0
DA:53,0
DA:55,0
DA:56,0
DA:64,0
DA:65,0
DA:71,0
DA:72,0
DA:74,0
DA:90,0
DA:92,0
DA:93,0
DA:99,0
DA:100,0
DA:101,0
DA:102,0
DA:106,0
DA:108,0
DA:109,0
DA:113,0
DA:114,0
DA:116,0
DA:119,0
DA:126,0
DA:127,0
DA:129,0
DA:132,0
DA:133,0
DA:136,0
DA:139,0
DA:148,0
DA:150,0
DA:155,0
DA:158,0
DA:159,0
DA:162,0
DA:165,0
DA:172,0
DA:174,0
DA:175,0
DA:180,0
DA:183,0
DA:185,0
DA:186,0
DA:195,0
DA:197,0
DA:202,0
DA:205,0
DA:210,0
DA:213,0
DA:214,0
DA:218,0
DA:221,0
DA:233,0
DA:234,0
DA:235,0
DA:238,0
DA:245,0
DA:246,0
DA:250,0
DA:251,0
DA:257,0
DA:258,0
DA:261,0
DA:263,0
DA:266,0
DA:268,0
DA:269,0
DA:271,0
DA:277,0
DA:279,0
DA:280,0
DA:283,0
DA:287,0
DA:289,0
DA:297,0
DA:298,0
DA:299,0
DA:301,0
DA:308,0
DA:311,0
DA:313,0
DA:314,0
DA:317,0
DA:319,0
DA:327,0
DA:328,0
DA:329,0
DA:331,0
DA:340,0
DA:344,0
DA:347,0
DA:348,0
DA:349,0
DA:350,0
DA:354,0
DA:355,0
DA:358,0
DA:366,0
DA:367,0
DA:368,0
DA:370,0
DA:375,0
DA:377,0
DA:379,0
DA:387,0
DA:391,0
DA:399,0
DA:401,0
LF:116
LH:0
BRDA:34,0,0,0
BRDA:34,0,1,0
BRDA:36,1,0,0
BRDA:36,1,1,0
BRDA:36,2,0,0
BRDA:36,2,1,0
BRDA:50,3,0,0
BRDA:50,3,1,0
BRDA:53,4,0,0
BRDA:53,4,1,0
BRDA:71,5,0,0
BRDA:71,5,1,0
BRDA:72,6,0,0
BRDA:72,6,1,0
BRDA:93,7,0,0
BRDA:93,7,1,0
BRDA:93,8,0,0
BRDA:93,8,1,0
BRDA:101,9,0,0
BRDA:101,9,1,0
BRDA:108,10,0,0
BRDA:108,10,1,0
BRDA:108,11,0,0
BRDA:108,11,1,0
BRDA:132,12,0,0
BRDA:132,12,1,0
BRDA:136,13,0,0
BRDA:136,13,1,0
BRDA:148,14,0,0
BRDA:148,14,1,0
BRDA:158,15,0,0
BRDA:158,15,1,0
BRDA:158,16,0,0
BRDA:158,16,1,0
BRDA:172,17,0,0
BRDA:172,17,1,0
BRDA:202,18,0,0
BRDA:202,18,1,0
BRDA:210,19,0,0
BRDA:210,19,1,0
BRDA:213,20,0,0
BRDA:213,20,1,0
BRDA:218,21,0,0
BRDA:218,21,1,0
BRDA:235,22,0,0
BRDA:235,22,1,0
BRDA:235,23,0,0
BRDA:235,23,1,0
BRDA:245,24,0,0
BRDA:245,24,1,0
BRDA:245,25,0,0
BRDA:245,25,1,0
BRDA:250,26,0,0
BRDA:250,26,1,0
BRDA:257,27,0,0
BRDA:257,27,1,0
BRDA:263,28,0,0
BRDA:263,28,1,0
BRDA:266,29,0,0
BRDA:266,29,1,0
BRDA:266,30,0,0
BRDA:266,30,1,0
BRDA:268,31,0,0
BRDA:268,31,1,0
BRDA:269,32,0,0
BRDA:269,32,1,0
BRDA:277,33,0,0
BRDA:277,33,1,0
BRDA:279,34,0,0
BRDA:279,34,1,0
BRDA:280,35,0,0
BRDA:280,35,1,0
BRDA:287,36,0,0
BRDA:287,36,1,0
BRDA:299,37,0,0
BRDA:299,37,1,0
BRDA:299,38,0,0
BRDA:299,38,1,0
BRDA:308,39,0,0
BRDA:308,39,1,0
BRDA:312,40,0,0
BRDA:312,40,1,0
BRDA:314,41,0,0
BRDA:314,41,1,0
BRDA:329,42,0,0
BRDA:329,42,1,0
BRDA:329,43,0,0
BRDA:329,43,1,0
BRDA:340,44,0,0
BRDA:340,44,1,0
BRDA:344,45,0,0
BRDA:344,45,1,0
BRDA:348,46,0,0
BRDA:348,46,1,0
BRDA:349,47,0,0
BRDA:349,47,1,0
BRDA:355,48,0,0
BRDA:355,48,1,0
BRDA:355,49,0,0
BRDA:355,49,1,0
BRDA:368,50,0,0
BRDA:368,50,1,0
BRDA:368,51,0,0
BRDA:368,51,1,0
BRDA:375,52,0,0
BRDA:375,52,1,0
BRDA:377,53,0,0
BRDA:377,53,1,0
BRDA:399,54,0,0
BRDA:399,54,1,0
BRDA:399,55,0,0
BRDA:399,55,1,0
BRF:112
BRH:0
end_of_record
TN:
SF:src/services/plantService.ts
FN:22,fetchPlants
FN:73,fetchPlant
FN:91,createPlant
FN:120,updatePlant
FN:139,deletePlant
FN:154,searchPlants
FN:172,filterPlantsByStatus
FN:190,getUniqueLocations
FN:202,(anonymous_8)
FN:203,(anonymous_9)
FN:228,getNextStatus
FN:230,(anonymous_11)
FN:240,canProgressStatus
FN:247,updatePlantStatus
FN:274,progressPlantStatus
FNF:15
FNH:0
FNDA:0,fetchPlants
FNDA:0,fetchPlant
FNDA:0,createPlant
FNDA:0,updatePlant
FNDA:0,deletePlant
FNDA:0,searchPlants
FNDA:0,filterPlantsByStatus
FNDA:0,getUniqueLocations
FNDA:0,(anonymous_8)
FNDA:0,(anonymous_9)
FNDA:0,getNextStatus
FNDA:0,(anonymous_11)
FNDA:0,canProgressStatus
FNDA:0,updatePlantStatus
FNDA:0,progressPlantStatus
DA:23,0
DA:28,0
DA:29,0
DA:33,0
DA:34,0
DA:35,0
DA:37,0
DA:41,0
DA:42,0
DA:43,0
DA:45,0
DA:49,0
DA:50,0
DA:54,0
DA:55,0
DA:58,0
DA:60,0
DA:62,0
DA:63,0
DA:64,0
DA:67,0
DA:74,0
DA:80,0
DA:81,0
DA:82,0
DA:85,0
DA:92,0
DA:94,0
DA:95,0
DA:98,0
DA:109,0
DA:110,0
DA:111,0
DA:114,0
DA:121,0
DA:128,0
DA:129,0
DA:130,0
DA:133,0
DA:140,0
DA:145,0
DA:146,0
DA:147,0
DA:155,0
DA:161,0
DA:162,0
DA:163,0
DA:166,0
DA:173,0
DA:179,0
DA:180,0
DA:181,0
DA:184,0
DA:191,0
DA:196,0
DA:197,0
DA:198,0
DA:201,0
DA:202,0
DA:203,0
DA:206,0
DA:213,0
DA:229,0
DA:230,0
DA:231,0
DA:232,0
DA:234,0
DA:241,0
DA:248,0
DA:249,0
DA:250,0
DA:252,0
DA:260,0
DA:261,0
DA:264,0
DA:266,0
DA:267,0
DA:275,0
DA:276,0
DA:277,0
DA:280,0
DA:281,0
DA:284,0
DA:285,0
DA:288,0
DA:290,0
DA:291,0
LF:87
LH:0
BRDA:28,0,0,0
BRDA:28,0,1,0
BRDA:33,1,0,0
BRDA:33,1,1,0
BRDA:33,2,0,0
BRDA:33,2,1,0
BRDA:35,3,0,0
BRDA:35,3,1,0
BRDA:41,4,0,0
BRDA:41,4,1,0
BRDA:41,5,0,0
BRDA:41,5,1,0
BRDA:43,6,0,0
BRDA:43,6,1,0
BRDA:49,7,0,0
BRDA:49,7,1,0
BRDA:54,8,0,0
BRDA:54,8,1,0
BRDA:62,9,0,0
BRDA:62,9,1,0
BRDA:67,10,0,0
BRDA:67,10,1,0
BRDA:80,11,0,0
BRDA:80,11,1,0
BRDA:94,12,0,0
BRDA:94,12,1,0
BRDA:109,13,0,0
BRDA:109,13,1,0
BRDA:128,14,0,0
BRDA:128,14,1,0
BRDA:145,15,0,0
BRDA:145,15,1,0
BRDA:161,16,0,0
BRDA:161,16,1,0
BRDA:166,17,0,0
BRDA:166,17,1,0
BRDA:179,18,0,0
BRDA:179,18,1,0
BRDA:184,19,0,0
BRDA:184,19,1,0
BRDA:196,20,0,0
BRDA:196,20,1,0
BRDA:203,21,0,0
BRDA:203,21,1,0
BRDA:229,22,0,0
BRDA:229,22,1,0
BRDA:231,23,0,0
BRDA:231,23,1,0
BRDA:231,24,0,0
BRDA:231,24,1,0
BRDA:250,25,0,0
BRDA:250,25,1,0
BRDA:250,26,0,0
BRDA:250,26,1,0
BRDA:260,27,0,0
BRDA:260,27,1,0
BRDA:277,28,0,0
BRDA:277,28,1,0
BRDA:277,29,0,0
BRDA:277,29,1,0
BRDA:281,30,0,0
BRDA:281,30,1,0
BRDA:285,31,0,0
BRDA:285,31,1,0
BRF:64
BRH:0
end_of_record
TN:
SF:src/services/plantingCalendarService.ts
FN:44,getCurrentMonth
FN:48,getWeekOfYear
FN:56,isInMonthRange
FN:71,isNowOrSoon
FN:104,getPlantableNow
FN:108,(anonymous_5)
FN:143,getPlantableSoon
FN:147,(anonymous_7)
FN:159,(anonymous_8)
FN:179,(anonymous_9)
FN:184,getPlantsByCategory
FN:188,(anonymous_11)
FN:189,(anonymous_12)
FN:198,getPlantById
FN:199,(anonymous_14)
FN:202,getPlantByName
FN:204,(anonymous_16)
FN:211,getMonthName
FN:215,getMonthShortName
FN:219,getPlantingCalendarForPlant
FN:242,getSeasonStatus
FN:278,searchPlants
FN:282,(anonymous_22)
FN:289,getDifficultyColor
FN:298,getDifficultyLabel
FN:307,getActionLabel
FN:318,getSunlightLabel
FN:340,getPlantStatusFromDate
FN:354,getNextActionForPlant
FN:404,getUserPlantsStatus
FN:409,(anonymous_30)
FN:439,getStatusLabel
FN:454,getMyPlantsNeedingAttention
FN:458,getRecommendedActionsForUserPlants
FN:472,(anonymous_34)
FN:490,(anonymous_35)
FNF:36
FNH:0
FNDA:0,getCurrentMonth
FNDA:0,getWeekOfYear
FNDA:0,isInMonthRange
FNDA:0,isNowOrSoon
FNDA:0,getPlantableNow
FNDA:0,(anonymous_5)
FNDA:0,getPlantableSoon
FNDA:0,(anonymous_7)
FNDA:0,(anonymous_8)
FNDA:0,(anonymous_9)
FNDA:0,getPlantsByCategory
FNDA:0,(anonymous_11)
FNDA:0,(anonymous_12)
FNDA:0,getPlantById
FNDA:0,(anonymous_14)
FNDA:0,getPlantByName
FNDA:0,(anonymous_16)
FNDA:0,getMonthName
FNDA:0,getMonthShortName
FNDA:0,getPlantingCalendarForPlant
FNDA:0,getSeasonStatus
FNDA:0,searchPlants
FNDA:0,(anonymous_22)
FNDA:0,getDifficultyColor
FNDA:0,getDifficultyLabel
FNDA:0,getActionLabel
FNDA:0,getSunlightLabel
FNDA:0,getPlantStatusFromDate
FNDA:0,getNextActionForPlant
FNDA:0,getUserPlantsStatus
FNDA:0,(anonymous_30)
FNDA:0,getStatusLabel
FNDA:0,getMyPlantsNeedingAttention
FNDA:0,getRecommendedActionsForUserPlants
FNDA:0,(anonymous_34)
FNDA:0,(anonymous_35)
DA:34,0
DA:39,0
DA:45,0
DA:49,0
DA:50,0
DA:51,0
DA:52,0
DA:53,0
DA:61,0
DA:64,0
DA:65,0
DA:68,0
DA:77,0
DA:78,0
DA:81,0
DA:82,0
DA:85,0
DA:87,0
DA:89,0
DA:90,0
DA:92,0
DA:95,0
DA:98,0
DA:101,0
DA:105,0
DA:106,0
DA:108,0
DA:110,0
DA:111,0
DA:120,0
DA:121,0
DA:130,0
DA:131,0
DA:140,0
DA:144,0
DA:145,0
DA:147,0
DA:153,0
DA:159,0
DA:160,0
DA:163,0
DA:165,0
DA:167,0
DA:168,0
DA:179,0
DA:181,0
DA:185,0
DA:186,0
DA:188,0
DA:189,0
DA:190,0
DA:191,0
DA:195,0
DA:199,0
DA:203,0
DA:204,0
DA:205,0
DA:212,0
DA:216,0
DA:225,0
DA:226,0
DA:228,0
DA:250,0
DA:251,0
DA:252,0
DA:255,0
DA:256,0
DA:257,0
DA:258,0
DA:260,0
DA:261,0
DA:262,0
DA:263,0
DA:264,0
DA:265,0
DA:268,0
DA:279,0
DA:280,0
DA:282,0
DA:283,0
DA:290,0
DA:291,0
DA:292,0
DA:293,0
DA:294,0
DA:299,0
DA:300,0
DA:301,0
DA:302,0
DA:303,0
DA:308,0
DA:309,0
DA:310,0
DA:311,0
DA:312,0
DA:313,0
DA:314,0
DA:319,0
DA:320,0
DA:321,0
DA:322,0
DA:323,0
DA:341,0
DA:343,0
DA:344,0
DA:345,0
DA:347,0
DA:348,0
DA:349,0
DA:350,0
DA:351,0
DA:359,0
DA:361,0
DA:362,0
DA:365,0
DA:366,0
DA:367,0
DA:372,0
DA:373,0
DA:378,0
DA:381,0
DA:382,0
DA:384,0
DA:385,0
DA:388,0
DA:389,0
DA:390,0
DA:392,0
DA:395,0
DA:396,0
DA:397,0
DA:401,0
DA:407,0
DA:409,0
DA:410,0
DA:411,0
DA:415,0
DA:416,0
DA:418,0
DA:419,0
DA:420,0
DA:421,0
DA:424,0
DA:440,0
DA:451,0
DA:455,0
DA:465,0
DA:470,0
DA:472,0
DA:473,0
DA:475,0
DA:476,0
DA:481,0
DA:482,0
DA:490,0
DA:491,0
DA:492,0
LF:157
LH:0
BRDA:61,0,0,0
BRDA:61,0,1,0
BRDA:61,1,0,0
BRDA:61,1,1,0
BRDA:64,2,0,0
BRDA:64,2,1,0
BRDA:65,3,0,0
BRDA:65,3,1,0
BRDA:68,4,0,0
BRDA:68,4,1,0
BRDA:75,5,0,0
BRDA:77,6,0,0
BRDA:77,6,1,0
BRDA:77,7,0,0
BRDA:77,7,1,0
BRDA:87,8,0,0
BRDA:87,8,1,0
BRDA:90,9,0,0
BRDA:90,9,1,0
BRDA:98,10,0,0
BRDA:98,10,1,0
BRDA:98,10,2,0
BRDA:110,11,0,0
BRDA:110,11,1,0
BRDA:120,12,0,0
BRDA:120,12,1,0
BRDA:130,13,0,0
BRDA:130,13,1,0
BRDA:143,14,0,0
BRDA:160,15,0,0
BRDA:160,15,1,0
BRDA:160,16,0,0
BRDA:160,16,1,0
BRDA:163,17,0,0
BRDA:163,17,1,0
BRDA:167,18,0,0
BRDA:167,18,1,0
BRDA:171,19,0,0
BRDA:171,19,1,0
BRDA:171,20,0,0
BRDA:171,20,1,0
BRDA:190,21,0,0
BRDA:190,21,1,0
BRDA:205,22,0,0
BRDA:205,22,1,0
BRDA:205,22,2,0
BRDA:205,22,3,0
BRDA:212,23,0,0
BRDA:212,23,1,0
BRDA:216,24,0,0
BRDA:216,24,1,0
BRDA:226,25,0,0
BRDA:226,25,1,0
BRDA:229,26,0,0
BRDA:229,26,1,0
BRDA:232,27,0,0
BRDA:232,27,1,0
BRDA:235,28,0,0
BRDA:235,28,1,0
BRDA:255,29,0,0
BRDA:255,29,1,0
BRDA:255,30,0,0
BRDA:255,30,1,0
BRDA:256,31,0,0
BRDA:256,31,1,0
BRDA:256,32,0,0
BRDA:256,32,1,0
BRDA:257,33,0,0
BRDA:257,33,1,0
BRDA:257,34,0,0
BRDA:257,34,1,0
BRDA:261,35,0,0
BRDA:261,35,1,0
BRDA:261,35,2,0
BRDA:261,35,3,0
BRDA:280,36,0,0
BRDA:280,36,1,0
BRDA:283,37,0,0
BRDA:283,37,1,0
BRDA:283,37,2,0
BRDA:283,37,3,0
BRDA:290,38,0,0
BRDA:290,38,1,0
BRDA:290,38,2,0
BRDA:290,38,3,0
BRDA:299,39,0,0
BRDA:299,39,1,0
BRDA:299,39,2,0
BRDA:299,39,3,0
BRDA:308,40,0,0
BRDA:308,40,1,0
BRDA:308,40,2,0
BRDA:308,40,3,0
BRDA:308,40,4,0
BRDA:308,40,5,0
BRDA:319,41,0,0
BRDA:319,41,1,0
BRDA:319,41,2,0
BRDA:319,41,3,0
BRDA:341,42,0,0
BRDA:341,42,1,0
BRDA:347,43,0,0
BRDA:347,43,1,0
BRDA:348,44,0,0
BRDA:348,44,1,0
BRDA:349,45,0,0
BRDA:349,45,1,0
BRDA:350,46,0,0
BRDA:350,46,1,0
BRDA:361,47,0,0
BRDA:361,47,1,0
BRDA:361,48,0,0
BRDA:361,48,1,0
BRDA:365,49,0,0
BRDA:365,49,1,0
BRDA:366,50,0,0
BRDA:366,50,1,0
BRDA:372,51,0,0
BRDA:372,51,1,0
BRDA:384,52,0,0
BRDA:384,52,1,0
BRDA:388,53,0,0
BRDA:388,53,1,0
BRDA:389,54,0,0
BRDA:389,54,1,0
BRDA:390,55,0,0
BRDA:390,55,1,0
BRDA:392,56,0,0
BRDA:392,56,1,0
BRDA:395,57,0,0
BRDA:395,57,1,0
BRDA:396,58,0,0
BRDA:396,58,1,0
BRDA:411,59,0,0
BRDA:411,59,1,0
BRDA:418,60,0,0
BRDA:418,60,1,0
BRDA:418,61,0,0
BRDA:418,61,1,0
BRDA:420,62,0,0
BRDA:420,62,1,0
BRDA:421,63,0,0
BRDA:421,63,1,0
BRDA:451,64,0,0
BRDA:451,64,1,0
BRDA:473,65,0,0
BRDA:473,65,1,0
BRDA:475,66,0,0
BRDA:475,66,1,0
BRDA:481,67,0,0
BRDA:481,67,1,0
BRDA:481,68,0,0
BRDA:481,68,1,0
BRDA:484,69,0,0
BRDA:484,69,1,0
BRF:155
BRH:0
end_of_record
TN:
SF:src/services/seedDataService.ts
FN:26,hasSeedDataBeenImported
FN:39,markSeedDataAsImported
FN:56,importSeedData
FN:140,importSeedDataBulk
FN:149,(anonymous_4)
FN:191,resetImportStatus
FNF:6
FNH:0
FNDA:0,hasSeedDataBeenImported
FNDA:0,markSeedDataAsImported
FNDA:0,importSeedData
FNDA:0,importSeedDataBulk
FNDA:0,(anonymous_4)
FNDA:0,resetImportStatus
DA:15,0
DA:27,0
DA:28,0
DA:29,0
DA:31,0
DA:32,0
DA:40,0
DA:41,0
DA:43,0
DA:44,0
DA:59,0
DA:60,0
DA:62,0
DA:63,0
DA:66,0
DA:67,0
DA:68,0
DA:71,0
DA:72,0
DA:74,0
DA:75,0
DA:83,0
DA:97,0
DA:98,0
DA:101,0
DA:106,0
DA:108,0
DA:109,0
DA:116,0
DA:120,0
DA:122,0
DA:127,0
DA:128,0
DA:141,0
DA:142,0
DA:144,0
DA:145,0
DA:148,0
DA:149,0
DA:156,0
DA:164,0
DA:165,0
DA:169,0
DA:171,0
DA:172,0
DA:174,0
DA:179,0
DA:180,0
DA:192,0
DA:193,0
DA:194,0
DA:196,0
DA:197,0
LF:53
LH:0
BRDA:62,0,0,0
BRDA:62,0,1,0
BRDA:74,1,0,0
BRDA:74,1,1,0
BRDA:89,2,0,0
BRDA:89,2,1,0
BRDA:89,2,2,0
BRDA:97,3,0,0
BRDA:97,3,1,0
BRDA:108,4,0,0
BRDA:108,4,1,0
BRDA:116,5,0,0
BRDA:116,5,1,0
BRDA:131,6,0,0
BRDA:131,6,1,0
BRDA:144,7,0,0
BRDA:144,7,1,0
BRDA:152,8,0,0
BRDA:152,8,1,0
BRDA:152,8,2,0
BRDA:164,9,0,0
BRDA:164,9,1,0
BRDA:171,10,0,0
BRDA:171,10,1,0
BRDA:183,11,0,0
BRDA:183,11,1,0
BRF:26
BRH:0
end_of_record
TN:
SF:src/services/shoppingService.ts
FN:18,fetchShoppingItems
FN:55,fetchShoppingItem
FN:73,createShoppingItem
FN:102,updateShoppingItem
FN:121,deleteShoppingItem
FN:136,markAsPurchased
FN:164,markAsNotPurchased
FNF:7
FNH:0
FNDA:0,fetchShoppingItems
FNDA:0,fetchShoppingItem
FNDA:0,createShoppingItem
FNDA:0,updateShoppingItem
FNDA:0,deleteShoppingItem
FNDA:0,markAsPurchased
FNDA:0,markAsNotPurchased
DA:19,0
DA:24,0
DA:25,0
DA:28,0
DA:29,0
DA:32,0
DA:33,0
DA:36,0
DA:37,0
DA:40,0
DA:42,0
DA:44,0
DA:45,0
DA:46,0
DA:49,0
DA:56,0
DA:62,0
DA:63,0
DA:64,0
DA:67,0
DA:74,0
DA:76,0
DA:77,0
DA:80,0
DA:91,0
DA:92,0
DA:93,0
DA:96,0
DA:103,0
DA:110,0
DA:111,0
DA:112,0
DA:115,0
DA:122,0
DA:127,0
DA:128,0
DA:129,0
DA:137,0
DA:142,0
DA:143,0
DA:146,0
DA:153,0
DA:154,0
DA:155,0
DA:158,0
DA:165,0
DA:176,0
DA:177,0
DA:178,0
DA:181,0
LF:50
LH:0
BRDA:24,0,0,0
BRDA:24,0,1,0
BRDA:28,1,0,0
BRDA:28,1,1,0
BRDA:32,2,0,0
BRDA:32,2,1,0
BRDA:36,3,0,0
BRDA:36,3,1,0
BRDA:44,4,0,0
BRDA:44,4,1,0
BRDA:49,5,0,0
BRDA:49,5,1,0
BRDA:62,6,0,0
BRDA:62,6,1,0
BRDA:76,7,0,0
BRDA:76,7,1,0
BRDA:91,8,0,0
BRDA:91,8,1,0
BRDA:110,9,0,0
BRDA:110,9,1,0
BRDA:127,10,0,0
BRDA:127,10,1,0
BRDA:142,11,0,0
BRDA:142,11,1,0
BRDA:153,12,0,0
BRDA:153,12,1,0
BRDA:176,13,0,0
BRDA:176,13,1,0
BRF:28
BRH:0
end_of_record
TN:
SF:src/services/supabase.ts
FNF:0
FNH:0
DA:5,0
DA:6,0
DA:8,0
DA:9,0
DA:12,0
LF:5
LH:0
BRDA:5,0,0,0
BRDA:5,0,1,0
BRDA:6,1,0,0
BRDA:6,1,1,0
BRDA:8,2,0,0
BRDA:8,2,1,0
BRDA:8,3,0,0
BRDA:8,3,1,0
BRF:8
BRH:0
end_of_record
TN:
SF:src/services/taskService.ts
FN:15,fetchTasks
FN:39,(anonymous_1)
FN:42,(anonymous_2)
FN:47,(anonymous_3)
FN:65,fetchTask
FN:91,(anonymous_5)
FN:95,(anonymous_6)
FN:111,createTask
FN:159,updateTask
FN:211,deleteTask
FN:240,linkPlantsToTask
FN:244,(anonymous_11)
FN:262,unlinkPlantsFromTask
FN:278,fetchPlantsForSelection
FN:300,getTaskPlants
FN:310,(anonymous_15)
FN:311,(anonymous_16)
FN:320,enrichTaskWithPlantNames
FN:323,(anonymous_18)
FN:343,toggleTaskCompletion
FN:386,markTaskComplete
FN:413,markTaskIncomplete
FN:440,getCategoryColor
FN:454,getPriorityColor
FN:470,getPriorityLabel
FN:482,getPriorityValue
FN:494,getSortLabel
FN:507,sortTasks
FN:516,(anonymous_28)
FN:528,(anonymous_29)
FN:535,(anonymous_30)
FN:540,(anonymous_31)
FN:545,(anonymous_32)
FN:562,formatTimeSpent
FNF:34
FNH:0
FNDA:0,fetchTasks
FNDA:0,(anonymous_1)
FNDA:0,(anonymous_2)
FNDA:0,(anonymous_3)
FNDA:0,fetchTask
FNDA:0,(anonymous_5)
FNDA:0,(anonymous_6)
FNDA:0,createTask
FNDA:0,updateTask
FNDA:0,deleteTask
FNDA:0,linkPlantsToTask
FNDA:0,(anonymous_11)
FNDA:0,unlinkPlantsFromTask
FNDA:0,fetchPlantsForSelection
FNDA:0,getTaskPlants
FNDA:0,(anonymous_15)
FNDA:0,(anonymous_16)
FNDA:0,enrichTaskWithPlantNames
FNDA:0,(anonymous_18)
FNDA:0,toggleTaskCompletion
FNDA:0,markTaskComplete
FNDA:0,markTaskIncomplete
FNDA:0,getCategoryColor
FNDA:0,getPriorityColor
FNDA:0,getPriorityLabel
FNDA:0,getPriorityValue
FNDA:0,getSortLabel
FNDA:0,sortTasks
FNDA:0,(anonymous_28)
FNDA:0,(anonymous_29)
FNDA:0,(anonymous_30)
FNDA:0,(anonymous_31)
FNDA:0,(anonymous_32)
FNDA:0,formatTimeSpent
DA:16,0
DA:17,0
DA:18,0
DA:21,0
DA:36,0
DA:39,0
DA:40,0
DA:41,0
DA:42,0
DA:46,0
DA:47,0
DA:50,0
DA:57,0
DA:66,0
DA:67,0
DA:68,0
DA:70,0
DA:85,0
DA:86,0
DA:88,0
DA:89,0
DA:90,0
DA:91,0
DA:94,0
DA:95,0
DA:98,0
DA:104,0
DA:112,0
DA:113,0
DA:114,0
DA:117,0
DA:118,0
DA:120,0
DA:121,0
DA:125,0
DA:140,0
DA:141,0
DA:143,0
DA:146,0
DA:147,0
DA:150,0
DA:152,0
DA:160,0
DA:161,0
DA:162,0
DA:165,0
DA:166,0
DA:170,0
DA:185,0
DA:186,0
DA:188,0
DA:192,0
DA:198,0
DA:199,0
DA:202,0
DA:204,0
DA:212,0
DA:213,0
DA:214,0
DA:217,0
DA:222,0
DA:225,0
DA:231,0
DA:233,0
DA:241,0
DA:242,0
DA:244,0
DA:249,0
DA:253,0
DA:255,0
DA:263,0
DA:264,0
DA:269,0
DA:271,0
DA:279,0
DA:280,0
DA:281,0
DA:283,0
DA:289,0
DA:291,0
DA:293,0
DA:301,0
DA:302,0
DA:307,0
DA:309,0
DA:310,0
DA:311,0
DA:313,0
DA:321,0
DA:322,0
DA:323,0
DA:325,0
DA:332,0
DA:344,0
DA:345,0
DA:346,0
DA:349,0
DA:356,0
DA:357,0
DA:360,0
DA:364,0
DA:374,0
DA:375,0
DA:377,0
DA:379,0
DA:387,0
DA:388,0
DA:389,0
DA:391,0
DA:401,0
DA:402,0
DA:404,0
DA:406,0
DA:414,0
DA:415,0
DA:416,0
DA:418,0
DA:428,0
DA:429,0
DA:431,0
DA:433,0
DA:441,0
DA:448,0
DA:455,0
DA:457,0
DA:459,0
DA:461,0
DA:463,0
DA:471,0
DA:476,0
DA:483,0
DA:488,0
DA:495,0
DA:501,0
DA:511,0
DA:513,0
DA:516,0
DA:517,0
DA:518,0
DA:519,0
DA:520,0
DA:522,0
DA:524,0
DA:528,0
DA:529,0
DA:531,0
DA:535,0
DA:536,0
DA:540,0
DA:541,0
DA:545,0
DA:546,0
DA:547,0
DA:548,0
DA:549,0
DA:551,0
DA:555,0
DA:563,0
DA:565,0
DA:566,0
DA:568,0
DA:569,0
DA:570,0
DA:571,0
DA:573,0
LF:165
LH:0
BRDA:18,0,0,0
BRDA:18,0,1,0
BRDA:18,1,0,0
BRDA:18,1,1,0
BRDA:36,2,0,0
BRDA:36,2,1,0
BRDA:39,3,0,0
BRDA:39,3,1,0
BRDA:40,4,0,0
BRDA:40,4,1,0
BRDA:68,5,0,0
BRDA:68,5,1,0
BRDA:68,6,0,0
BRDA:68,6,1,0
BRDA:85,7,0,0
BRDA:85,7,1,0
BRDA:86,8,0,0
BRDA:86,8,1,0
BRDA:89,9,0,0
BRDA:89,9,1,0
BRDA:114,10,0,0
BRDA:114,10,1,0
BRDA:114,11,0,0
BRDA:114,11,1,0
BRDA:117,12,0,0
BRDA:117,12,1,0
BRDA:117,13,0,0
BRDA:117,13,1,0
BRDA:120,14,0,0
BRDA:120,14,1,0
BRDA:130,15,0,0
BRDA:130,15,1,0
BRDA:133,16,0,0
BRDA:133,16,1,0
BRDA:134,17,0,0
BRDA:134,17,1,0
BRDA:140,18,0,0
BRDA:140,18,1,0
BRDA:141,19,0,0
BRDA:141,19,1,0
BRDA:141,20,0,0
BRDA:141,20,1,0
BRDA:146,21,0,0
BRDA:146,21,1,0
BRDA:146,22,0,0
BRDA:146,22,1,0
BRDA:162,23,0,0
BRDA:162,23,1,0
BRDA:162,24,0,0
BRDA:162,24,1,0
BRDA:165,25,0,0
BRDA:165,25,1,0
BRDA:165,26,0,0
BRDA:165,26,1,0
BRDA:174,27,0,0
BRDA:174,27,1,0
BRDA:177,28,0,0
BRDA:177,28,1,0
BRDA:178,29,0,0
BRDA:178,29,1,0
BRDA:185,30,0,0
BRDA:185,30,1,0
BRDA:186,31,0,0
BRDA:186,31,1,0
BRDA:186,32,0,0
BRDA:186,32,1,0
BRDA:198,33,0,0
BRDA:198,33,1,0
BRDA:198,34,0,0
BRDA:198,34,1,0
BRDA:214,35,0,0
BRDA:214,35,1,0
BRDA:214,36,0,0
BRDA:214,36,1,0
BRDA:222,37,0,0
BRDA:222,37,1,0
BRDA:231,38,0,0
BRDA:231,38,1,0
BRDA:242,39,0,0
BRDA:242,39,1,0
BRDA:253,40,0,0
BRDA:253,40,1,0
BRDA:269,41,0,0
BRDA:269,41,1,0
BRDA:281,42,0,0
BRDA:281,42,1,0
BRDA:281,43,0,0
BRDA:281,43,1,0
BRDA:289,44,0,0
BRDA:289,44,1,0
BRDA:291,45,0,0
BRDA:291,45,1,0
BRDA:307,46,0,0
BRDA:307,46,1,0
BRDA:309,47,0,0
BRDA:309,47,1,0
BRDA:346,48,0,0
BRDA:346,48,1,0
BRDA:346,49,0,0
BRDA:346,49,1,0
BRDA:356,50,0,0
BRDA:356,50,1,0
BRDA:357,51,0,0
BRDA:357,51,1,0
BRDA:360,52,0,0
BRDA:360,52,1,0
BRDA:374,53,0,0
BRDA:374,53,1,0
BRDA:375,54,0,0
BRDA:375,54,1,0
BRDA:375,55,0,0
BRDA:375,55,1,0
BRDA:389,56,0,0
BRDA:389,56,1,0
BRDA:389,57,0,0
BRDA:389,57,1,0
BRDA:401,58,0,0
BRDA:401,58,1,0
BRDA:402,59,0,0
BRDA:402,59,1,0
BRDA:402,60,0,0
BRDA:402,60,1,0
BRDA:416,61,0,0
BRDA:416,61,1,0
BRDA:416,62,0,0
BRDA:416,62,1,0
BRDA:428,63,0,0
BRDA:428,63,1,0
BRDA:429,64,0,0
BRDA:429,64,1,0
BRDA:429,65,0,0
BRDA:429,65,1,0
BRDA:448,66,0,0
BRDA:448,66,1,0
BRDA:455,67,0,0
BRDA:455,67,1,0
BRDA:455,67,2,0
BRDA:455,67,3,0
BRDA:476,68,0,0
BRDA:476,68,1,0
BRDA:488,69,0,0
BRDA:488,69,1,0
BRDA:501,70,0,0
BRDA:501,70,1,0
BRDA:509,71,0,0
BRDA:513,72,0,0
BRDA:513,72,1,0
BRDA:513,72,2,0
BRDA:513,72,3,0
BRDA:513,72,4,0
BRDA:519,73,0,0
BRDA:519,73,1,0
BRDA:548,74,0,0
BRDA:548,74,1,0
BRDA:563,75,0,0
BRDA:563,75,1,0
BRDA:563,76,0,0
BRDA:563,76,1,0
BRDA:568,77,0,0
BRDA:568,77,1,0
BRDA:570,78,0,0
BRDA:570,78,1,0
BRF:162
BRH:0
end_of_record
TN:
SF:src/services/taskSuggestionService.ts
FN:28,getCategoryForTask
FN:32,getPriorityForTask
FN:39,findMatchingFamilyRule
FN:54,generateSuggestionsFromFamily
FN:78,(anonymous_4)
FN:79,(anonymous_5)
FN:80,(anonymous_6)
FN:101,generateDefaultSuggestions
FN:122,getSuggestionsForPlant
FN:140,getSuggestionForPest
FN:155,acceptSuggestion
FN:170,getAllSuggestions
FN:185,(anonymous_12)
FN:185,(anonymous_13)
FNF:14
FNH:0
FNDA:0,getCategoryForTask
FNDA:0,getPriorityForTask
FNDA:0,findMatchingFamilyRule
FNDA:0,generateSuggestionsFromFamily
FNDA:0,(anonymous_4)
FNDA:0,(anonymous_5)
FNDA:0,(anonymous_6)
FNDA:0,generateDefaultSuggestions
FNDA:0,getSuggestionsForPlant
FNDA:0,getSuggestionForPest
FNDA:0,acceptSuggestion
FNDA:0,getAllSuggestions
FNDA:0,(anonymous_12)
FNDA:0,(anonymous_13)
DA:29,0
DA:33,0
DA:34,0
DA:35,0
DA:36,0
DA:40,0
DA:42,0
DA:44,0
DA:45,0
DA:47,0
DA:51,0
DA:59,0
DA:61,0
DA:62,0
DA:64,0
DA:66,0
DA:76,0
DA:78,0
DA:79,0
DA:80,0
DA:81,0
DA:82,0
DA:83,0
DA:84,0
DA:87,0
DA:89,0
DA:90,0
DA:98,0
DA:105,0
DA:107,0
DA:108,0
DA:110,0
DA:111,0
DA:119,0
DA:127,0
DA:128,0
DA:131,0
DA:133,0
DA:134,0
DA:137,0
DA:141,0
DA:143,0
DA:145,0
DA:146,0
DA:148,0
DA:152,0
DA:159,0
DA:167,0
DA:171,0
DA:173,0
DA:175,0
DA:176,0
DA:177,0
DA:178,0
DA:182,0
DA:183,0
DA:184,0
DA:185,0
DA:187,0
DA:190,0
DA:191,0
DA:192,0
DA:195,0
LF:63
LH:0
BRDA:29,0,0,0
BRDA:29,0,1,0
BRDA:33,1,0,0
BRDA:33,1,1,0
BRDA:34,2,0,0
BRDA:34,2,1,0
BRDA:34,3,0,0
BRDA:34,3,1,0
BRDA:35,4,0,0
BRDA:35,4,1,0
BRDA:40,5,0,0
BRDA:40,5,1,0
BRDA:45,6,0,0
BRDA:45,6,1,0
BRDA:45,7,0,0
BRDA:45,7,1,0
BRDA:79,8,0,0
BRDA:79,8,1,0
BRDA:80,9,0,0
BRDA:80,9,1,0
BRDA:81,10,0,0
BRDA:81,10,1,0
BRDA:81,11,0,0
BRDA:81,11,1,0
BRDA:82,12,0,0
BRDA:82,12,1,0
BRDA:83,13,0,0
BRDA:83,13,1,0
BRDA:115,14,0,0
BRDA:115,14,1,0
BRDA:115,15,0,0
BRDA:115,15,1,0
BRDA:115,16,0,0
BRDA:115,16,1,0
BRDA:124,17,0,0
BRDA:125,18,0,0
BRDA:127,19,0,0
BRDA:127,19,1,0
BRDA:133,20,0,0
BRDA:133,20,1,0
BRDA:141,21,0,0
BRDA:141,21,1,0
BRDA:146,22,0,0
BRDA:146,22,1,0
BRDA:146,23,0,0
BRDA:146,23,1,0
BRDA:164,24,0,0
BRDA:164,24,1,0
BRDA:171,25,0,0
BRDA:171,26,0,0
BRDA:175,27,0,0
BRDA:175,27,1,0
BRDA:177,28,0,0
BRDA:177,28,1,0
BRDA:182,29,0,0
BRDA:182,29,1,0
BRDA:190,30,0,0
BRDA:190,30,1,0
BRF:58
BRH:0
end_of_record
TN:
SF:src/services/zeitraumService.ts
FN:65,(anonymous_0)
FN:67,(anonymous_1)
FN:80,(anonymous_2)
FN:87,(anonymous_3)
FN:94,(anonymous_4)
FN:101,(anonymous_5)
FN:113,(anonymous_6)
FN:120,(anonymous_7)
FN:122,(anonymous_8)
FN:130,(anonymous_9)
FN:150,(anonymous_10)
FN:154,(anonymous_11)
FN:172,(anonymous_12)
FNF:13
FNH:13
FNDA:1,(anonymous_0)
FNDA:36,(anonymous_1)
FNDA:1,(anonymous_2)
FNDA:1,(anonymous_3)
FNDA:1,(anonymous_4)
FNDA:12,(anonymous_5)
FNDA:1,(anonymous_6)
FNDA:3,(anonymous_7)
FNDA:42,(anonymous_8)
FNDA:5,(anonymous_9)
FNDA:3,(anonymous_10)
FNDA:7,(anonymous_11)
FNDA:11,(anonymous_12)
DA:22,1
DA:65,1
DA:66,1
DA:67,1
DA:68,36
DA:69,36
DA:70,36
DA:71,36
DA:73,1
DA:76,1
DA:81,1
DA:88,1
DA:95,1
DA:102,12
DA:103,12
DA:104,12
DA:105,10
DA:107,2
DA:114,1
DA:121,3
DA:122,3
DA:123,42
DA:131,5
DA:137,5
DA:138,5
DA:140,5
DA:141,0
DA:144,5
DA:147,5
DA:148,2
DA:149,2
DA:150,3
DA:153,2
DA:154,2
DA:155,7
DA:161,3
DA:168,3
DA:170,3
DA:171,2
DA:172,2
DA:173,11
DA:177,1
LF:42
LH:41
BRDA:69,0,0,36
BRDA:69,0,1,19
BRDA:103,1,0,12
BRDA:103,1,1,2
BRDA:140,2,0,0
BRDA:140,2,1,5
BRDA:140,3,0,5
BRDA:140,3,1,5
BRDA:147,4,0,2
BRDA:147,4,1,3
BRDA:153,5,0,2
BRDA:153,5,1,0
BRDA:154,6,0,2
BRDA:154,6,1,0
BRDA:155,7,0,7
BRDA:155,7,1,4
BRDA:170,8,0,2
BRDA:170,8,1,1
BRDA:172,9,0,2
BRDA:172,9,1,0
BRDA:173,10,0,11
BRDA:173,10,1,2
BRF:22
BRH:18
end_of_record
TN:
SF:src/utils/seedData.ts
FN:573,insertSeedData
FN:582,(anonymous_1)
FN:589,(anonymous_2)
FN:636,insertSeedDataWithProgress
FN:646,(anonymous_4)
FN:647,(anonymous_5)
FNF:6
FNH:0
FNDA:0,insertSeedData
FNDA:0,(anonymous_1)
FNDA:0,(anonymous_2)
FNDA:0,insertSeedDataWithProgress
FNDA:0,(anonymous_4)
FNDA:0,(anonymous_5)
DA:35,0
DA:115,0
DA:574,0
DA:576,0
DA:577,0
DA:580,0
DA:582,0
DA:589,0
DA:596,0
DA:600,0
DA:611,0
DA:612,0
DA:613,0
DA:616,0
DA:617,0
DA:618,0
DA:620,0
DA:627,0
DA:628,0
DA:639,0
DA:641,0
DA:642,0
DA:645,0
DA:646,0
DA:647,0
DA:650,0
DA:651,0
DA:653,0
DA:654,0
DA:656,0
DA:657,0
DA:660,0
DA:661,0
DA:668,0
DA:669,0
DA:671,0
DA:674,0
DA:678,0
LF:38
LH:0
BRDA:576,0,0,0
BRDA:576,0,1,0
BRDA:585,1,0,0
BRDA:585,1,1,0
BRDA:592,2,0,0
BRDA:592,2,1,0
BRDA:611,3,0,0
BRDA:611,3,1,0
BRDA:616,4,0,0
BRDA:616,4,1,0
BRDA:624,5,0,0
BRDA:624,5,1,0
BRDA:641,6,0,0
BRDA:641,6,1,0
BRDA:646,7,0,0
BRDA:646,7,1,0
BRDA:647,8,0,0
BRDA:647,8,1,0
BRDA:656,9,0,0
BRDA:656,9,1,0
BRDA:668,10,0,0
BRDA:668,10,1,0
BRF:22
BRH:0
end_of_record
TN:
SF:src/utils/taskTimestamps.ts
FN:62,mapTaskToTimeWindow
FN:76,groupTasksByTimeWindow
FN:86,(anonymous_2)
FN:96,getTimeWindowLabel
FNF:4
FNH:0
FNDA:0,mapTaskToTimeWindow
FNDA:0,groupTasksByTimeWindow
FNDA:0,(anonymous_2)
FNDA:0,getTimeWindowLabel
DA:19,0
DA:34,0
DA:50,0
DA:63,0
DA:64,0
DA:66,0
DA:77,0
DA:86,0
DA:87,0
DA:90,0
DA:97,0
DA:104,0
LF:12
LH:0
BRDA:68,0,0,0
BRDA:68,0,1,0
BRDA:69,1,0,0
BRDA:69,1,1,0
BRDA:97,2,0,0
BRDA:97,2,1,0
BRF:6
BRH:0
end_of_record
TN:
SF:src/utils/zeitraumUtils.tsx
FN:22,getJahreszeit
FN:33,getPhase
FN:44,getAktuelleSaison
FN:90,getZeitraumFromJahreszeitPhase
FN:118,getZeitraumLabel
FN:125,getZeitraumShortLabel
FN:132,getZeitraumIcon
FN:146,getZeitraumIconComponent
FN:160,getJahreszeitLabel
FN:167,getPhaseLabel
FN:174,isRelevantForCurrentPhase
FN:185,sortZeitraeume
FN:203,(anonymous_12)
FNF:13
FNH:12
FNDA:34,getJahreszeit
FNDA:14,getPhase
FNDA:0,getAktuelleSaison
FNDA:12,getZeitraumFromJahreszeitPhase
FNDA:3,getZeitraumLabel
FNDA:14,getZeitraumShortLabel
FNDA:20,getZeitraumIcon
FNDA:14,getZeitraumIconComponent
FNDA:4,getJahreszeitLabel
FNDA:3,getPhaseLabel
FNDA:2,isRelevantForCurrentPhase
FNDA:3,sortZeitraeume
FNDA:7,(anonymous_12)
DA:23,34
DA:24,17
DA:25,12
DA:26,8
DA:27,4
DA:34,14
DA:35,10
DA:36,6
DA:37,2
DA:45,0
DA:46,0
DA:52,0
DA:53,0
DA:55,0
DA:56,0
DA:57,0
DA:60,0
DA:61,0
DA:63,0
DA:64,0
DA:65,0
DA:68,0
DA:69,0
DA:71,0
DA:72,0
DA:73,0
DA:77,0
DA:79,0
DA:80,0
DA:81,0
DA:84,0
DA:94,12
DA:95,12
DA:97,12
DA:112,12
DA:119,3
DA:126,14
DA:133,20
DA:134,20
DA:135,18
DA:137,2
DA:138,1
DA:140,1
DA:147,14
DA:148,14
DA:161,4
DA:168,3
DA:175,2
DA:176,2
DA:178,0
DA:179,0
DA:186,3
DA:203,7
LF:53
LH:29
BRDA:23,0,0,17
BRDA:23,0,1,17
BRDA:24,1,0,5
BRDA:24,1,1,12
BRDA:25,2,0,4
BRDA:25,2,1,8
BRDA:26,3,0,4
BRDA:26,3,1,4
BRDA:34,4,0,4
BRDA:34,4,1,10
BRDA:35,5,0,4
BRDA:35,5,1,6
BRDA:36,6,0,4
BRDA:36,6,1,2
BRDA:52,7,0,0
BRDA:52,7,1,0
BRDA:52,8,0,0
BRDA:52,8,1,0
BRDA:55,9,0,0
BRDA:55,9,1,0
BRDA:56,10,0,0
BRDA:56,10,1,0
BRDA:60,11,0,0
BRDA:60,11,1,0
BRDA:60,12,0,0
BRDA:60,12,1,0
BRDA:63,13,0,0
BRDA:63,13,1,0
BRDA:63,14,0,0
BRDA:63,14,1,0
BRDA:63,14,2,0
BRDA:64,15,0,0
BRDA:64,15,1,0
BRDA:64,16,0,0
BRDA:64,16,1,0
BRDA:68,17,0,0
BRDA:68,17,1,0
BRDA:68,18,0,0
BRDA:68,18,1,0
BRDA:71,19,0,0
BRDA:71,19,1,0
BRDA:72,20,0,0
BRDA:72,20,1,0
BRDA:79,21,0,0
BRDA:79,21,1,0
BRDA:80,22,0,0
BRDA:80,22,1,0
BRDA:80,23,0,0
BRDA:80,23,1,0
BRDA:80,23,2,0
BRDA:112,24,0,12
BRDA:112,24,1,0
BRDA:119,25,0,3
BRDA:119,25,1,0
BRDA:126,26,0,14
BRDA:126,26,1,0
BRDA:134,27,0,18
BRDA:134,27,1,2
BRDA:137,28,0,1
BRDA:137,28,1,1
BRDA:151,29,0,14
BRDA:151,29,1,1
BRDA:152,30,0,14
BRDA:152,30,1,1
BRDA:161,31,0,4
BRDA:161,31,1,0
BRDA:168,32,0,3
BRDA:168,32,1,0
BRDA:175,33,0,2
BRDA:175,33,1,0
BRDA:175,34,0,2
BRDA:175,34,1,1
BRDA:203,35,0,7
BRDA:203,35,1,0
BRDA:203,36,0,7
BRDA:203,36,1,0
BRF:76
BRH:32
end_of_record
